
TIMING RUN 1

--------------------------------------------------------------------------
WARNING: There was an error initializing an OpenFabrics device.

  Local host:   medusa01
  Local device: mlx4_0
--------------------------------------------------------------------------
Generations: 10
Total Number of Vessels: 2046
Sequential Network Generation Time: 0.000238884 seconds
Sequential Export Time: 0.00437617 seconds
-- Total Network Generation Time: 0.00480632 seconds

TIMING RUN 2

--------------------------------------------------------------------------
WARNING: There was an error initializing an OpenFabrics device.

  Local host:   medusa01
  Local device: mlx4_0
--------------------------------------------------------------------------
Generations: 10
Total Number of Vessels: 2046
Sequential Network Generation Time: 0.000247392 seconds
Sequential Export Time: 0.00480809 seconds
-- Total Network Generation Time: 0.00526923 seconds

TIMING RUN 3

--------------------------------------------------------------------------
WARNING: There was an error initializing an OpenFabrics device.

  Local host:   medusa01
  Local device: mlx4_0
--------------------------------------------------------------------------
Generations: 10
Total Number of Vessels: 2046
Sequential Network Generation Time: 0.000236595 seconds
Sequential Export Time: 0.00438273 seconds
-- Total Network Generation Time: 0.00483226 seconds

TIMING RUN 4

--------------------------------------------------------------------------
WARNING: There was an error initializing an OpenFabrics device.

  Local host:   medusa01
  Local device: mlx4_0
--------------------------------------------------------------------------
Generations: 10
Total Number of Vessels: 2046
Sequential Network Generation Time: 0.000244844 seconds
Sequential Export Time: 0.00393872 seconds
-- Total Network Generation Time: 0.00439329 seconds

TIMING RUN 5

--------------------------------------------------------------------------
WARNING: There was an error initializing an OpenFabrics device.

  Local host:   medusa01
  Local device: mlx4_0
--------------------------------------------------------------------------
Generations: 10
Total Number of Vessels: 2046
Sequential Network Generation Time: 0.000242403 seconds
Sequential Export Time: 0.0044805 seconds
-- Total Network Generation Time: 0.00493778 seconds
