
TIMING RUN 1

--------------------------------------------------------------------------
WARNING: There was an error initializing an OpenFabrics device.

  Local host:   medusa01
  Local device: mlx4_0
--------------------------------------------------------------------------
Generations: 11
Total Number of Vessels: 4094
Sequential Network Generation Time: 0.000465072 seconds
Sequential Export Time: 0.00479751 seconds
-- Total Network Generation Time: 0.00563721 seconds

TIMING RUN 2

--------------------------------------------------------------------------
WARNING: There was an error initializing an OpenFabrics device.

  Local host:   medusa01
  Local device: mlx4_0
--------------------------------------------------------------------------
Generations: 11
Total Number of Vessels: 4094
Sequential Network Generation Time: 0.000479912 seconds
Sequential Export Time: 0.00464616 seconds
-- Total Network Generation Time: 0.0055032 seconds

TIMING RUN 3

--------------------------------------------------------------------------
WARNING: There was an error initializing an OpenFabrics device.

  Local host:   medusa01
  Local device: mlx4_0
--------------------------------------------------------------------------
Generations: 11
Total Number of Vessels: 4094
Sequential Network Generation Time: 0.000487898 seconds
Sequential Export Time: 0.00436617 seconds
-- Total Network Generation Time: 0.00521522 seconds

TIMING RUN 4

--------------------------------------------------------------------------
WARNING: There was an error initializing an OpenFabrics device.

  Local host:   medusa01
  Local device: mlx4_0
--------------------------------------------------------------------------
Generations: 11
Total Number of Vessels: 4094
Sequential Network Generation Time: 0.000481317 seconds
Sequential Export Time: 0.00441498 seconds
-- Total Network Generation Time: 0.00528195 seconds

TIMING RUN 5

--------------------------------------------------------------------------
WARNING: There was an error initializing an OpenFabrics device.

  Local host:   medusa01
  Local device: mlx4_0
--------------------------------------------------------------------------
Generations: 11
Total Number of Vessels: 4094
Sequential Network Generation Time: 0.000505158 seconds
Sequential Export Time: 0.00442041 seconds
-- Total Network Generation Time: 0.00529673 seconds
