
TIMING RUN 1

--------------------------------------------------------------------------
WARNING: There was an error initializing an OpenFabrics device.

  Local host:   medusa01
  Local device: mlx4_0
--------------------------------------------------------------------------
Generations: 12
Total Number of Vessels: 8190
Sequential Network Generation Time: 0.000971569 seconds
Sequential Export Time: 0.00556064 seconds
-- Total Network Generation Time: 0.0072545 seconds

TIMING RUN 2

--------------------------------------------------------------------------
WARNING: There was an error initializing an OpenFabrics device.

  Local host:   medusa01
  Local device: mlx4_0
--------------------------------------------------------------------------
Generations: 12
Total Number of Vessels: 8190
Sequential Network Generation Time: 0.000988587 seconds
Sequential Export Time: 0.00528207 seconds
-- Total Network Generation Time: 0.00697854 seconds

TIMING RUN 3

--------------------------------------------------------------------------
WARNING: There was an error initializing an OpenFabrics device.

  Local host:   medusa01
  Local device: mlx4_0
--------------------------------------------------------------------------
Generations: 12
Total Number of Vessels: 8190
Sequential Network Generation Time: 0.00100543 seconds
Sequential Export Time: 0.00555261 seconds
-- Total Network Generation Time: 0.0072456 seconds

TIMING RUN 4

--------------------------------------------------------------------------
WARNING: There was an error initializing an OpenFabrics device.

  Local host:   medusa01
  Local device: mlx4_0
--------------------------------------------------------------------------
Generations: 12
Total Number of Vessels: 8190
Sequential Network Generation Time: 0.00106084 seconds
Sequential Export Time: 0.00542959 seconds
-- Total Network Generation Time: 0.00721013 seconds

TIMING RUN 5

--------------------------------------------------------------------------
WARNING: There was an error initializing an OpenFabrics device.

  Local host:   medusa01
  Local device: mlx4_0
--------------------------------------------------------------------------
Generations: 12
Total Number of Vessels: 8190
Sequential Network Generation Time: 0.000984666 seconds
Sequential Export Time: 0.00571533 seconds
-- Total Network Generation Time: 0.00743628 seconds
