
TIMING RUN 1

--------------------------------------------------------------------------
WARNING: There was an error initializing an OpenFabrics device.

  Local host:   medusa01
  Local device: mlx4_0
--------------------------------------------------------------------------
Generations: 13
Total Number of Vessels: 16382
Sequential Network Generation Time: 0.00187788 seconds
Sequential Export Time: 0.00709593 seconds
-- Total Network Generation Time: 0.0104007 seconds

TIMING RUN 2

--------------------------------------------------------------------------
WARNING: There was an error initializing an OpenFabrics device.

  Local host:   medusa01
  Local device: mlx4_0
--------------------------------------------------------------------------
Generations: 13
Total Number of Vessels: 16382
Sequential Network Generation Time: 0.00189624 seconds
Sequential Export Time: 0.00751064 seconds
-- Total Network Generation Time: 0.010878 seconds

TIMING RUN 3

--------------------------------------------------------------------------
WARNING: There was an error initializing an OpenFabrics device.

  Local host:   medusa01
  Local device: mlx4_0
--------------------------------------------------------------------------
Generations: 13
Total Number of Vessels: 16382
Sequential Network Generation Time: 0.00192913 seconds
Sequential Export Time: 0.00723439 seconds
-- Total Network Generation Time: 0.0105355 seconds

TIMING RUN 4

--------------------------------------------------------------------------
WARNING: There was an error initializing an OpenFabrics device.

  Local host:   medusa01
  Local device: mlx4_0
--------------------------------------------------------------------------
Generations: 13
Total Number of Vessels: 16382
Sequential Network Generation Time: 0.00193925 seconds
Sequential Export Time: 0.00687825 seconds
-- Total Network Generation Time: 0.0102272 seconds

TIMING RUN 5

--------------------------------------------------------------------------
WARNING: There was an error initializing an OpenFabrics device.

  Local host:   medusa01
  Local device: mlx4_0
--------------------------------------------------------------------------
Generations: 13
Total Number of Vessels: 16382
Sequential Network Generation Time: 0.00191735 seconds
Sequential Export Time: 0.00652119 seconds
-- Total Network Generation Time: 0.00980202 seconds
