
TIMING RUN 1

--------------------------------------------------------------------------
WARNING: There was an error initializing an OpenFabrics device.

  Local host:   medusa01
  Local device: mlx4_0
--------------------------------------------------------------------------
Generations: 14
Total Number of Vessels: 32766
Sequential Network Generation Time: 0.0037493 seconds
Sequential Export Time: 0.0152319 seconds
-- Total Network Generation Time: 0.0202501 seconds

TIMING RUN 2

--------------------------------------------------------------------------
WARNING: There was an error initializing an OpenFabrics device.

  Local host:   medusa01
  Local device: mlx4_0
--------------------------------------------------------------------------
Generations: 14
Total Number of Vessels: 32766
Sequential Network Generation Time: 0.00374491 seconds
Sequential Export Time: 0.00885683 seconds
-- Total Network Generation Time: 0.0145852 seconds

TIMING RUN 3

--------------------------------------------------------------------------
WARNING: There was an error initializing an OpenFabrics device.

  Local host:   medusa01
  Local device: mlx4_0
--------------------------------------------------------------------------
Generations: 14
Total Number of Vessels: 32766
Sequential Network Generation Time: 0.00380573 seconds
Sequential Export Time: 0.00933873 seconds
-- Total Network Generation Time: 0.015192 seconds

TIMING RUN 4

--------------------------------------------------------------------------
WARNING: There was an error initializing an OpenFabrics device.

  Local host:   medusa01
  Local device: mlx4_0
--------------------------------------------------------------------------
Generations: 14
Total Number of Vessels: 32766
Sequential Network Generation Time: 0.00379128 seconds
Sequential Export Time: 0.00899997 seconds
-- Total Network Generation Time: 0.0147668 seconds

TIMING RUN 5

--------------------------------------------------------------------------
WARNING: There was an error initializing an OpenFabrics device.

  Local host:   medusa01
  Local device: mlx4_0
--------------------------------------------------------------------------
Generations: 14
Total Number of Vessels: 32766
Sequential Network Generation Time: 0.00388337 seconds
Sequential Export Time: 0.00896853 seconds
-- Total Network Generation Time: 0.0148374 seconds
