
TIMING RUN 1

--------------------------------------------------------------------------
WARNING: There was an error initializing an OpenFabrics device.

  Local host:   medusa01
  Local device: mlx4_0
--------------------------------------------------------------------------
Generations: 17
Total Number of Vessels: 262142
Sequential Network Generation Time: 0.0290087 seconds
Sequential Export Time: 0.034125 seconds
-- Total Network Generation Time: 0.0732894 seconds

TIMING RUN 2

--------------------------------------------------------------------------
WARNING: There was an error initializing an OpenFabrics device.

  Local host:   medusa01
  Local device: mlx4_0
--------------------------------------------------------------------------
Generations: 17
Total Number of Vessels: 262142
Sequential Network Generation Time: 0.0289336 seconds
Sequential Export Time: 0.0347467 seconds
-- Total Network Generation Time: 0.0733827 seconds

TIMING RUN 3

--------------------------------------------------------------------------
WARNING: There was an error initializing an OpenFabrics device.

  Local host:   medusa01
  Local device: mlx4_0
--------------------------------------------------------------------------
Generations: 17
Total Number of Vessels: 262142
Sequential Network Generation Time: 0.0296781 seconds
Sequential Export Time: 0.0350716 seconds
-- Total Network Generation Time: 0.0748037 seconds

TIMING RUN 4

--------------------------------------------------------------------------
WARNING: There was an error initializing an OpenFabrics device.

  Local host:   medusa01
  Local device: mlx4_0
--------------------------------------------------------------------------
Generations: 17
Total Number of Vessels: 262142
Sequential Network Generation Time: 0.0291708 seconds
Sequential Export Time: 0.0350829 seconds
-- Total Network Generation Time: 0.0741241 seconds

TIMING RUN 5

--------------------------------------------------------------------------
WARNING: There was an error initializing an OpenFabrics device.

  Local host:   medusa01
  Local device: mlx4_0
--------------------------------------------------------------------------
Generations: 17
Total Number of Vessels: 262142
Sequential Network Generation Time: 0.0289439 seconds
Sequential Export Time: 0.0358315 seconds
-- Total Network Generation Time: 0.0745088 seconds
