
TIMING RUN 1

--------------------------------------------------------------------------
WARNING: There was an error initializing an OpenFabrics device.

  Local host:   medusa01
  Local device: mlx4_0
--------------------------------------------------------------------------
Generations: 18
Total Number of Vessels: 524286
Sequential Network Generation Time: 0.0590491 seconds
Sequential Export Time: 0.0669501 seconds
-- Total Network Generation Time: 0.144783 seconds

TIMING RUN 2

--------------------------------------------------------------------------
WARNING: There was an error initializing an OpenFabrics device.

  Local host:   medusa01
  Local device: mlx4_0
--------------------------------------------------------------------------
Generations: 18
Total Number of Vessels: 524286
Sequential Network Generation Time: 0.0584538 seconds
Sequential Export Time: 0.07008 seconds
-- Total Network Generation Time: 0.147233 seconds

TIMING RUN 3

--------------------------------------------------------------------------
WARNING: There was an error initializing an OpenFabrics device.

  Local host:   medusa01
  Local device: mlx4_0
--------------------------------------------------------------------------
Generations: 18
Total Number of Vessels: 524286
Sequential Network Generation Time: 0.0585591 seconds
Sequential Export Time: 0.0682825 seconds
-- Total Network Generation Time: 0.145383 seconds

TIMING RUN 4

--------------------------------------------------------------------------
WARNING: There was an error initializing an OpenFabrics device.

  Local host:   medusa01
  Local device: mlx4_0
--------------------------------------------------------------------------
Generations: 18
Total Number of Vessels: 524286
Sequential Network Generation Time: 0.0587018 seconds
Sequential Export Time: 0.0681838 seconds
-- Total Network Generation Time: 0.145512 seconds

TIMING RUN 5

--------------------------------------------------------------------------
WARNING: There was an error initializing an OpenFabrics device.

  Local host:   medusa01
  Local device: mlx4_0
--------------------------------------------------------------------------
Generations: 18
Total Number of Vessels: 524286
Sequential Network Generation Time: 0.058286 seconds
Sequential Export Time: 0.0676175 seconds
-- Total Network Generation Time: 0.144505 seconds
