
TIMING RUN 1

--------------------------------------------------------------------------
WARNING: There was an error initializing an OpenFabrics device.

  Local host:   medusa01
  Local device: mlx4_0
--------------------------------------------------------------------------
Generations: 20
Total Number of Vessels: 2.09715e+06
Sequential Network Generation Time: 0.236757 seconds
Sequential Export Time: 0.222984 seconds
-- Total Network Generation Time: 0.531661 seconds

TIMING RUN 2

--------------------------------------------------------------------------
WARNING: There was an error initializing an OpenFabrics device.

  Local host:   medusa01
  Local device: mlx4_0
--------------------------------------------------------------------------
Generations: 20
Total Number of Vessels: 2.09715e+06
Sequential Network Generation Time: 0.234346 seconds
Sequential Export Time: 0.232264 seconds
-- Total Network Generation Time: 0.538593 seconds

TIMING RUN 3

--------------------------------------------------------------------------
WARNING: There was an error initializing an OpenFabrics device.

  Local host:   medusa01
  Local device: mlx4_0
--------------------------------------------------------------------------
Generations: 20
Total Number of Vessels: 2.09715e+06
Sequential Network Generation Time: 0.235949 seconds
Sequential Export Time: 0.2304 seconds
-- Total Network Generation Time: 0.539327 seconds

TIMING RUN 4

--------------------------------------------------------------------------
WARNING: There was an error initializing an OpenFabrics device.

  Local host:   medusa01
  Local device: mlx4_0
--------------------------------------------------------------------------
Generations: 20
Total Number of Vessels: 2.09715e+06
Sequential Network Generation Time: 0.235389 seconds
Sequential Export Time: 0.23005 seconds
-- Total Network Generation Time: 0.537166 seconds

TIMING RUN 5

--------------------------------------------------------------------------
WARNING: There was an error initializing an OpenFabrics device.

  Local host:   medusa01
  Local device: mlx4_0
--------------------------------------------------------------------------
Generations: 20
Total Number of Vessels: 2.09715e+06
Sequential Network Generation Time: 0.237826 seconds
Sequential Export Time: 0.230165 seconds
-- Total Network Generation Time: 0.539763 seconds
