
TIMING RUN 1

--------------------------------------------------------------------------
WARNING: There was an error initializing an OpenFabrics device.

  Local host:   medusa01
  Local device: mlx4_0
--------------------------------------------------------------------------
Generations: 21
Total Number of Vessels: 4.1943e+06
Sequential Network Generation Time: 0.472527 seconds
Sequential Export Time: 0.478472 seconds
-- Total Network Generation Time: 1.09355 seconds

TIMING RUN 2

--------------------------------------------------------------------------
WARNING: There was an error initializing an OpenFabrics device.

  Local host:   medusa01
  Local device: mlx4_0
--------------------------------------------------------------------------
Generations: 21
Total Number of Vessels: 4.1943e+06
Sequential Network Generation Time: 0.501474 seconds
Sequential Export Time: 0.411718 seconds
-- Total Network Generation Time: 1.05829 seconds

TIMING RUN 3

--------------------------------------------------------------------------
WARNING: There was an error initializing an OpenFabrics device.

  Local host:   medusa01
  Local device: mlx4_0
--------------------------------------------------------------------------
Generations: 21
Total Number of Vessels: 4.1943e+06
Sequential Network Generation Time: 0.470748 seconds
Sequential Export Time: 0.477981 seconds
-- Total Network Generation Time: 1.09161 seconds

TIMING RUN 4

--------------------------------------------------------------------------
WARNING: There was an error initializing an OpenFabrics device.

  Local host:   medusa01
  Local device: mlx4_0
--------------------------------------------------------------------------
Generations: 21
Total Number of Vessels: 4.1943e+06
Sequential Network Generation Time: 0.469253 seconds
Sequential Export Time: 0.474073 seconds
-- Total Network Generation Time: 1.08594 seconds

TIMING RUN 5

--------------------------------------------------------------------------
WARNING: There was an error initializing an OpenFabrics device.

  Local host:   medusa01
  Local device: mlx4_0
--------------------------------------------------------------------------
Generations: 21
Total Number of Vessels: 4.1943e+06
Sequential Network Generation Time: 0.475755 seconds
Sequential Export Time: 0.47249 seconds
-- Total Network Generation Time: 1.09081 seconds
