
TIMING RUN 1

--------------------------------------------------------------------------
WARNING: There was an error initializing an OpenFabrics device.

  Local host:   medusa01
  Local device: mlx4_0
--------------------------------------------------------------------------
Generations: 22
Total Number of Vessels: 8.38861e+06
Sequential Network Generation Time: 0.947578 seconds
Sequential Export Time: 1.19882 seconds
-- Total Network Generation Time: 2.54486 seconds

TIMING RUN 2

--------------------------------------------------------------------------
WARNING: There was an error initializing an OpenFabrics device.

  Local host:   medusa01
  Local device: mlx4_0
--------------------------------------------------------------------------
Generations: 22
Total Number of Vessels: 8.38861e+06
Sequential Network Generation Time: 0.949721 seconds
Sequential Export Time: 1.23619 seconds
-- Total Network Generation Time: 2.58798 seconds

TIMING RUN 3

--------------------------------------------------------------------------
WARNING: There was an error initializing an OpenFabrics device.

  Local host:   medusa01
  Local device: mlx4_0
--------------------------------------------------------------------------
Generations: 22
Total Number of Vessels: 8.38861e+06
Sequential Network Generation Time: 0.955456 seconds
Sequential Export Time: 1.22993 seconds
-- Total Network Generation Time: 2.58265 seconds

TIMING RUN 4

--------------------------------------------------------------------------
WARNING: There was an error initializing an OpenFabrics device.

  Local host:   medusa01
  Local device: mlx4_0
--------------------------------------------------------------------------
Generations: 22
Total Number of Vessels: 8.38861e+06
Sequential Network Generation Time: 0.943872 seconds
Sequential Export Time: 1.22311 seconds
-- Total Network Generation Time: 2.5604 seconds

TIMING RUN 5

--------------------------------------------------------------------------
WARNING: There was an error initializing an OpenFabrics device.

  Local host:   medusa01
  Local device: mlx4_0
--------------------------------------------------------------------------
Generations: 22
Total Number of Vessels: 8.38861e+06
Sequential Network Generation Time: 0.95089 seconds
Sequential Export Time: 1.20841 seconds
-- Total Network Generation Time: 2.55543 seconds
