
TIMING RUN 1

--------------------------------------------------------------------------
WARNING: There was an error initializing an OpenFabrics device.

  Local host:   medusa01
  Local device: mlx4_0
--------------------------------------------------------------------------
Generations: 23
Total Number of Vessels: 1.67772e+07
Sequential Network Generation Time: 1.86985 seconds
Sequential Export Time: 1.82989 seconds
-- Total Network Generation Time: 4.26689 seconds

TIMING RUN 2

--------------------------------------------------------------------------
WARNING: There was an error initializing an OpenFabrics device.

  Local host:   medusa01
  Local device: mlx4_0
--------------------------------------------------------------------------
Generations: 23
Total Number of Vessels: 1.67772e+07
Sequential Network Generation Time: 1.86942 seconds
Sequential Export Time: 2.01478 seconds
-- Total Network Generation Time: 4.45113 seconds

TIMING RUN 3

--------------------------------------------------------------------------
WARNING: There was an error initializing an OpenFabrics device.

  Local host:   medusa01
  Local device: mlx4_0
--------------------------------------------------------------------------
Generations: 23
Total Number of Vessels: 1.67772e+07
Sequential Network Generation Time: 1.8685 seconds
Sequential Export Time: 2.21347 seconds
-- Total Network Generation Time: 4.64865 seconds

TIMING RUN 4

--------------------------------------------------------------------------
WARNING: There was an error initializing an OpenFabrics device.

  Local host:   medusa01
  Local device: mlx4_0
--------------------------------------------------------------------------
Generations: 23
Total Number of Vessels: 1.67772e+07
Sequential Network Generation Time: 1.87073 seconds
Sequential Export Time: 2.10484 seconds
-- Total Network Generation Time: 4.5419 seconds

TIMING RUN 5

--------------------------------------------------------------------------
WARNING: There was an error initializing an OpenFabrics device.

  Local host:   medusa01
  Local device: mlx4_0
--------------------------------------------------------------------------
Generations: 23
Total Number of Vessels: 1.67772e+07
Sequential Network Generation Time: 1.87376 seconds
Sequential Export Time: 1.98776 seconds
-- Total Network Generation Time: 4.42823 seconds
