
TIMING RUN 1

--------------------------------------------------------------------------
WARNING: There was an error initializing an OpenFabrics device.

  Local host:   medusa01
  Local device: mlx4_0
--------------------------------------------------------------------------
Generations: 24
Total Number of Vessels: 3.35544e+07
Sequential Network Generation Time: 3.74 seconds
Sequential Export Time: 3.83445 seconds
-- Total Network Generation Time: 8.70696 seconds

TIMING RUN 2

--------------------------------------------------------------------------
WARNING: There was an error initializing an OpenFabrics device.

  Local host:   medusa01
  Local device: mlx4_0
--------------------------------------------------------------------------
Generations: 24
Total Number of Vessels: 3.35544e+07
Sequential Network Generation Time: 3.74259 seconds
Sequential Export Time: 3.96355 seconds
-- Total Network Generation Time: 8.85017 seconds

TIMING RUN 3

--------------------------------------------------------------------------
WARNING: There was an error initializing an OpenFabrics device.

  Local host:   medusa01
  Local device: mlx4_0
--------------------------------------------------------------------------
Generations: 24
Total Number of Vessels: 3.35544e+07
Sequential Network Generation Time: 4.00277 seconds
Sequential Export Time: 4.22315 seconds
-- Total Network Generation Time: 9.39167 seconds

TIMING RUN 4

--------------------------------------------------------------------------
WARNING: There was an error initializing an OpenFabrics device.

  Local host:   medusa01
  Local device: mlx4_0
--------------------------------------------------------------------------
Generations: 24
Total Number of Vessels: 3.35544e+07
Sequential Network Generation Time: 3.74582 seconds
Sequential Export Time: 4.16219 seconds
-- Total Network Generation Time: 9.043 seconds

TIMING RUN 5

--------------------------------------------------------------------------
WARNING: There was an error initializing an OpenFabrics device.

  Local host:   medusa01
  Local device: mlx4_0
--------------------------------------------------------------------------
Generations: 24
Total Number of Vessels: 3.35544e+07
Sequential Network Generation Time: 3.75661 seconds
Sequential Export Time: 3.90771 seconds
-- Total Network Generation Time: 8.7968 seconds
