
TIMING RUN 1

--------------------------------------------------------------------------
WARNING: There was an error initializing an OpenFabrics device.

  Local host:   medusa01
  Local device: mlx4_0
--------------------------------------------------------------------------
Generations: 27
Total Number of Vessels: 2.68435e+08
Sequential Network Generation Time: 31.0535 seconds
Sequential Export Time: 33.3222 seconds
-- Total Network Generation Time: 73.6626 seconds

TIMING RUN 2

--------------------------------------------------------------------------
WARNING: There was an error initializing an OpenFabrics device.

  Local host:   medusa01
  Local device: mlx4_0
--------------------------------------------------------------------------
Generations: 27
Total Number of Vessels: 2.68435e+08
Sequential Network Generation Time: 39.751 seconds
Sequential Export Time: 36.9855 seconds
-- Total Network Generation Time: 95.0607 seconds

TIMING RUN 3

--------------------------------------------------------------------------
WARNING: There was an error initializing an OpenFabrics device.

  Local host:   medusa01
  Local device: mlx4_0
--------------------------------------------------------------------------
Generations: 27
Total Number of Vessels: 2.68435e+08
Sequential Network Generation Time: 34.8824 seconds
Sequential Export Time: 35.3739 seconds
-- Total Network Generation Time: 83.4009 seconds

TIMING RUN 4

--------------------------------------------------------------------------
WARNING: There was an error initializing an OpenFabrics device.

  Local host:   medusa01
  Local device: mlx4_0
--------------------------------------------------------------------------
Generations: 27
Total Number of Vessels: 2.68435e+08
Sequential Network Generation Time: 29.9212 seconds
Sequential Export Time: 35.954 seconds
-- Total Network Generation Time: 74.8991 seconds

TIMING RUN 5

--------------------------------------------------------------------------
WARNING: There was an error initializing an OpenFabrics device.

  Local host:   medusa01
  Local device: mlx4_0
--------------------------------------------------------------------------
Generations: 27
Total Number of Vessels: 2.68435e+08
Sequential Network Generation Time: 29.9728 seconds
Sequential Export Time: 36.1592 seconds
-- Total Network Generation Time: 75.2632 seconds
