
TIMING RUN 1

--------------------------------------------------------------------------
WARNING: There was an error initializing an OpenFabrics device.

  Local host:   medusa09
  Local device: mlx4_0
--------------------------------------------------------------------------
--------------------------------------------------------------------------
WARNING: There was an error initializing an OpenFabrics device.

  Local host:   medusa10
  Local device: mlx4_0
--------------------------------------------------------------------------
Generations: 28
Total Number of Vessels: 5.36871e+08
Root Num Levels = 2
Sub Num Levels = 26
-- Root Network Generation Time: 2.7192e-05 seconds
-- Root Network Export Time: 0.0441225 seconds
-- Sub Network Generation Time: 43.0189 seconds
-- Sub Network Sort Time: 1.53e-07 seconds
-- Sub Network Export Time: 70.205 seconds
-- Total Network Generation Time: 118.979 seconds

TIMING RUN 2

--------------------------------------------------------------------------
WARNING: There was an error initializing an OpenFabrics device.

  Local host:   medusa09
  Local device: mlx4_0
--------------------------------------------------------------------------
--------------------------------------------------------------------------
WARNING: There was an error initializing an OpenFabrics device.

  Local host:   medusa10
  Local device: mlx4_0
--------------------------------------------------------------------------
Generations: 28
Total Number of Vessels: 5.36871e+08
Root Num Levels = 2
Sub Num Levels = 26
-- Root Network Generation Time: 2.3019e-05 seconds
-- Root Network Export Time: 0.319318 seconds
-- Sub Network Generation Time: 42.1044 seconds
-- Sub Network Sort Time: 2.13e-07 seconds
-- Sub Network Export Time: 72.0252 seconds
-- Total Network Generation Time: 120.141 seconds

TIMING RUN 3

--------------------------------------------------------------------------
WARNING: There was an error initializing an OpenFabrics device.

  Local host:   medusa10
  Local device: mlx4_0
--------------------------------------------------------------------------
--------------------------------------------------------------------------
WARNING: There was an error initializing an OpenFabrics device.

  Local host:   medusa09
  Local device: mlx4_0
--------------------------------------------------------------------------
Generations: 28
Total Number of Vessels: 5.36871e+08
Root Num Levels = 2
Sub Num Levels = 26
-- Root Network Generation Time: 1.8731e-05 seconds
-- Root Network Export Time: 0.339002 seconds
-- Sub Network Generation Time: 42.1316 seconds
-- Sub Network Sort Time: 1.66e-07 seconds
-- Sub Network Export Time: 71.4003 seconds
-- Total Network Generation Time: 119.58 seconds

TIMING RUN 4

--------------------------------------------------------------------------
WARNING: There was an error initializing an OpenFabrics device.

  Local host:   medusa09
  Local device: mlx4_0
--------------------------------------------------------------------------
--------------------------------------------------------------------------
WARNING: There was an error initializing an OpenFabrics device.

  Local host:   medusa10
  Local device: mlx4_0
--------------------------------------------------------------------------
Generations: 28
Total Number of Vessels: 5.36871e+08
Root Num Levels = 2
Sub Num Levels = 26
-- Root Network Generation Time: 2.5106e-05 seconds
-- Root Network Export Time: 0.334218 seconds
-- Sub Network Generation Time: 43.9406 seconds
-- Sub Network Sort Time: 1.99e-07 seconds
-- Sub Network Export Time: 72.1481 seconds
-- Total Network Generation Time: 123.139 seconds

TIMING RUN 5

--------------------------------------------------------------------------
WARNING: There was an error initializing an OpenFabrics device.

  Local host:   medusa09
  Local device: mlx4_0
--------------------------------------------------------------------------
--------------------------------------------------------------------------
WARNING: There was an error initializing an OpenFabrics device.

  Local host:   medusa10
  Local device: mlx4_0
--------------------------------------------------------------------------
Generations: 28
Total Number of Vessels: 5.36871e+08
Root Num Levels = 2
Sub Num Levels = 26
-- Root Network Generation Time: 2.1818e-05 seconds
-- Root Network Export Time: 0.246975 seconds
-- Sub Network Generation Time: 42.148 seconds
-- Sub Network Sort Time: 2e-07 seconds
-- Sub Network Export Time: 70.7156 seconds
-- Total Network Generation Time: 118.748 seconds
