
TIMING RUN 1

--------------------------------------------------------------------------
WARNING: There was an error initializing an OpenFabrics device.

  Local host:   medusa00
  Local device: mlx4_0
--------------------------------------------------------------------------
--------------------------------------------------------------------------
WARNING: There was an error initializing an OpenFabrics device.

  Local host:   medusa09
  Local device: mlx4_0
--------------------------------------------------------------------------
--------------------------------------------------------------------------
WARNING: There was an error initializing an OpenFabrics device.

  Local host:   medusa11
  Local device: mlx4_0
--------------------------------------------------------------------------
--------------------------------------------------------------------------
WARNING: There was an error initializing an OpenFabrics device.

  Local host:   medusa12
  Local device: mlx4_0
--------------------------------------------------------------------------
--------------------------------------------------------------------------
WARNING: There was an error initializing an OpenFabrics device.

  Local host:   medusa10
  Local device: mlx4_0
--------------------------------------------------------------------------
--------------------------------------------------------------------------
WARNING: There was an error initializing an OpenFabrics device.

  Local host:   medusa13
  Local device: mlx4_0
--------------------------------------------------------------------------
--------------------------------------------------------------------------
WARNING: There was an error initializing an OpenFabrics device.

  Local host:   medusa15
  Local device: mlx4_0
--------------------------------------------------------------------------
--------------------------------------------------------------------------
WARNING: There was an error initializing an OpenFabrics device.

  Local host:   medusa14
  Local device: mlx4_0
--------------------------------------------------------------------------
Generations: 29
Total Number of Vessels: 1.07374e+09
Root Num Levels = 4
Sub Num Levels = 25
-- Root Network Generation Time: 4.2807e-05 seconds
-- Root Network Export Time: 0.705371 seconds
-- Sub Network Generation Time: 38.3296 seconds
-- Sub Network Sort Time: 1.45e-07 seconds
-- Sub Network Export Time: 122.096 seconds
-- Total Network Generation Time: 172.695 seconds

TIMING RUN 2

--------------------------------------------------------------------------
WARNING: There was an error initializing an OpenFabrics device.

  Local host:   medusa15
  Local device: mlx4_0
--------------------------------------------------------------------------
--------------------------------------------------------------------------
WARNING: There was an error initializing an OpenFabrics device.

  Local host:   medusa14
  Local device: mlx4_0
--------------------------------------------------------------------------
--------------------------------------------------------------------------
WARNING: There was an error initializing an OpenFabrics device.

  Local host:   medusa13
  Local device: mlx4_0
--------------------------------------------------------------------------
--------------------------------------------------------------------------
WARNING: There was an error initializing an OpenFabrics device.

  Local host:   medusa11
  Local device: mlx4_0
--------------------------------------------------------------------------
--------------------------------------------------------------------------
WARNING: There was an error initializing an OpenFabrics device.

  Local host:   medusa09
  Local device: mlx4_0
--------------------------------------------------------------------------
--------------------------------------------------------------------------
WARNING: There was an error initializing an OpenFabrics device.

  Local host:   medusa00
  Local device: mlx4_0
--------------------------------------------------------------------------
--------------------------------------------------------------------------
WARNING: There was an error initializing an OpenFabrics device.

  Local host:   medusa10
  Local device: mlx4_0
--------------------------------------------------------------------------
--------------------------------------------------------------------------
WARNING: There was an error initializing an OpenFabrics device.

  Local host:   medusa12
  Local device: mlx4_0
--------------------------------------------------------------------------
Generations: 29
Total Number of Vessels: 1.07374e+09
Root Num Levels = 4
Sub Num Levels = 25
-- Root Network Generation Time: 3.6841e-05 seconds
-- Root Network Export Time: 0.644655 seconds
-- Sub Network Generation Time: 38.4766 seconds
-- Sub Network Sort Time: 1.6e-07 seconds
-- Sub Network Export Time: 116.185 seconds
-- Total Network Generation Time: 167.418 seconds

TIMING RUN 3

--------------------------------------------------------------------------
WARNING: There was an error initializing an OpenFabrics device.

  Local host:   medusa11
  Local device: mlx4_0
--------------------------------------------------------------------------
--------------------------------------------------------------------------
WARNING: There was an error initializing an OpenFabrics device.

  Local host:   medusa13
  Local device: mlx4_0
--------------------------------------------------------------------------
--------------------------------------------------------------------------
WARNING: There was an error initializing an OpenFabrics device.

  Local host:   medusa10
  Local device: mlx4_0
--------------------------------------------------------------------------
--------------------------------------------------------------------------
WARNING: There was an error initializing an OpenFabrics device.

  Local host:   medusa00
  Local device: mlx4_0
--------------------------------------------------------------------------
--------------------------------------------------------------------------
WARNING: There was an error initializing an OpenFabrics device.

  Local host:   medusa14
  Local device: mlx4_0
--------------------------------------------------------------------------
--------------------------------------------------------------------------
WARNING: There was an error initializing an OpenFabrics device.

  Local host:   medusa09
  Local device: mlx4_0
--------------------------------------------------------------------------
--------------------------------------------------------------------------
WARNING: There was an error initializing an OpenFabrics device.

  Local host:   medusa15
  Local device: mlx4_0
--------------------------------------------------------------------------
--------------------------------------------------------------------------
WARNING: There was an error initializing an OpenFabrics device.

  Local host:   medusa12
  Local device: mlx4_0
--------------------------------------------------------------------------
Generations: 29
Total Number of Vessels: 1.07374e+09
Root Num Levels = 4
Sub Num Levels = 25
-- Root Network Generation Time: 3.191e-05 seconds
-- Root Network Export Time: 0.646772 seconds
-- Sub Network Generation Time: 38.5292 seconds
-- Sub Network Sort Time: 1.4e-07 seconds
-- Sub Network Export Time: 116.581 seconds
-- Total Network Generation Time: 167.54 seconds

TIMING RUN 4

--------------------------------------------------------------------------
WARNING: There was an error initializing an OpenFabrics device.

  Local host:   medusa15
  Local device: mlx4_0
--------------------------------------------------------------------------
--------------------------------------------------------------------------
WARNING: There was an error initializing an OpenFabrics device.

  Local host:   medusa11
  Local device: mlx4_0
--------------------------------------------------------------------------
--------------------------------------------------------------------------
WARNING: There was an error initializing an OpenFabrics device.

  Local host:   medusa10
  Local device: mlx4_0
--------------------------------------------------------------------------
--------------------------------------------------------------------------
WARNING: There was an error initializing an OpenFabrics device.

  Local host:   medusa12
  Local device: mlx4_0
--------------------------------------------------------------------------
--------------------------------------------------------------------------
WARNING: There was an error initializing an OpenFabrics device.

  Local host:   medusa00
  Local device: mlx4_0
--------------------------------------------------------------------------
--------------------------------------------------------------------------
WARNING: There was an error initializing an OpenFabrics device.

  Local host:   medusa14
  Local device: mlx4_0
--------------------------------------------------------------------------
--------------------------------------------------------------------------
WARNING: There was an error initializing an OpenFabrics device.

  Local host:   medusa13
  Local device: mlx4_0
--------------------------------------------------------------------------
--------------------------------------------------------------------------
WARNING: There was an error initializing an OpenFabrics device.

  Local host:   medusa09
  Local device: mlx4_0
--------------------------------------------------------------------------
Generations: 29
Total Number of Vessels: 1.07374e+09
Root Num Levels = 4
Sub Num Levels = 25
-- Root Network Generation Time: 7.5599e-05 seconds
-- Root Network Export Time: 0.541633 seconds
-- Sub Network Generation Time: 38.5239 seconds
-- Sub Network Sort Time: 1.82e-07 seconds
-- Sub Network Export Time: 114.627 seconds
-- Total Network Generation Time: 165.831 seconds

TIMING RUN 5

--------------------------------------------------------------------------
WARNING: There was an error initializing an OpenFabrics device.

  Local host:   medusa10
  Local device: mlx4_0
--------------------------------------------------------------------------
--------------------------------------------------------------------------
WARNING: There was an error initializing an OpenFabrics device.

  Local host:   medusa11
  Local device: mlx4_0
--------------------------------------------------------------------------
--------------------------------------------------------------------------
WARNING: There was an error initializing an OpenFabrics device.

  Local host:   medusa00
  Local device: mlx4_0
--------------------------------------------------------------------------
--------------------------------------------------------------------------
WARNING: There was an error initializing an OpenFabrics device.

  Local host:   medusa14
  Local device: mlx4_0
--------------------------------------------------------------------------
--------------------------------------------------------------------------
WARNING: There was an error initializing an OpenFabrics device.

  Local host:   medusa13
  Local device: mlx4_0
--------------------------------------------------------------------------
--------------------------------------------------------------------------
WARNING: There was an error initializing an OpenFabrics device.

  Local host:   medusa09
  Local device: mlx4_0
--------------------------------------------------------------------------
--------------------------------------------------------------------------
WARNING: There was an error initializing an OpenFabrics device.

  Local host:   medusa12
  Local device: mlx4_0
--------------------------------------------------------------------------
--------------------------------------------------------------------------
WARNING: There was an error initializing an OpenFabrics device.

  Local host:   medusa15
  Local device: mlx4_0
--------------------------------------------------------------------------
Generations: 29
Total Number of Vessels: 1.07374e+09
Root Num Levels = 4
Sub Num Levels = 25
-- Root Network Generation Time: 3.2014e-05 seconds
-- Root Network Export Time: 0.72406 seconds
-- Sub Network Generation Time: 38.3376 seconds
-- Sub Network Sort Time: 1.7e-07 seconds
-- Sub Network Export Time: 119.558 seconds
-- Total Network Generation Time: 170.997 seconds
