
TIMING RUN 1

--------------------------------------------------------------------------
WARNING: There was an error initializing an OpenFabrics device.

  Local host:   medusa07
  Local device: mlx4_0
--------------------------------------------------------------------------
--------------------------------------------------------------------------
WARNING: There was an error initializing an OpenFabrics device.

  Local host:   medusa06
  Local device: mlx4_0
--------------------------------------------------------------------------
--------------------------------------------------------------------------
WARNING: There was an error initializing an OpenFabrics device.

  Local host:   medusa00
  Local device: mlx4_0
--------------------------------------------------------------------------
--------------------------------------------------------------------------
WARNING: There was an error initializing an OpenFabrics device.

  Local host:   medusa01
  Local device: mlx4_0
--------------------------------------------------------------------------
--------------------------------------------------------------------------
WARNING: There was an error initializing an OpenFabrics device.

  Local host:   medusa03
  Local device: mlx4_0
--------------------------------------------------------------------------
--------------------------------------------------------------------------
WARNING: There was an error initializing an OpenFabrics device.

  Local host:   medusa05
  Local device: mlx4_0
--------------------------------------------------------------------------
--------------------------------------------------------------------------
WARNING: There was an error initializing an OpenFabrics device.

  Local host:   medusa14
  Local device: mlx4_0
--------------------------------------------------------------------------
--------------------------------------------------------------------------
WARNING: There was an error initializing an OpenFabrics device.

  Local host:   medusa04
  Local device: mlx4_0
--------------------------------------------------------------------------
--------------------------------------------------------------------------
WARNING: There was an error initializing an OpenFabrics device.

  Local host:   medusa12
  Local device: mlx4_0
--------------------------------------------------------------------------
--------------------------------------------------------------------------
WARNING: There was an error initializing an OpenFabrics device.

  Local host:   medusa08
  Local device: mlx4_0
--------------------------------------------------------------------------
--------------------------------------------------------------------------
WARNING: There was an error initializing an OpenFabrics device.

  Local host:   medusa15
  Local device: mlx4_0
--------------------------------------------------------------------------
--------------------------------------------------------------------------
WARNING: There was an error initializing an OpenFabrics device.

  Local host:   medusa13
  Local device: mlx4_0
--------------------------------------------------------------------------
--------------------------------------------------------------------------
WARNING: There was an error initializing an OpenFabrics device.

  Local host:   medusa02
  Local device: mlx4_0
--------------------------------------------------------------------------
--------------------------------------------------------------------------
WARNING: There was an error initializing an OpenFabrics device.

  Local host:   medusa10
  Local device: mlx4_0
--------------------------------------------------------------------------
--------------------------------------------------------------------------
WARNING: There was an error initializing an OpenFabrics device.

  Local host:   medusa11
  Local device: mlx4_0
--------------------------------------------------------------------------
--------------------------------------------------------------------------
WARNING: There was an error initializing an OpenFabrics device.

  Local host:   medusa09
  Local device: mlx4_0
--------------------------------------------------------------------------
Generations: 30
Total Number of Vessels: 2.14748e+09
Root Num Levels = 5
Sub Num Levels = 25
-- Root Network Generation Time: 3.4672e-05 seconds
-- Root Network Export Time: 0.0605289 seconds
-- Sub Network Generation Time: 20.9497 seconds
-- Sub Network Export Time: 239.353 seconds
-- Total Network Generation Time: 264.4 seconds

TIMING RUN 2

--------------------------------------------------------------------------
WARNING: There was an error initializing an OpenFabrics device.

  Local host:   medusa15
  Local device: mlx4_0
--------------------------------------------------------------------------
--------------------------------------------------------------------------
WARNING: There was an error initializing an OpenFabrics device.

  Local host:   medusa11
  Local device: mlx4_0
--------------------------------------------------------------------------
--------------------------------------------------------------------------
WARNING: There was an error initializing an OpenFabrics device.

  Local host:   medusa13
  Local device: mlx4_0
--------------------------------------------------------------------------
--------------------------------------------------------------------------
WARNING: There was an error initializing an OpenFabrics device.

  Local host:   medusa07
  Local device: mlx4_0
--------------------------------------------------------------------------
--------------------------------------------------------------------------
WARNING: There was an error initializing an OpenFabrics device.

  Local host:   medusa04
  Local device: mlx4_0
--------------------------------------------------------------------------
--------------------------------------------------------------------------
WARNING: There was an error initializing an OpenFabrics device.

  Local host:   medusa12
  Local device: mlx4_0
--------------------------------------------------------------------------
--------------------------------------------------------------------------
WARNING: There was an error initializing an OpenFabrics device.

  Local host:   medusa09
  Local device: mlx4_0
--------------------------------------------------------------------------
--------------------------------------------------------------------------
WARNING: There was an error initializing an OpenFabrics device.

  Local host:   medusa14
  Local device: mlx4_0
--------------------------------------------------------------------------
--------------------------------------------------------------------------
WARNING: There was an error initializing an OpenFabrics device.

  Local host:   medusa00
  Local device: mlx4_0
--------------------------------------------------------------------------
--------------------------------------------------------------------------
WARNING: There was an error initializing an OpenFabrics device.

  Local host:   medusa01
  Local device: mlx4_0
--------------------------------------------------------------------------
--------------------------------------------------------------------------
WARNING: There was an error initializing an OpenFabrics device.

  Local host:   medusa03
  Local device: mlx4_0
--------------------------------------------------------------------------
--------------------------------------------------------------------------
WARNING: There was an error initializing an OpenFabrics device.

  Local host:   medusa02
  Local device: mlx4_0
--------------------------------------------------------------------------
--------------------------------------------------------------------------
WARNING: There was an error initializing an OpenFabrics device.

  Local host:   medusa10
  Local device: mlx4_0
--------------------------------------------------------------------------
--------------------------------------------------------------------------
WARNING: There was an error initializing an OpenFabrics device.

  Local host:   medusa06
  Local device: mlx4_0
--------------------------------------------------------------------------
--------------------------------------------------------------------------
WARNING: There was an error initializing an OpenFabrics device.

  Local host:   medusa08
  Local device: mlx4_0
--------------------------------------------------------------------------
--------------------------------------------------------------------------
WARNING: There was an error initializing an OpenFabrics device.

  Local host:   medusa05
  Local device: mlx4_0
--------------------------------------------------------------------------
Generations: 30
Total Number of Vessels: 2.14748e+09
Root Num Levels = 5
Sub Num Levels = 25
-- Root Network Generation Time: 3.4e-05 seconds
-- Root Network Export Time: 1.44872 seconds
-- Sub Network Generation Time: 20.8782 seconds
-- Sub Network Export Time: 242.451 seconds
-- Total Network Generation Time: 268.837 seconds

TIMING RUN 3

--------------------------------------------------------------------------
WARNING: There was an error initializing an OpenFabrics device.

  Local host:   medusa11
  Local device: mlx4_0
--------------------------------------------------------------------------
--------------------------------------------------------------------------
WARNING: There was an error initializing an OpenFabrics device.

  Local host:   medusa15
  Local device: mlx4_0
--------------------------------------------------------------------------
--------------------------------------------------------------------------
WARNING: There was an error initializing an OpenFabrics device.

  Local host:   medusa13
  Local device: mlx4_0
--------------------------------------------------------------------------
--------------------------------------------------------------------------
WARNING: There was an error initializing an OpenFabrics device.

  Local host:   medusa09
  Local device: mlx4_0
--------------------------------------------------------------------------
--------------------------------------------------------------------------
WARNING: There was an error initializing an OpenFabrics device.

  Local host:   medusa12
  Local device: mlx4_0
--------------------------------------------------------------------------
--------------------------------------------------------------------------
WARNING: There was an error initializing an OpenFabrics device.

  Local host:   medusa06
  Local device: mlx4_0
--------------------------------------------------------------------------
--------------------------------------------------------------------------
WARNING: There was an error initializing an OpenFabrics device.

  Local host:   medusa08
  Local device: mlx4_0
--------------------------------------------------------------------------
--------------------------------------------------------------------------
WARNING: There was an error initializing an OpenFabrics device.

  Local host:   medusa00
  Local device: mlx4_0
--------------------------------------------------------------------------
--------------------------------------------------------------------------
WARNING: There was an error initializing an OpenFabrics device.

  Local host:   medusa02
  Local device: mlx4_0
--------------------------------------------------------------------------
--------------------------------------------------------------------------
WARNING: There was an error initializing an OpenFabrics device.

  Local host:   medusa05
  Local device: mlx4_0
--------------------------------------------------------------------------
--------------------------------------------------------------------------
WARNING: There was an error initializing an OpenFabrics device.

  Local host:   medusa07
  Local device: mlx4_0
--------------------------------------------------------------------------
--------------------------------------------------------------------------
WARNING: There was an error initializing an OpenFabrics device.

  Local host:   medusa14
  Local device: mlx4_0
--------------------------------------------------------------------------
--------------------------------------------------------------------------
WARNING: There was an error initializing an OpenFabrics device.

  Local host:   medusa10
  Local device: mlx4_0
--------------------------------------------------------------------------
--------------------------------------------------------------------------
WARNING: There was an error initializing an OpenFabrics device.

  Local host:   medusa04
  Local device: mlx4_0
--------------------------------------------------------------------------
--------------------------------------------------------------------------
WARNING: There was an error initializing an OpenFabrics device.

  Local host:   medusa03
  Local device: mlx4_0
--------------------------------------------------------------------------
--------------------------------------------------------------------------
WARNING: There was an error initializing an OpenFabrics device.

  Local host:   medusa01
  Local device: mlx4_0
--------------------------------------------------------------------------
Generations: 30
Total Number of Vessels: 2.14748e+09
Root Num Levels = 5
Sub Num Levels = 25
-- Root Network Generation Time: 3.454e-05 seconds
-- Root Network Export Time: 1.1042 seconds
-- Sub Network Generation Time: 20.9686 seconds
-- Sub Network Export Time: 226.375 seconds
-- Total Network Generation Time: 252.194 seconds

TIMING RUN 4

--------------------------------------------------------------------------
WARNING: There was an error initializing an OpenFabrics device.

  Local host:   medusa11
  Local device: mlx4_0
--------------------------------------------------------------------------
--------------------------------------------------------------------------
WARNING: There was an error initializing an OpenFabrics device.

  Local host:   medusa13
  Local device: mlx4_0
--------------------------------------------------------------------------
--------------------------------------------------------------------------
WARNING: There was an error initializing an OpenFabrics device.

  Local host:   medusa15
  Local device: mlx4_0
--------------------------------------------------------------------------
--------------------------------------------------------------------------
WARNING: There was an error initializing an OpenFabrics device.

  Local host:   medusa14
  Local device: mlx4_0
--------------------------------------------------------------------------
--------------------------------------------------------------------------
WARNING: There was an error initializing an OpenFabrics device.

  Local host:   medusa04
  Local device: mlx4_0
--------------------------------------------------------------------------
--------------------------------------------------------------------------
WARNING: There was an error initializing an OpenFabrics device.

  Local host:   medusa07
  Local device: mlx4_0
--------------------------------------------------------------------------
--------------------------------------------------------------------------
WARNING: There was an error initializing an OpenFabrics device.

  Local host:   medusa03
  Local device: mlx4_0
--------------------------------------------------------------------------
--------------------------------------------------------------------------
WARNING: There was an error initializing an OpenFabrics device.

  Local host:   medusa12
  Local device: mlx4_0
--------------------------------------------------------------------------
--------------------------------------------------------------------------
WARNING: There was an error initializing an OpenFabrics device.

  Local host:   medusa09
  Local device: mlx4_0
--------------------------------------------------------------------------
--------------------------------------------------------------------------
WARNING: There was an error initializing an OpenFabrics device.

  Local host:   medusa10
  Local device: mlx4_0
--------------------------------------------------------------------------
--------------------------------------------------------------------------
WARNING: There was an error initializing an OpenFabrics device.

  Local host:   medusa06
  Local device: mlx4_0
--------------------------------------------------------------------------
--------------------------------------------------------------------------
WARNING: There was an error initializing an OpenFabrics device.

  Local host:   medusa08
  Local device: mlx4_0
--------------------------------------------------------------------------
--------------------------------------------------------------------------
WARNING: There was an error initializing an OpenFabrics device.

  Local host:   medusa02
  Local device: mlx4_0
--------------------------------------------------------------------------
--------------------------------------------------------------------------
WARNING: There was an error initializing an OpenFabrics device.

  Local host:   medusa01
  Local device: mlx4_0
--------------------------------------------------------------------------
--------------------------------------------------------------------------
WARNING: There was an error initializing an OpenFabrics device.

  Local host:   medusa00
  Local device: mlx4_0
--------------------------------------------------------------------------
--------------------------------------------------------------------------
WARNING: There was an error initializing an OpenFabrics device.

  Local host:   medusa05
  Local device: mlx4_0
--------------------------------------------------------------------------
Generations: 30
Total Number of Vessels: 2.14748e+09
Root Num Levels = 5
Sub Num Levels = 25
-- Root Network Generation Time: 3.4671e-05 seconds
-- Root Network Export Time: 1.82794 seconds
-- Sub Network Generation Time: 20.8535 seconds
-- Sub Network Export Time: 227.662 seconds
-- Total Network Generation Time: 254.496 seconds

TIMING RUN 5

--------------------------------------------------------------------------
WARNING: There was an error initializing an OpenFabrics device.

  Local host:   medusa15
  Local device: mlx4_0
--------------------------------------------------------------------------
--------------------------------------------------------------------------
WARNING: There was an error initializing an OpenFabrics device.

  Local host:   medusa13
  Local device: mlx4_0
--------------------------------------------------------------------------
--------------------------------------------------------------------------
WARNING: There was an error initializing an OpenFabrics device.

  Local host:   medusa14
  Local device: mlx4_0
--------------------------------------------------------------------------
--------------------------------------------------------------------------
WARNING: There was an error initializing an OpenFabrics device.

  Local host:   medusa01
  Local device: mlx4_0
--------------------------------------------------------------------------
--------------------------------------------------------------------------
WARNING: There was an error initializing an OpenFabrics device.

  Local host:   medusa00
  Local device: mlx4_0
--------------------------------------------------------------------------
--------------------------------------------------------------------------
WARNING: There was an error initializing an OpenFabrics device.

  Local host:   medusa07
  Local device: mlx4_0
--------------------------------------------------------------------------
--------------------------------------------------------------------------
WARNING: There was an error initializing an OpenFabrics device.

  Local host:   medusa06
  Local device: mlx4_0
--------------------------------------------------------------------------
--------------------------------------------------------------------------
WARNING: There was an error initializing an OpenFabrics device.

  Local host:   medusa05
  Local device: mlx4_0
--------------------------------------------------------------------------
--------------------------------------------------------------------------
WARNING: There was an error initializing an OpenFabrics device.

  Local host:   medusa04
  Local device: mlx4_0
--------------------------------------------------------------------------
--------------------------------------------------------------------------
WARNING: There was an error initializing an OpenFabrics device.

  Local host:   medusa08
  Local device: mlx4_0
--------------------------------------------------------------------------
--------------------------------------------------------------------------
WARNING: There was an error initializing an OpenFabrics device.

  Local host:   medusa11
  Local device: mlx4_0
--------------------------------------------------------------------------
--------------------------------------------------------------------------
WARNING: There was an error initializing an OpenFabrics device.

  Local host:   medusa12
  Local device: mlx4_0
--------------------------------------------------------------------------
--------------------------------------------------------------------------
WARNING: There was an error initializing an OpenFabrics device.

  Local host:   medusa10
  Local device: mlx4_0
--------------------------------------------------------------------------
--------------------------------------------------------------------------
WARNING: There was an error initializing an OpenFabrics device.

  Local host:   medusa09
  Local device: mlx4_0
--------------------------------------------------------------------------
--------------------------------------------------------------------------
WARNING: There was an error initializing an OpenFabrics device.

  Local host:   medusa03
  Local device: mlx4_0
--------------------------------------------------------------------------
--------------------------------------------------------------------------
WARNING: There was an error initializing an OpenFabrics device.

  Local host:   medusa02
  Local device: mlx4_0
--------------------------------------------------------------------------
Generations: 30
Total Number of Vessels: 2.14748e+09
Root Num Levels = 5
Sub Num Levels = 25
-- Root Network Generation Time: 3.2133e-05 seconds
-- Root Network Export Time: 1.07728 seconds
-- Sub Network Generation Time: 22.0188 seconds
-- Sub Network Export Time: 229.456 seconds
-- Total Network Generation Time: 256.505 seconds
