
TIMING RUN 1

--------------------------------------------------------------------------
WARNING: There was an error initializing an OpenFabrics device.

  Local host:   medusa01
  Local device: mlx4_0
--------------------------------------------------------------------------
Generations: 4
Total Number of Vessels: 30
Sequential Network Generation Time: 5.6678e-05 seconds
Sequential Export Time: 0.00387974 seconds
-- Total Network Generation Time: 0.00396703 seconds

TIMING RUN 2

--------------------------------------------------------------------------
WARNING: There was an error initializing an OpenFabrics device.

  Local host:   medusa01
  Local device: mlx4_0
--------------------------------------------------------------------------
Generations: 4
Total Number of Vessels: 30
Sequential Network Generation Time: 2.3116e-05 seconds
Sequential Export Time: 0.00413735 seconds
-- Total Network Generation Time: 0.004201 seconds

TIMING RUN 3

--------------------------------------------------------------------------
WARNING: There was an error initializing an OpenFabrics device.

  Local host:   medusa01
  Local device: mlx4_0
--------------------------------------------------------------------------
Generations: 4
Total Number of Vessels: 30
Sequential Network Generation Time: 2.4683e-05 seconds
Sequential Export Time: 0.00391915 seconds
-- Total Network Generation Time: 0.00396403 seconds

TIMING RUN 4

--------------------------------------------------------------------------
WARNING: There was an error initializing an OpenFabrics device.

  Local host:   medusa01
  Local device: mlx4_0
--------------------------------------------------------------------------
Generations: 4
Total Number of Vessels: 30
Sequential Network Generation Time: 3.8964e-05 seconds
Sequential Export Time: 0.00399726 seconds
-- Total Network Generation Time: 0.00406085 seconds

TIMING RUN 5

--------------------------------------------------------------------------
WARNING: There was an error initializing an OpenFabrics device.

  Local host:   medusa01
  Local device: mlx4_0
--------------------------------------------------------------------------
Generations: 4
Total Number of Vessels: 30
Sequential Network Generation Time: 2.5311e-05 seconds
Sequential Export Time: 0.00367034 seconds
-- Total Network Generation Time: 0.00373024 seconds
