
TIMING RUN 1

--------------------------------------------------------------------------
WARNING: There was an error initializing an OpenFabrics device.

  Local host:   medusa01
  Local device: mlx4_0
--------------------------------------------------------------------------
Generations: 5
Total Number of Vessels: 62
Sequential Network Generation Time: 2.9976e-05 seconds
Sequential Export Time: 0.00401552 seconds
-- Total Network Generation Time: 0.00408074 seconds

TIMING RUN 2

--------------------------------------------------------------------------
WARNING: There was an error initializing an OpenFabrics device.

  Local host:   medusa01
  Local device: mlx4_0
--------------------------------------------------------------------------
Generations: 5
Total Number of Vessels: 62
Sequential Network Generation Time: 2.8925e-05 seconds
Sequential Export Time: 0.00386698 seconds
-- Total Network Generation Time: 0.00391904 seconds

TIMING RUN 3

--------------------------------------------------------------------------
WARNING: There was an error initializing an OpenFabrics device.

  Local host:   medusa01
  Local device: mlx4_0
--------------------------------------------------------------------------
Generations: 5
Total Number of Vessels: 62
Sequential Network Generation Time: 2.7824e-05 seconds
Sequential Export Time: 0.00379784 seconds
-- Total Network Generation Time: 0.00384619 seconds

TIMING RUN 4

--------------------------------------------------------------------------
WARNING: There was an error initializing an OpenFabrics device.

  Local host:   medusa01
  Local device: mlx4_0
--------------------------------------------------------------------------
Generations: 5
Total Number of Vessels: 62
Sequential Network Generation Time: 2.2229e-05 seconds
Sequential Export Time: 0.00394784 seconds
-- Total Network Generation Time: 0.00401098 seconds

TIMING RUN 5

--------------------------------------------------------------------------
WARNING: There was an error initializing an OpenFabrics device.

  Local host:   medusa01
  Local device: mlx4_0
--------------------------------------------------------------------------
Generations: 5
Total Number of Vessels: 62
Sequential Network Generation Time: 6.1008e-05 seconds
Sequential Export Time: 0.00412596 seconds
-- Total Network Generation Time: 0.00421717 seconds
