
TIMING RUN 1

--------------------------------------------------------------------------
WARNING: There was an error initializing an OpenFabrics device.

  Local host:   medusa01
  Local device: mlx4_0
--------------------------------------------------------------------------
Generations: 6
Total Number of Vessels: 126
Sequential Network Generation Time: 3.6895e-05 seconds
Sequential Export Time: 0.00397582 seconds
-- Total Network Generation Time: 0.00403267 seconds

TIMING RUN 2

--------------------------------------------------------------------------
WARNING: There was an error initializing an OpenFabrics device.

  Local host:   medusa01
  Local device: mlx4_0
--------------------------------------------------------------------------
Generations: 6
Total Number of Vessels: 126
Sequential Network Generation Time: 3.6161e-05 seconds
Sequential Export Time: 0.00418251 seconds
-- Total Network Generation Time: 0.00427019 seconds

TIMING RUN 3

--------------------------------------------------------------------------
WARNING: There was an error initializing an OpenFabrics device.

  Local host:   medusa01
  Local device: mlx4_0
--------------------------------------------------------------------------
Generations: 6
Total Number of Vessels: 126
Sequential Network Generation Time: 3.7847e-05 seconds
Sequential Export Time: 0.00378238 seconds
-- Total Network Generation Time: 0.00385567 seconds

TIMING RUN 4

--------------------------------------------------------------------------
WARNING: There was an error initializing an OpenFabrics device.

  Local host:   medusa01
  Local device: mlx4_0
--------------------------------------------------------------------------
Generations: 6
Total Number of Vessels: 126
Sequential Network Generation Time: 3.3197e-05 seconds
Sequential Export Time: 0.0040574 seconds
-- Total Network Generation Time: 0.00412873 seconds

TIMING RUN 5

--------------------------------------------------------------------------
WARNING: There was an error initializing an OpenFabrics device.

  Local host:   medusa01
  Local device: mlx4_0
--------------------------------------------------------------------------
Generations: 6
Total Number of Vessels: 126
Sequential Network Generation Time: 3.5653e-05 seconds
Sequential Export Time: 0.00392137 seconds
-- Total Network Generation Time: 0.00397812 seconds
