
TIMING RUN 1

--------------------------------------------------------------------------
WARNING: There was an error initializing an OpenFabrics device.

  Local host:   medusa01
  Local device: mlx4_0
--------------------------------------------------------------------------
Generations: 7
Total Number of Vessels: 254
Sequential Network Generation Time: 4.3937e-05 seconds
Sequential Export Time: 0.00408541 seconds
-- Total Network Generation Time: 0.00417036 seconds

TIMING RUN 2

--------------------------------------------------------------------------
WARNING: There was an error initializing an OpenFabrics device.

  Local host:   medusa01
  Local device: mlx4_0
--------------------------------------------------------------------------
Generations: 7
Total Number of Vessels: 254
Sequential Network Generation Time: 5.1351e-05 seconds
Sequential Export Time: 0.00406922 seconds
-- Total Network Generation Time: 0.00414386 seconds

TIMING RUN 3

--------------------------------------------------------------------------
WARNING: There was an error initializing an OpenFabrics device.

  Local host:   medusa01
  Local device: mlx4_0
--------------------------------------------------------------------------
Generations: 7
Total Number of Vessels: 254
Sequential Network Generation Time: 0.000146142 seconds
Sequential Export Time: 0.00410577 seconds
-- Total Network Generation Time: 0.00429073 seconds

TIMING RUN 4

--------------------------------------------------------------------------
WARNING: There was an error initializing an OpenFabrics device.

  Local host:   medusa01
  Local device: mlx4_0
--------------------------------------------------------------------------
Generations: 7
Total Number of Vessels: 254
Sequential Network Generation Time: 4.4462e-05 seconds
Sequential Export Time: 0.00395665 seconds
-- Total Network Generation Time: 0.00402798 seconds

TIMING RUN 5

--------------------------------------------------------------------------
WARNING: There was an error initializing an OpenFabrics device.

  Local host:   medusa01
  Local device: mlx4_0
--------------------------------------------------------------------------
Generations: 7
Total Number of Vessels: 254
Sequential Network Generation Time: 4.9357e-05 seconds
Sequential Export Time: 0.00438213 seconds
-- Total Network Generation Time: 0.0044575 seconds
