
TIMING RUN 1

--------------------------------------------------------------------------
WARNING: There was an error initializing an OpenFabrics device.

  Local host:   medusa01
  Local device: mlx4_0
--------------------------------------------------------------------------
Generations: 8
Total Number of Vessels: 510
Sequential Network Generation Time: 9.3654e-05 seconds
Sequential Export Time: 0.00416397 seconds
-- Total Network Generation Time: 0.00433073 seconds

TIMING RUN 2

--------------------------------------------------------------------------
WARNING: There was an error initializing an OpenFabrics device.

  Local host:   medusa01
  Local device: mlx4_0
--------------------------------------------------------------------------
Generations: 8
Total Number of Vessels: 510
Sequential Network Generation Time: 7.8647e-05 seconds
Sequential Export Time: 0.00411814 seconds
-- Total Network Generation Time: 0.0042591 seconds

TIMING RUN 3

--------------------------------------------------------------------------
WARNING: There was an error initializing an OpenFabrics device.

  Local host:   medusa01
  Local device: mlx4_0
--------------------------------------------------------------------------
Generations: 8
Total Number of Vessels: 510
Sequential Network Generation Time: 7.3138e-05 seconds
Sequential Export Time: 0.00393351 seconds
-- Total Network Generation Time: 0.00407063 seconds

TIMING RUN 4

--------------------------------------------------------------------------
WARNING: There was an error initializing an OpenFabrics device.

  Local host:   medusa01
  Local device: mlx4_0
--------------------------------------------------------------------------
Generations: 8
Total Number of Vessels: 510
Sequential Network Generation Time: 0.000137442 seconds
Sequential Export Time: 0.00427348 seconds
-- Total Network Generation Time: 0.00451965 seconds

TIMING RUN 5

--------------------------------------------------------------------------
WARNING: There was an error initializing an OpenFabrics device.

  Local host:   medusa01
  Local device: mlx4_0
--------------------------------------------------------------------------
Generations: 8
Total Number of Vessels: 510
Sequential Network Generation Time: 8.1355e-05 seconds
Sequential Export Time: 0.0041732 seconds
-- Total Network Generation Time: 0.0043017 seconds
