
TIMING RUN 1

--------------------------------------------------------------------------
WARNING: There was an error initializing an OpenFabrics device.

  Local host:   medusa01
  Local device: mlx4_0
--------------------------------------------------------------------------
Generations: 9
Total Number of Vessels: 1022
Sequential Network Generation Time: 0.000132839 seconds
Sequential Export Time: 0.00422566 seconds
-- Total Network Generation Time: 0.00448389 seconds

TIMING RUN 2

--------------------------------------------------------------------------
WARNING: There was an error initializing an OpenFabrics device.

  Local host:   medusa01
  Local device: mlx4_0
--------------------------------------------------------------------------
Generations: 9
Total Number of Vessels: 1022
Sequential Network Generation Time: 0.000121253 seconds
Sequential Export Time: 0.00432876 seconds
-- Total Network Generation Time: 0.00455706 seconds

TIMING RUN 3

--------------------------------------------------------------------------
WARNING: There was an error initializing an OpenFabrics device.

  Local host:   medusa01
  Local device: mlx4_0
--------------------------------------------------------------------------
Generations: 9
Total Number of Vessels: 1022
Sequential Network Generation Time: 0.000128124 seconds
Sequential Export Time: 0.00411814 seconds
-- Total Network Generation Time: 0.00446798 seconds

TIMING RUN 4

--------------------------------------------------------------------------
WARNING: There was an error initializing an OpenFabrics device.

  Local host:   medusa01
  Local device: mlx4_0
--------------------------------------------------------------------------
Generations: 9
Total Number of Vessels: 1022
Sequential Network Generation Time: 0.000121383 seconds
Sequential Export Time: 0.0040682 seconds
-- Total Network Generation Time: 0.00431429 seconds

TIMING RUN 5

--------------------------------------------------------------------------
WARNING: There was an error initializing an OpenFabrics device.

  Local host:   medusa01
  Local device: mlx4_0
--------------------------------------------------------------------------
Generations: 9
Total Number of Vessels: 1022
Sequential Network Generation Time: 0.000132901 seconds
Sequential Export Time: 0.00445042 seconds
-- Total Network Generation Time: 0.00470122 seconds
