The system is: Linux - 4.18.0-425.3.1.el8.x86_64 - x86_64
Compiling the C compiler identification source file "CMakeCCompilerId.c" succeeded.
Compiler: /opt/apps/gcc/12.2.0/bin/gcc 
Build flags: 
Id flags:  

The output was:
0


Compilation of the C compiler identification source "CMakeCCompilerId.c" produced "a.out"

The C compiler identification is GNU, found in "/work/maxwell/vascpp/build/CMakeFiles/3.20.2/CompilerIdC/a.out"

Compiling the CXX compiler identification source file "CMakeCXXCompilerId.cpp" succeeded.
Compiler: /opt/apps/gcc/12.2.0/bin/g++ 
Build flags: 
Id flags:  

The output was:
0


Compilation of the CXX compiler identification source "CMakeCXXCompilerId.cpp" produced "a.out"

The CXX compiler identification is GNU, found in "/work/maxwell/vascpp/build/CMakeFiles/3.20.2/CompilerIdCXX/a.out"

Detecting C compiler ABI info compiled with the following output:
Change Dir: /work/maxwell/vascpp/build/CMakeFiles/CMakeTmp

Run Build Command(s):/usr/bin/gmake -f Makefile cmTC_b5fcf/fast && /usr/bin/gmake  -f CMakeFiles/cmTC_b5fcf.dir/build.make CMakeFiles/cmTC_b5fcf.dir/build
gmake[1]: Entering directory '/work/maxwell/vascpp/build/CMakeFiles/CMakeTmp'
Building C object CMakeFiles/cmTC_b5fcf.dir/CMakeCCompilerABI.c.o
/opt/apps/gcc/12.2.0/bin/gcc   -v -o CMakeFiles/cmTC_b5fcf.dir/CMakeCCompilerABI.c.o -c /usr/share/cmake/Modules/CMakeCCompilerABI.c
Using built-in specs.
COLLECT_GCC=/opt/apps/gcc/12.2.0/bin/gcc
OFFLOAD_TARGET_NAMES=nvptx-none
Target: x86_64-redhat-linux
Configured with: ./configure --prefix=/opt/apps/gcc/12.2.0 --with-pkgversion=20220829 --enable-bootstrap --enable-shared --enable-threads=posix --enable-checking=release --with-system-zlib --disable-multilib --enable-languages=c,c++,fortran,lto --enable-plugin --with-linker-hash-style=gnu --disable-libunwind-exceptions --enable-gnu-unique-object --enable-__cxa_atexit --enable-initfini-array --disable-libgcj --enable-linker-build-id --enable-gnu-indirect-function --enable-cet --disable-libmpx --with-isl --with-tune=generic --with-arch_32=x86-64 --build=x86_64-redhat-linux --enable-offload-targets=nvptx-none --enable-libssp --enable-gold=yes --enable-ld=default
Thread model: posix
Supported LTO compression algorithms: zlib zstd
gcc version 12.2.0 (20220829) 
COLLECT_GCC_OPTIONS='-v' '-o' 'CMakeFiles/cmTC_b5fcf.dir/CMakeCCompilerABI.c.o' '-c' '-mtune=generic' '-march=x86-64' '-dumpdir' 'CMakeFiles/cmTC_b5fcf.dir/'
 /opt/apps/gcc/12.2.0/libexec/gcc/x86_64-redhat-linux/12.2.0/cc1 -quiet -v /usr/share/cmake/Modules/CMakeCCompilerABI.c -quiet -dumpdir CMakeFiles/cmTC_b5fcf.dir/ -dumpbase CMakeCCompilerABI.c.c -dumpbase-ext .c -mtune=generic -march=x86-64 -version -o /tmp/ccmTbJGI.s
GNU C17 (20220829) version 12.2.0 (x86_64-redhat-linux)
	compiled by GNU C version 12.2.0, GMP version 6.2.1, MPFR version 4.1.0, MPC version 1.2.1, isl version isl-0.24-GMP

GGC heuristics: --param ggc-min-expand=100 --param ggc-min-heapsize=131072
ignoring nonexistent directory "/opt/apps/gcc/12.2.0/lib/gcc/x86_64-redhat-linux/12.2.0/../../../../x86_64-redhat-linux/include"
ignoring duplicate directory "/opt/apps/gcc/12.2.0/include"
  as it is a non-system directory that duplicates a system directory
#include "..." search starts here:
#include <...> search starts here:
 /opt/apps/hwloc/2.7.1/include
 /opt/apps/openmpi/4.1.4/include
 /opt/apps/szip/2.1.1/include
 /opt/apps/zlib/1.2.12/include
 /opt/apps/hdf5/1.13.1/include
 /opt/apps/gcc/12.2.0/lib/gcc/x86_64-redhat-linux/12.2.0/include
 /usr/local/include
 /opt/apps/gcc/12.2.0/include
 /opt/apps/gcc/12.2.0/lib/gcc/x86_64-redhat-linux/12.2.0/include-fixed
 /usr/include
End of search list.
GNU C17 (20220829) version 12.2.0 (x86_64-redhat-linux)
	compiled by GNU C version 12.2.0, GMP version 6.2.1, MPFR version 4.1.0, MPC version 1.2.1, isl version isl-0.24-GMP

GGC heuristics: --param ggc-min-expand=100 --param ggc-min-heapsize=131072
Compiler executable checksum: 1f4a563fc021d0f33e6b9cf81d5abffb
COLLECT_GCC_OPTIONS='-v' '-o' 'CMakeFiles/cmTC_b5fcf.dir/CMakeCCompilerABI.c.o' '-c' '-mtune=generic' '-march=x86-64' '-dumpdir' 'CMakeFiles/cmTC_b5fcf.dir/'
 as -v --64 -o CMakeFiles/cmTC_b5fcf.dir/CMakeCCompilerABI.c.o /tmp/ccmTbJGI.s
GNU assembler version 2.30 (x86_64-redhat-linux) using BFD version version 2.30-117.el8
COMPILER_PATH=/opt/apps/gcc/12.2.0/libexec/gcc/x86_64-redhat-linux/12.2.0/:/opt/apps/gcc/12.2.0/libexec/gcc/x86_64-redhat-linux/12.2.0/:/opt/apps/gcc/12.2.0/libexec/gcc/x86_64-redhat-linux/:/opt/apps/gcc/12.2.0/lib/gcc/x86_64-redhat-linux/12.2.0/:/opt/apps/gcc/12.2.0/lib/gcc/x86_64-redhat-linux/
LIBRARY_PATH=/opt/apps/gcc/12.2.0/lib/gcc/x86_64-redhat-linux/12.2.0/:/opt/apps/gcc/12.2.0/lib/gcc/x86_64-redhat-linux/12.2.0/../../../../lib64/:/lib/../lib64/:/usr/lib/../lib64/:/opt/apps/gcc/12.2.0/lib/gcc/x86_64-redhat-linux/12.2.0/../../../:/lib/:/usr/lib/
COLLECT_GCC_OPTIONS='-v' '-o' 'CMakeFiles/cmTC_b5fcf.dir/CMakeCCompilerABI.c.o' '-c' '-mtune=generic' '-march=x86-64' '-dumpdir' 'CMakeFiles/cmTC_b5fcf.dir/CMakeCCompilerABI.c.'
Linking C executable cmTC_b5fcf
/usr/bin/cmake -E cmake_link_script CMakeFiles/cmTC_b5fcf.dir/link.txt --verbose=1
/opt/apps/gcc/12.2.0/bin/gcc  -v CMakeFiles/cmTC_b5fcf.dir/CMakeCCompilerABI.c.o -o cmTC_b5fcf 
Using built-in specs.
COLLECT_GCC=/opt/apps/gcc/12.2.0/bin/gcc
COLLECT_LTO_WRAPPER=/opt/apps/gcc/12.2.0/libexec/gcc/x86_64-redhat-linux/12.2.0/lto-wrapper
OFFLOAD_TARGET_NAMES=nvptx-none
Target: x86_64-redhat-linux
Configured with: ./configure --prefix=/opt/apps/gcc/12.2.0 --with-pkgversion=20220829 --enable-bootstrap --enable-shared --enable-threads=posix --enable-checking=release --with-system-zlib --disable-multilib --enable-languages=c,c++,fortran,lto --enable-plugin --with-linker-hash-style=gnu --disable-libunwind-exceptions --enable-gnu-unique-object --enable-__cxa_atexit --enable-initfini-array --disable-libgcj --enable-linker-build-id --enable-gnu-indirect-function --enable-cet --disable-libmpx --with-isl --with-tune=generic --with-arch_32=x86-64 --build=x86_64-redhat-linux --enable-offload-targets=nvptx-none --enable-libssp --enable-gold=yes --enable-ld=default
Thread model: posix
Supported LTO compression algorithms: zlib zstd
gcc version 12.2.0 (20220829) 
COMPILER_PATH=/opt/apps/gcc/12.2.0/libexec/gcc/x86_64-redhat-linux/12.2.0/:/opt/apps/gcc/12.2.0/libexec/gcc/x86_64-redhat-linux/12.2.0/:/opt/apps/gcc/12.2.0/libexec/gcc/x86_64-redhat-linux/:/opt/apps/gcc/12.2.0/lib/gcc/x86_64-redhat-linux/12.2.0/:/opt/apps/gcc/12.2.0/lib/gcc/x86_64-redhat-linux/
LIBRARY_PATH=/opt/apps/gcc/12.2.0/lib/gcc/x86_64-redhat-linux/12.2.0/:/opt/apps/gcc/12.2.0/lib/gcc/x86_64-redhat-linux/12.2.0/../../../../lib64/:/lib/../lib64/:/usr/lib/../lib64/:/opt/apps/gcc/12.2.0/lib/gcc/x86_64-redhat-linux/12.2.0/../../../:/lib/:/usr/lib/
COLLECT_GCC_OPTIONS='-v' '-o' 'cmTC_b5fcf' '-mtune=generic' '-march=x86-64' '-dumpdir' 'cmTC_b5fcf.'
 /opt/apps/gcc/12.2.0/libexec/gcc/x86_64-redhat-linux/12.2.0/collect2 -plugin /opt/apps/gcc/12.2.0/libexec/gcc/x86_64-redhat-linux/12.2.0/liblto_plugin.so -plugin-opt=/opt/apps/gcc/12.2.0/libexec/gcc/x86_64-redhat-linux/12.2.0/lto-wrapper -plugin-opt=-fresolution=/tmp/ccsO8D6L.res -plugin-opt=-pass-through=-lgcc -plugin-opt=-pass-through=-lgcc_s -plugin-opt=-pass-through=-lc -plugin-opt=-pass-through=-lgcc -plugin-opt=-pass-through=-lgcc_s --build-id --eh-frame-hdr --hash-style=gnu -m elf_x86_64 -dynamic-linker /lib64/ld-linux-x86-64.so.2 -o cmTC_b5fcf /lib/../lib64/crt1.o /lib/../lib64/crti.o /opt/apps/gcc/12.2.0/lib/gcc/x86_64-redhat-linux/12.2.0/crtbegin.o -L/opt/apps/gcc/12.2.0/lib/gcc/x86_64-redhat-linux/12.2.0 -L/opt/apps/gcc/12.2.0/lib/gcc/x86_64-redhat-linux/12.2.0/../../../../lib64 -L/lib/../lib64 -L/usr/lib/../lib64 -L/opt/apps/gcc/12.2.0/lib/gcc/x86_64-redhat-linux/12.2.0/../../.. CMakeFiles/cmTC_b5fcf.dir/CMakeCCompilerABI.c.o -lgcc --push-state --as-needed -lgcc_s --pop-state -lc -lgcc --push-state --as-needed -lgcc_s --pop-state /opt/apps/gcc/12.2.0/lib/gcc/x86_64-redhat-linux/12.2.0/crtend.o /lib/../lib64/crtn.o
COLLECT_GCC_OPTIONS='-v' '-o' 'cmTC_b5fcf' '-mtune=generic' '-march=x86-64' '-dumpdir' 'cmTC_b5fcf.'
gmake[1]: Leaving directory '/work/maxwell/vascpp/build/CMakeFiles/CMakeTmp'



Parsed C implicit include dir info from above output: rv=done
  found start of include info
  found start of implicit include info
    add: [/opt/apps/hwloc/2.7.1/include]
    add: [/opt/apps/openmpi/4.1.4/include]
    add: [/opt/apps/szip/2.1.1/include]
    add: [/opt/apps/zlib/1.2.12/include]
    add: [/opt/apps/hdf5/1.13.1/include]
    add: [/opt/apps/gcc/12.2.0/lib/gcc/x86_64-redhat-linux/12.2.0/include]
    add: [/usr/local/include]
    add: [/opt/apps/gcc/12.2.0/include]
    add: [/opt/apps/gcc/12.2.0/lib/gcc/x86_64-redhat-linux/12.2.0/include-fixed]
    add: [/usr/include]
  end of search list found
  collapse include dir [/opt/apps/hwloc/2.7.1/include] ==> [/opt/apps/hwloc/2.7.1/include]
  collapse include dir [/opt/apps/openmpi/4.1.4/include] ==> [/opt/apps/openmpi/4.1.4/include]
  collapse include dir [/opt/apps/szip/2.1.1/include] ==> [/opt/apps/szip/2.1.1/include]
  collapse include dir [/opt/apps/zlib/1.2.12/include] ==> [/opt/apps/zlib/1.2.12/include]
  collapse include dir [/opt/apps/hdf5/1.13.1/include] ==> [/opt/apps/hdf5/1.13.1/include]
  collapse include dir [/opt/apps/gcc/12.2.0/lib/gcc/x86_64-redhat-linux/12.2.0/include] ==> [/opt/apps/gcc/12.2.0/lib/gcc/x86_64-redhat-linux/12.2.0/include]
  collapse include dir [/usr/local/include] ==> [/usr/local/include]
  collapse include dir [/opt/apps/gcc/12.2.0/include] ==> [/opt/apps/gcc/12.2.0/include]
  collapse include dir [/opt/apps/gcc/12.2.0/lib/gcc/x86_64-redhat-linux/12.2.0/include-fixed] ==> [/opt/apps/gcc/12.2.0/lib/gcc/x86_64-redhat-linux/12.2.0/include-fixed]
  collapse include dir [/usr/include] ==> [/usr/include]
  implicit include dirs: [/opt/apps/hwloc/2.7.1/include;/opt/apps/openmpi/4.1.4/include;/opt/apps/szip/2.1.1/include;/opt/apps/zlib/1.2.12/include;/opt/apps/hdf5/1.13.1/include;/opt/apps/gcc/12.2.0/lib/gcc/x86_64-redhat-linux/12.2.0/include;/usr/local/include;/opt/apps/gcc/12.2.0/include;/opt/apps/gcc/12.2.0/lib/gcc/x86_64-redhat-linux/12.2.0/include-fixed;/usr/include]


Parsed C implicit link information from above output:
  link line regex: [^( *|.*[/\])(ld|CMAKE_LINK_STARTFILE-NOTFOUND|([^/\]+-)?ld|collect2)[^/\]*( |$)]
  ignore line: [Change Dir: /work/maxwell/vascpp/build/CMakeFiles/CMakeTmp]
  ignore line: []
  ignore line: [Run Build Command(s):/usr/bin/gmake -f Makefile cmTC_b5fcf/fast && /usr/bin/gmake  -f CMakeFiles/cmTC_b5fcf.dir/build.make CMakeFiles/cmTC_b5fcf.dir/build]
  ignore line: [gmake[1]: Entering directory '/work/maxwell/vascpp/build/CMakeFiles/CMakeTmp']
  ignore line: [Building C object CMakeFiles/cmTC_b5fcf.dir/CMakeCCompilerABI.c.o]
  ignore line: [/opt/apps/gcc/12.2.0/bin/gcc   -v -o CMakeFiles/cmTC_b5fcf.dir/CMakeCCompilerABI.c.o -c /usr/share/cmake/Modules/CMakeCCompilerABI.c]
  ignore line: [Using built-in specs.]
  ignore line: [COLLECT_GCC=/opt/apps/gcc/12.2.0/bin/gcc]
  ignore line: [OFFLOAD_TARGET_NAMES=nvptx-none]
  ignore line: [Target: x86_64-redhat-linux]
  ignore line: [Configured with: ./configure --prefix=/opt/apps/gcc/12.2.0 --with-pkgversion=20220829 --enable-bootstrap --enable-shared --enable-threads=posix --enable-checking=release --with-system-zlib --disable-multilib --enable-languages=c,c++,fortran,lto --enable-plugin --with-linker-hash-style=gnu --disable-libunwind-exceptions --enable-gnu-unique-object --enable-__cxa_atexit --enable-initfini-array --disable-libgcj --enable-linker-build-id --enable-gnu-indirect-function --enable-cet --disable-libmpx --with-isl --with-tune=generic --with-arch_32=x86-64 --build=x86_64-redhat-linux --enable-offload-targets=nvptx-none --enable-libssp --enable-gold=yes --enable-ld=default]
  ignore line: [Thread model: posix]
  ignore line: [Supported LTO compression algorithms: zlib zstd]
  ignore line: [gcc version 12.2.0 (20220829) ]
  ignore line: [COLLECT_GCC_OPTIONS='-v' '-o' 'CMakeFiles/cmTC_b5fcf.dir/CMakeCCompilerABI.c.o' '-c' '-mtune=generic' '-march=x86-64' '-dumpdir' 'CMakeFiles/cmTC_b5fcf.dir/']
  ignore line: [ /opt/apps/gcc/12.2.0/libexec/gcc/x86_64-redhat-linux/12.2.0/cc1 -quiet -v /usr/share/cmake/Modules/CMakeCCompilerABI.c -quiet -dumpdir CMakeFiles/cmTC_b5fcf.dir/ -dumpbase CMakeCCompilerABI.c.c -dumpbase-ext .c -mtune=generic -march=x86-64 -version -o /tmp/ccmTbJGI.s]
  ignore line: [GNU C17 (20220829) version 12.2.0 (x86_64-redhat-linux)]
  ignore line: [	compiled by GNU C version 12.2.0  GMP version 6.2.1  MPFR version 4.1.0  MPC version 1.2.1  isl version isl-0.24-GMP]
  ignore line: []
  ignore line: [GGC heuristics: --param ggc-min-expand=100 --param ggc-min-heapsize=131072]
  ignore line: [ignoring nonexistent directory "/opt/apps/gcc/12.2.0/lib/gcc/x86_64-redhat-linux/12.2.0/../../../../x86_64-redhat-linux/include"]
  ignore line: [ignoring duplicate directory "/opt/apps/gcc/12.2.0/include"]
  ignore line: [  as it is a non-system directory that duplicates a system directory]
  ignore line: [#include "..." search starts here:]
  ignore line: [#include <...> search starts here:]
  ignore line: [ /opt/apps/hwloc/2.7.1/include]
  ignore line: [ /opt/apps/openmpi/4.1.4/include]
  ignore line: [ /opt/apps/szip/2.1.1/include]
  ignore line: [ /opt/apps/zlib/1.2.12/include]
  ignore line: [ /opt/apps/hdf5/1.13.1/include]
  ignore line: [ /opt/apps/gcc/12.2.0/lib/gcc/x86_64-redhat-linux/12.2.0/include]
  ignore line: [ /usr/local/include]
  ignore line: [ /opt/apps/gcc/12.2.0/include]
  ignore line: [ /opt/apps/gcc/12.2.0/lib/gcc/x86_64-redhat-linux/12.2.0/include-fixed]
  ignore line: [ /usr/include]
  ignore line: [End of search list.]
  ignore line: [GNU C17 (20220829) version 12.2.0 (x86_64-redhat-linux)]
  ignore line: [	compiled by GNU C version 12.2.0  GMP version 6.2.1  MPFR version 4.1.0  MPC version 1.2.1  isl version isl-0.24-GMP]
  ignore line: []
  ignore line: [GGC heuristics: --param ggc-min-expand=100 --param ggc-min-heapsize=131072]
  ignore line: [Compiler executable checksum: 1f4a563fc021d0f33e6b9cf81d5abffb]
  ignore line: [COLLECT_GCC_OPTIONS='-v' '-o' 'CMakeFiles/cmTC_b5fcf.dir/CMakeCCompilerABI.c.o' '-c' '-mtune=generic' '-march=x86-64' '-dumpdir' 'CMakeFiles/cmTC_b5fcf.dir/']
  ignore line: [ as -v --64 -o CMakeFiles/cmTC_b5fcf.dir/CMakeCCompilerABI.c.o /tmp/ccmTbJGI.s]
  ignore line: [GNU assembler version 2.30 (x86_64-redhat-linux) using BFD version version 2.30-117.el8]
  ignore line: [COMPILER_PATH=/opt/apps/gcc/12.2.0/libexec/gcc/x86_64-redhat-linux/12.2.0/:/opt/apps/gcc/12.2.0/libexec/gcc/x86_64-redhat-linux/12.2.0/:/opt/apps/gcc/12.2.0/libexec/gcc/x86_64-redhat-linux/:/opt/apps/gcc/12.2.0/lib/gcc/x86_64-redhat-linux/12.2.0/:/opt/apps/gcc/12.2.0/lib/gcc/x86_64-redhat-linux/]
  ignore line: [LIBRARY_PATH=/opt/apps/gcc/12.2.0/lib/gcc/x86_64-redhat-linux/12.2.0/:/opt/apps/gcc/12.2.0/lib/gcc/x86_64-redhat-linux/12.2.0/../../../../lib64/:/lib/../lib64/:/usr/lib/../lib64/:/opt/apps/gcc/12.2.0/lib/gcc/x86_64-redhat-linux/12.2.0/../../../:/lib/:/usr/lib/]
  ignore line: [COLLECT_GCC_OPTIONS='-v' '-o' 'CMakeFiles/cmTC_b5fcf.dir/CMakeCCompilerABI.c.o' '-c' '-mtune=generic' '-march=x86-64' '-dumpdir' 'CMakeFiles/cmTC_b5fcf.dir/CMakeCCompilerABI.c.']
  ignore line: [Linking C executable cmTC_b5fcf]
  ignore line: [/usr/bin/cmake -E cmake_link_script CMakeFiles/cmTC_b5fcf.dir/link.txt --verbose=1]
  ignore line: [/opt/apps/gcc/12.2.0/bin/gcc  -v CMakeFiles/cmTC_b5fcf.dir/CMakeCCompilerABI.c.o -o cmTC_b5fcf ]
  ignore line: [Using built-in specs.]
  ignore line: [COLLECT_GCC=/opt/apps/gcc/12.2.0/bin/gcc]
  ignore line: [COLLECT_LTO_WRAPPER=/opt/apps/gcc/12.2.0/libexec/gcc/x86_64-redhat-linux/12.2.0/lto-wrapper]
  ignore line: [OFFLOAD_TARGET_NAMES=nvptx-none]
  ignore line: [Target: x86_64-redhat-linux]
  ignore line: [Configured with: ./configure --prefix=/opt/apps/gcc/12.2.0 --with-pkgversion=20220829 --enable-bootstrap --enable-shared --enable-threads=posix --enable-checking=release --with-system-zlib --disable-multilib --enable-languages=c,c++,fortran,lto --enable-plugin --with-linker-hash-style=gnu --disable-libunwind-exceptions --enable-gnu-unique-object --enable-__cxa_atexit --enable-initfini-array --disable-libgcj --enable-linker-build-id --enable-gnu-indirect-function --enable-cet --disable-libmpx --with-isl --with-tune=generic --with-arch_32=x86-64 --build=x86_64-redhat-linux --enable-offload-targets=nvptx-none --enable-libssp --enable-gold=yes --enable-ld=default]
  ignore line: [Thread model: posix]
  ignore line: [Supported LTO compression algorithms: zlib zstd]
  ignore line: [gcc version 12.2.0 (20220829) ]
  ignore line: [COMPILER_PATH=/opt/apps/gcc/12.2.0/libexec/gcc/x86_64-redhat-linux/12.2.0/:/opt/apps/gcc/12.2.0/libexec/gcc/x86_64-redhat-linux/12.2.0/:/opt/apps/gcc/12.2.0/libexec/gcc/x86_64-redhat-linux/:/opt/apps/gcc/12.2.0/lib/gcc/x86_64-redhat-linux/12.2.0/:/opt/apps/gcc/12.2.0/lib/gcc/x86_64-redhat-linux/]
  ignore line: [LIBRARY_PATH=/opt/apps/gcc/12.2.0/lib/gcc/x86_64-redhat-linux/12.2.0/:/opt/apps/gcc/12.2.0/lib/gcc/x86_64-redhat-linux/12.2.0/../../../../lib64/:/lib/../lib64/:/usr/lib/../lib64/:/opt/apps/gcc/12.2.0/lib/gcc/x86_64-redhat-linux/12.2.0/../../../:/lib/:/usr/lib/]
  ignore line: [COLLECT_GCC_OPTIONS='-v' '-o' 'cmTC_b5fcf' '-mtune=generic' '-march=x86-64' '-dumpdir' 'cmTC_b5fcf.']
  link line: [ /opt/apps/gcc/12.2.0/libexec/gcc/x86_64-redhat-linux/12.2.0/collect2 -plugin /opt/apps/gcc/12.2.0/libexec/gcc/x86_64-redhat-linux/12.2.0/liblto_plugin.so -plugin-opt=/opt/apps/gcc/12.2.0/libexec/gcc/x86_64-redhat-linux/12.2.0/lto-wrapper -plugin-opt=-fresolution=/tmp/ccsO8D6L.res -plugin-opt=-pass-through=-lgcc -plugin-opt=-pass-through=-lgcc_s -plugin-opt=-pass-through=-lc -plugin-opt=-pass-through=-lgcc -plugin-opt=-pass-through=-lgcc_s --build-id --eh-frame-hdr --hash-style=gnu -m elf_x86_64 -dynamic-linker /lib64/ld-linux-x86-64.so.2 -o cmTC_b5fcf /lib/../lib64/crt1.o /lib/../lib64/crti.o /opt/apps/gcc/12.2.0/lib/gcc/x86_64-redhat-linux/12.2.0/crtbegin.o -L/opt/apps/gcc/12.2.0/lib/gcc/x86_64-redhat-linux/12.2.0 -L/opt/apps/gcc/12.2.0/lib/gcc/x86_64-redhat-linux/12.2.0/../../../../lib64 -L/lib/../lib64 -L/usr/lib/../lib64 -L/opt/apps/gcc/12.2.0/lib/gcc/x86_64-redhat-linux/12.2.0/../../.. CMakeFiles/cmTC_b5fcf.dir/CMakeCCompilerABI.c.o -lgcc --push-state --as-needed -lgcc_s --pop-state -lc -lgcc --push-state --as-needed -lgcc_s --pop-state /opt/apps/gcc/12.2.0/lib/gcc/x86_64-redhat-linux/12.2.0/crtend.o /lib/../lib64/crtn.o]
    arg [/opt/apps/gcc/12.2.0/libexec/gcc/x86_64-redhat-linux/12.2.0/collect2] ==> ignore
    arg [-plugin] ==> ignore
    arg [/opt/apps/gcc/12.2.0/libexec/gcc/x86_64-redhat-linux/12.2.0/liblto_plugin.so] ==> ignore
    arg [-plugin-opt=/opt/apps/gcc/12.2.0/libexec/gcc/x86_64-redhat-linux/12.2.0/lto-wrapper] ==> ignore
    arg [-plugin-opt=-fresolution=/tmp/ccsO8D6L.res] ==> ignore
    arg [-plugin-opt=-pass-through=-lgcc] ==> ignore
    arg [-plugin-opt=-pass-through=-lgcc_s] ==> ignore
    arg [-plugin-opt=-pass-through=-lc] ==> ignore
    arg [-plugin-opt=-pass-through=-lgcc] ==> ignore
    arg [-plugin-opt=-pass-through=-lgcc_s] ==> ignore
    arg [--build-id] ==> ignore
    arg [--eh-frame-hdr] ==> ignore
    arg [--hash-style=gnu] ==> ignore
    arg [-m] ==> ignore
    arg [elf_x86_64] ==> ignore
    arg [-dynamic-linker] ==> ignore
    arg [/lib64/ld-linux-x86-64.so.2] ==> ignore
    arg [-o] ==> ignore
    arg [cmTC_b5fcf] ==> ignore
    arg [/lib/../lib64/crt1.o] ==> obj [/lib/../lib64/crt1.o]
    arg [/lib/../lib64/crti.o] ==> obj [/lib/../lib64/crti.o]
    arg [/opt/apps/gcc/12.2.0/lib/gcc/x86_64-redhat-linux/12.2.0/crtbegin.o] ==> obj [/opt/apps/gcc/12.2.0/lib/gcc/x86_64-redhat-linux/12.2.0/crtbegin.o]
    arg [-L/opt/apps/gcc/12.2.0/lib/gcc/x86_64-redhat-linux/12.2.0] ==> dir [/opt/apps/gcc/12.2.0/lib/gcc/x86_64-redhat-linux/12.2.0]
    arg [-L/opt/apps/gcc/12.2.0/lib/gcc/x86_64-redhat-linux/12.2.0/../../../../lib64] ==> dir [/opt/apps/gcc/12.2.0/lib/gcc/x86_64-redhat-linux/12.2.0/../../../../lib64]
    arg [-L/lib/../lib64] ==> dir [/lib/../lib64]
    arg [-L/usr/lib/../lib64] ==> dir [/usr/lib/../lib64]
    arg [-L/opt/apps/gcc/12.2.0/lib/gcc/x86_64-redhat-linux/12.2.0/../../..] ==> dir [/opt/apps/gcc/12.2.0/lib/gcc/x86_64-redhat-linux/12.2.0/../../..]
    arg [CMakeFiles/cmTC_b5fcf.dir/CMakeCCompilerABI.c.o] ==> ignore
    arg [-lgcc] ==> lib [gcc]
    arg [--push-state] ==> ignore
    arg [--as-needed] ==> ignore
    arg [-lgcc_s] ==> lib [gcc_s]
    arg [--pop-state] ==> ignore
    arg [-lc] ==> lib [c]
    arg [-lgcc] ==> lib [gcc]
    arg [--push-state] ==> ignore
    arg [--as-needed] ==> ignore
    arg [-lgcc_s] ==> lib [gcc_s]
    arg [--pop-state] ==> ignore
    arg [/opt/apps/gcc/12.2.0/lib/gcc/x86_64-redhat-linux/12.2.0/crtend.o] ==> obj [/opt/apps/gcc/12.2.0/lib/gcc/x86_64-redhat-linux/12.2.0/crtend.o]
    arg [/lib/../lib64/crtn.o] ==> obj [/lib/../lib64/crtn.o]
  collapse obj [/lib/../lib64/crt1.o] ==> [/lib64/crt1.o]
  collapse obj [/lib/../lib64/crti.o] ==> [/lib64/crti.o]
  collapse obj [/lib/../lib64/crtn.o] ==> [/lib64/crtn.o]
  collapse library dir [/opt/apps/gcc/12.2.0/lib/gcc/x86_64-redhat-linux/12.2.0] ==> [/opt/apps/gcc/12.2.0/lib/gcc/x86_64-redhat-linux/12.2.0]
  collapse library dir [/opt/apps/gcc/12.2.0/lib/gcc/x86_64-redhat-linux/12.2.0/../../../../lib64] ==> [/opt/apps/gcc/12.2.0/lib64]
  collapse library dir [/lib/../lib64] ==> [/lib64]
  collapse library dir [/usr/lib/../lib64] ==> [/usr/lib64]
  collapse library dir [/opt/apps/gcc/12.2.0/lib/gcc/x86_64-redhat-linux/12.2.0/../../..] ==> [/opt/apps/gcc/12.2.0/lib]
  implicit libs: [gcc;gcc_s;c;gcc;gcc_s]
  implicit objs: [/lib64/crt1.o;/lib64/crti.o;/opt/apps/gcc/12.2.0/lib/gcc/x86_64-redhat-linux/12.2.0/crtbegin.o;/opt/apps/gcc/12.2.0/lib/gcc/x86_64-redhat-linux/12.2.0/crtend.o;/lib64/crtn.o]
  implicit dirs: [/opt/apps/gcc/12.2.0/lib/gcc/x86_64-redhat-linux/12.2.0;/opt/apps/gcc/12.2.0/lib64;/lib64;/usr/lib64;/opt/apps/gcc/12.2.0/lib]
  implicit fwks: []


Detecting CXX compiler ABI info compiled with the following output:
Change Dir: /work/maxwell/vascpp/build/CMakeFiles/CMakeTmp

Run Build Command(s):/usr/bin/gmake -f Makefile cmTC_8cd49/fast && /usr/bin/gmake  -f CMakeFiles/cmTC_8cd49.dir/build.make CMakeFiles/cmTC_8cd49.dir/build
gmake[1]: Entering directory '/work/maxwell/vascpp/build/CMakeFiles/CMakeTmp'
Building CXX object CMakeFiles/cmTC_8cd49.dir/CMakeCXXCompilerABI.cpp.o
/opt/apps/gcc/12.2.0/bin/g++   -v -o CMakeFiles/cmTC_8cd49.dir/CMakeCXXCompilerABI.cpp.o -c /usr/share/cmake/Modules/CMakeCXXCompilerABI.cpp
Using built-in specs.
COLLECT_GCC=/opt/apps/gcc/12.2.0/bin/g++
OFFLOAD_TARGET_NAMES=nvptx-none
Target: x86_64-redhat-linux
Configured with: ./configure --prefix=/opt/apps/gcc/12.2.0 --with-pkgversion=20220829 --enable-bootstrap --enable-shared --enable-threads=posix --enable-checking=release --with-system-zlib --disable-multilib --enable-languages=c,c++,fortran,lto --enable-plugin --with-linker-hash-style=gnu --disable-libunwind-exceptions --enable-gnu-unique-object --enable-__cxa_atexit --enable-initfini-array --disable-libgcj --enable-linker-build-id --enable-gnu-indirect-function --enable-cet --disable-libmpx --with-isl --with-tune=generic --with-arch_32=x86-64 --build=x86_64-redhat-linux --enable-offload-targets=nvptx-none --enable-libssp --enable-gold=yes --enable-ld=default
Thread model: posix
Supported LTO compression algorithms: zlib zstd
gcc version 12.2.0 (20220829) 
COLLECT_GCC_OPTIONS='-v' '-o' 'CMakeFiles/cmTC_8cd49.dir/CMakeCXXCompilerABI.cpp.o' '-c' '-shared-libgcc' '-mtune=generic' '-march=x86-64' '-dumpdir' 'CMakeFiles/cmTC_8cd49.dir/'
 /opt/apps/gcc/12.2.0/libexec/gcc/x86_64-redhat-linux/12.2.0/cc1plus -quiet -v -D_GNU_SOURCE /usr/share/cmake/Modules/CMakeCXXCompilerABI.cpp -quiet -dumpdir CMakeFiles/cmTC_8cd49.dir/ -dumpbase CMakeCXXCompilerABI.cpp.cpp -dumpbase-ext .cpp -mtune=generic -march=x86-64 -version -o /tmp/ccBh7OsH.s
GNU C++17 (20220829) version 12.2.0 (x86_64-redhat-linux)
	compiled by GNU C version 12.2.0, GMP version 6.2.1, MPFR version 4.1.0, MPC version 1.2.1, isl version isl-0.24-GMP

GGC heuristics: --param ggc-min-expand=100 --param ggc-min-heapsize=131072
ignoring nonexistent directory "/opt/apps/gcc/12.2.0/lib/gcc/x86_64-redhat-linux/12.2.0/../../../../x86_64-redhat-linux/include"
ignoring duplicate directory "/opt/apps/gcc/12.2.0/include"
  as it is a non-system directory that duplicates a system directory
#include "..." search starts here:
#include <...> search starts here:
 /opt/apps/hwloc/2.7.1/include
 /opt/apps/openmpi/4.1.4/include
 /opt/apps/szip/2.1.1/include
 /opt/apps/zlib/1.2.12/include
 /opt/apps/hdf5/1.13.1/include
 /opt/apps/gcc/12.2.0/lib/gcc/x86_64-redhat-linux/12.2.0/../../../../include/c++/12.2.0
 /opt/apps/gcc/12.2.0/lib/gcc/x86_64-redhat-linux/12.2.0/../../../../include/c++/12.2.0/x86_64-redhat-linux
 /opt/apps/gcc/12.2.0/lib/gcc/x86_64-redhat-linux/12.2.0/../../../../include/c++/12.2.0/backward
 /opt/apps/gcc/12.2.0/lib/gcc/x86_64-redhat-linux/12.2.0/include
 /usr/local/include
 /opt/apps/gcc/12.2.0/include
 /opt/apps/gcc/12.2.0/lib/gcc/x86_64-redhat-linux/12.2.0/include-fixed
 /usr/include
End of search list.
GNU C++17 (20220829) version 12.2.0 (x86_64-redhat-linux)
	compiled by GNU C version 12.2.0, GMP version 6.2.1, MPFR version 4.1.0, MPC version 1.2.1, isl version isl-0.24-GMP

GGC heuristics: --param ggc-min-expand=100 --param ggc-min-heapsize=131072
Compiler executable checksum: 85f3c329135555c27a1ea9aa558e4cbb
COLLECT_GCC_OPTIONS='-v' '-o' 'CMakeFiles/cmTC_8cd49.dir/CMakeCXXCompilerABI.cpp.o' '-c' '-shared-libgcc' '-mtune=generic' '-march=x86-64' '-dumpdir' 'CMakeFiles/cmTC_8cd49.dir/'
 as -v --64 -o CMakeFiles/cmTC_8cd49.dir/CMakeCXXCompilerABI.cpp.o /tmp/ccBh7OsH.s
GNU assembler version 2.30 (x86_64-redhat-linux) using BFD version version 2.30-117.el8
COMPILER_PATH=/opt/apps/gcc/12.2.0/libexec/gcc/x86_64-redhat-linux/12.2.0/:/opt/apps/gcc/12.2.0/libexec/gcc/x86_64-redhat-linux/12.2.0/:/opt/apps/gcc/12.2.0/libexec/gcc/x86_64-redhat-linux/:/opt/apps/gcc/12.2.0/lib/gcc/x86_64-redhat-linux/12.2.0/:/opt/apps/gcc/12.2.0/lib/gcc/x86_64-redhat-linux/
LIBRARY_PATH=/opt/apps/gcc/12.2.0/lib/gcc/x86_64-redhat-linux/12.2.0/:/opt/apps/gcc/12.2.0/lib/gcc/x86_64-redhat-linux/12.2.0/../../../../lib64/:/lib/../lib64/:/usr/lib/../lib64/:/opt/apps/gcc/12.2.0/lib/gcc/x86_64-redhat-linux/12.2.0/../../../:/lib/:/usr/lib/
COLLECT_GCC_OPTIONS='-v' '-o' 'CMakeFiles/cmTC_8cd49.dir/CMakeCXXCompilerABI.cpp.o' '-c' '-shared-libgcc' '-mtune=generic' '-march=x86-64' '-dumpdir' 'CMakeFiles/cmTC_8cd49.dir/CMakeCXXCompilerABI.cpp.'
Linking CXX executable cmTC_8cd49
/usr/bin/cmake -E cmake_link_script CMakeFiles/cmTC_8cd49.dir/link.txt --verbose=1
/opt/apps/gcc/12.2.0/bin/g++  -v CMakeFiles/cmTC_8cd49.dir/CMakeCXXCompilerABI.cpp.o -o cmTC_8cd49 
Using built-in specs.
COLLECT_GCC=/opt/apps/gcc/12.2.0/bin/g++
COLLECT_LTO_WRAPPER=/opt/apps/gcc/12.2.0/libexec/gcc/x86_64-redhat-linux/12.2.0/lto-wrapper
OFFLOAD_TARGET_NAMES=nvptx-none
Target: x86_64-redhat-linux
Configured with: ./configure --prefix=/opt/apps/gcc/12.2.0 --with-pkgversion=20220829 --enable-bootstrap --enable-shared --enable-threads=posix --enable-checking=release --with-system-zlib --disable-multilib --enable-languages=c,c++,fortran,lto --enable-plugin --with-linker-hash-style=gnu --disable-libunwind-exceptions --enable-gnu-unique-object --enable-__cxa_atexit --enable-initfini-array --disable-libgcj --enable-linker-build-id --enable-gnu-indirect-function --enable-cet --disable-libmpx --with-isl --with-tune=generic --with-arch_32=x86-64 --build=x86_64-redhat-linux --enable-offload-targets=nvptx-none --enable-libssp --enable-gold=yes --enable-ld=default
Thread model: posix
Supported LTO compression algorithms: zlib zstd
gcc version 12.2.0 (20220829) 
COMPILER_PATH=/opt/apps/gcc/12.2.0/libexec/gcc/x86_64-redhat-linux/12.2.0/:/opt/apps/gcc/12.2.0/libexec/gcc/x86_64-redhat-linux/12.2.0/:/opt/apps/gcc/12.2.0/libexec/gcc/x86_64-redhat-linux/:/opt/apps/gcc/12.2.0/lib/gcc/x86_64-redhat-linux/12.2.0/:/opt/apps/gcc/12.2.0/lib/gcc/x86_64-redhat-linux/
LIBRARY_PATH=/opt/apps/gcc/12.2.0/lib/gcc/x86_64-redhat-linux/12.2.0/:/opt/apps/gcc/12.2.0/lib/gcc/x86_64-redhat-linux/12.2.0/../../../../lib64/:/lib/../lib64/:/usr/lib/../lib64/:/opt/apps/gcc/12.2.0/lib/gcc/x86_64-redhat-linux/12.2.0/../../../:/lib/:/usr/lib/
COLLECT_GCC_OPTIONS='-v' '-o' 'cmTC_8cd49' '-shared-libgcc' '-mtune=generic' '-march=x86-64' '-dumpdir' 'cmTC_8cd49.'
 /opt/apps/gcc/12.2.0/libexec/gcc/x86_64-redhat-linux/12.2.0/collect2 -plugin /opt/apps/gcc/12.2.0/libexec/gcc/x86_64-redhat-linux/12.2.0/liblto_plugin.so -plugin-opt=/opt/apps/gcc/12.2.0/libexec/gcc/x86_64-redhat-linux/12.2.0/lto-wrapper -plugin-opt=-fresolution=/tmp/cc1BBz4G.res -plugin-opt=-pass-through=-lgcc_s -plugin-opt=-pass-through=-lgcc -plugin-opt=-pass-through=-lc -plugin-opt=-pass-through=-lgcc_s -plugin-opt=-pass-through=-lgcc --build-id --eh-frame-hdr --hash-style=gnu -m elf_x86_64 -dynamic-linker /lib64/ld-linux-x86-64.so.2 -o cmTC_8cd49 /lib/../lib64/crt1.o /lib/../lib64/crti.o /opt/apps/gcc/12.2.0/lib/gcc/x86_64-redhat-linux/12.2.0/crtbegin.o -L/opt/apps/gcc/12.2.0/lib/gcc/x86_64-redhat-linux/12.2.0 -L/opt/apps/gcc/12.2.0/lib/gcc/x86_64-redhat-linux/12.2.0/../../../../lib64 -L/lib/../lib64 -L/usr/lib/../lib64 -L/opt/apps/gcc/12.2.0/lib/gcc/x86_64-redhat-linux/12.2.0/../../.. CMakeFiles/cmTC_8cd49.dir/CMakeCXXCompilerABI.cpp.o -lstdc++ -lm -lgcc_s -lgcc -lc -lgcc_s -lgcc /opt/apps/gcc/12.2.0/lib/gcc/x86_64-redhat-linux/12.2.0/crtend.o /lib/../lib64/crtn.o
COLLECT_GCC_OPTIONS='-v' '-o' 'cmTC_8cd49' '-shared-libgcc' '-mtune=generic' '-march=x86-64' '-dumpdir' 'cmTC_8cd49.'
gmake[1]: Leaving directory '/work/maxwell/vascpp/build/CMakeFiles/CMakeTmp'



Parsed CXX implicit include dir info from above output: rv=done
  found start of include info
  found start of implicit include info
    add: [/opt/apps/hwloc/2.7.1/include]
    add: [/opt/apps/openmpi/4.1.4/include]
    add: [/opt/apps/szip/2.1.1/include]
    add: [/opt/apps/zlib/1.2.12/include]
    add: [/opt/apps/hdf5/1.13.1/include]
    add: [/opt/apps/gcc/12.2.0/lib/gcc/x86_64-redhat-linux/12.2.0/../../../../include/c++/12.2.0]
    add: [/opt/apps/gcc/12.2.0/lib/gcc/x86_64-redhat-linux/12.2.0/../../../../include/c++/12.2.0/x86_64-redhat-linux]
    add: [/opt/apps/gcc/12.2.0/lib/gcc/x86_64-redhat-linux/12.2.0/../../../../include/c++/12.2.0/backward]
    add: [/opt/apps/gcc/12.2.0/lib/gcc/x86_64-redhat-linux/12.2.0/include]
    add: [/usr/local/include]
    add: [/opt/apps/gcc/12.2.0/include]
    add: [/opt/apps/gcc/12.2.0/lib/gcc/x86_64-redhat-linux/12.2.0/include-fixed]
    add: [/usr/include]
  end of search list found
  collapse include dir [/opt/apps/hwloc/2.7.1/include] ==> [/opt/apps/hwloc/2.7.1/include]
  collapse include dir [/opt/apps/openmpi/4.1.4/include] ==> [/opt/apps/openmpi/4.1.4/include]
  collapse include dir [/opt/apps/szip/2.1.1/include] ==> [/opt/apps/szip/2.1.1/include]
  collapse include dir [/opt/apps/zlib/1.2.12/include] ==> [/opt/apps/zlib/1.2.12/include]
  collapse include dir [/opt/apps/hdf5/1.13.1/include] ==> [/opt/apps/hdf5/1.13.1/include]
  collapse include dir [/opt/apps/gcc/12.2.0/lib/gcc/x86_64-redhat-linux/12.2.0/../../../../include/c++/12.2.0] ==> [/opt/apps/gcc/12.2.0/include/c++/12.2.0]
  collapse include dir [/opt/apps/gcc/12.2.0/lib/gcc/x86_64-redhat-linux/12.2.0/../../../../include/c++/12.2.0/x86_64-redhat-linux] ==> [/opt/apps/gcc/12.2.0/include/c++/12.2.0/x86_64-redhat-linux]
  collapse include dir [/opt/apps/gcc/12.2.0/lib/gcc/x86_64-redhat-linux/12.2.0/../../../../include/c++/12.2.0/backward] ==> [/opt/apps/gcc/12.2.0/include/c++/12.2.0/backward]
  collapse include dir [/opt/apps/gcc/12.2.0/lib/gcc/x86_64-redhat-linux/12.2.0/include] ==> [/opt/apps/gcc/12.2.0/lib/gcc/x86_64-redhat-linux/12.2.0/include]
  collapse include dir [/usr/local/include] ==> [/usr/local/include]
  collapse include dir [/opt/apps/gcc/12.2.0/include] ==> [/opt/apps/gcc/12.2.0/include]
  collapse include dir [/opt/apps/gcc/12.2.0/lib/gcc/x86_64-redhat-linux/12.2.0/include-fixed] ==> [/opt/apps/gcc/12.2.0/lib/gcc/x86_64-redhat-linux/12.2.0/include-fixed]
  collapse include dir [/usr/include] ==> [/usr/include]
  implicit include dirs: [/opt/apps/hwloc/2.7.1/include;/opt/apps/openmpi/4.1.4/include;/opt/apps/szip/2.1.1/include;/opt/apps/zlib/1.2.12/include;/opt/apps/hdf5/1.13.1/include;/opt/apps/gcc/12.2.0/include/c++/12.2.0;/opt/apps/gcc/12.2.0/include/c++/12.2.0/x86_64-redhat-linux;/opt/apps/gcc/12.2.0/include/c++/12.2.0/backward;/opt/apps/gcc/12.2.0/lib/gcc/x86_64-redhat-linux/12.2.0/include;/usr/local/include;/opt/apps/gcc/12.2.0/include;/opt/apps/gcc/12.2.0/lib/gcc/x86_64-redhat-linux/12.2.0/include-fixed;/usr/include]


Parsed CXX implicit link information from above output:
  link line regex: [^( *|.*[/\])(ld|CMAKE_LINK_STARTFILE-NOTFOUND|([^/\]+-)?ld|collect2)[^/\]*( |$)]
  ignore line: [Change Dir: /work/maxwell/vascpp/build/CMakeFiles/CMakeTmp]
  ignore line: []
  ignore line: [Run Build Command(s):/usr/bin/gmake -f Makefile cmTC_8cd49/fast && /usr/bin/gmake  -f CMakeFiles/cmTC_8cd49.dir/build.make CMakeFiles/cmTC_8cd49.dir/build]
  ignore line: [gmake[1]: Entering directory '/work/maxwell/vascpp/build/CMakeFiles/CMakeTmp']
  ignore line: [Building CXX object CMakeFiles/cmTC_8cd49.dir/CMakeCXXCompilerABI.cpp.o]
  ignore line: [/opt/apps/gcc/12.2.0/bin/g++   -v -o CMakeFiles/cmTC_8cd49.dir/CMakeCXXCompilerABI.cpp.o -c /usr/share/cmake/Modules/CMakeCXXCompilerABI.cpp]
  ignore line: [Using built-in specs.]
  ignore line: [COLLECT_GCC=/opt/apps/gcc/12.2.0/bin/g++]
  ignore line: [OFFLOAD_TARGET_NAMES=nvptx-none]
  ignore line: [Target: x86_64-redhat-linux]
  ignore line: [Configured with: ./configure --prefix=/opt/apps/gcc/12.2.0 --with-pkgversion=20220829 --enable-bootstrap --enable-shared --enable-threads=posix --enable-checking=release --with-system-zlib --disable-multilib --enable-languages=c,c++,fortran,lto --enable-plugin --with-linker-hash-style=gnu --disable-libunwind-exceptions --enable-gnu-unique-object --enable-__cxa_atexit --enable-initfini-array --disable-libgcj --enable-linker-build-id --enable-gnu-indirect-function --enable-cet --disable-libmpx --with-isl --with-tune=generic --with-arch_32=x86-64 --build=x86_64-redhat-linux --enable-offload-targets=nvptx-none --enable-libssp --enable-gold=yes --enable-ld=default]
  ignore line: [Thread model: posix]
  ignore line: [Supported LTO compression algorithms: zlib zstd]
  ignore line: [gcc version 12.2.0 (20220829) ]
  ignore line: [COLLECT_GCC_OPTIONS='-v' '-o' 'CMakeFiles/cmTC_8cd49.dir/CMakeCXXCompilerABI.cpp.o' '-c' '-shared-libgcc' '-mtune=generic' '-march=x86-64' '-dumpdir' 'CMakeFiles/cmTC_8cd49.dir/']
  ignore line: [ /opt/apps/gcc/12.2.0/libexec/gcc/x86_64-redhat-linux/12.2.0/cc1plus -quiet -v -D_GNU_SOURCE /usr/share/cmake/Modules/CMakeCXXCompilerABI.cpp -quiet -dumpdir CMakeFiles/cmTC_8cd49.dir/ -dumpbase CMakeCXXCompilerABI.cpp.cpp -dumpbase-ext .cpp -mtune=generic -march=x86-64 -version -o /tmp/ccBh7OsH.s]
  ignore line: [GNU C++17 (20220829) version 12.2.0 (x86_64-redhat-linux)]
  ignore line: [	compiled by GNU C version 12.2.0  GMP version 6.2.1  MPFR version 4.1.0  MPC version 1.2.1  isl version isl-0.24-GMP]
  ignore line: []
  ignore line: [GGC heuristics: --param ggc-min-expand=100 --param ggc-min-heapsize=131072]
  ignore line: [ignoring nonexistent directory "/opt/apps/gcc/12.2.0/lib/gcc/x86_64-redhat-linux/12.2.0/../../../../x86_64-redhat-linux/include"]
  ignore line: [ignoring duplicate directory "/opt/apps/gcc/12.2.0/include"]
  ignore line: [  as it is a non-system directory that duplicates a system directory]
  ignore line: [#include "..." search starts here:]
  ignore line: [#include <...> search starts here:]
  ignore line: [ /opt/apps/hwloc/2.7.1/include]
  ignore line: [ /opt/apps/openmpi/4.1.4/include]
  ignore line: [ /opt/apps/szip/2.1.1/include]
  ignore line: [ /opt/apps/zlib/1.2.12/include]
  ignore line: [ /opt/apps/hdf5/1.13.1/include]
  ignore line: [ /opt/apps/gcc/12.2.0/lib/gcc/x86_64-redhat-linux/12.2.0/../../../../include/c++/12.2.0]
  ignore line: [ /opt/apps/gcc/12.2.0/lib/gcc/x86_64-redhat-linux/12.2.0/../../../../include/c++/12.2.0/x86_64-redhat-linux]
  ignore line: [ /opt/apps/gcc/12.2.0/lib/gcc/x86_64-redhat-linux/12.2.0/../../../../include/c++/12.2.0/backward]
  ignore line: [ /opt/apps/gcc/12.2.0/lib/gcc/x86_64-redhat-linux/12.2.0/include]
  ignore line: [ /usr/local/include]
  ignore line: [ /opt/apps/gcc/12.2.0/include]
  ignore line: [ /opt/apps/gcc/12.2.0/lib/gcc/x86_64-redhat-linux/12.2.0/include-fixed]
  ignore line: [ /usr/include]
  ignore line: [End of search list.]
  ignore line: [GNU C++17 (20220829) version 12.2.0 (x86_64-redhat-linux)]
  ignore line: [	compiled by GNU C version 12.2.0  GMP version 6.2.1  MPFR version 4.1.0  MPC version 1.2.1  isl version isl-0.24-GMP]
  ignore line: []
  ignore line: [GGC heuristics: --param ggc-min-expand=100 --param ggc-min-heapsize=131072]
  ignore line: [Compiler executable checksum: 85f3c329135555c27a1ea9aa558e4cbb]
  ignore line: [COLLECT_GCC_OPTIONS='-v' '-o' 'CMakeFiles/cmTC_8cd49.dir/CMakeCXXCompilerABI.cpp.o' '-c' '-shared-libgcc' '-mtune=generic' '-march=x86-64' '-dumpdir' 'CMakeFiles/cmTC_8cd49.dir/']
  ignore line: [ as -v --64 -o CMakeFiles/cmTC_8cd49.dir/CMakeCXXCompilerABI.cpp.o /tmp/ccBh7OsH.s]
  ignore line: [GNU assembler version 2.30 (x86_64-redhat-linux) using BFD version version 2.30-117.el8]
  ignore line: [COMPILER_PATH=/opt/apps/gcc/12.2.0/libexec/gcc/x86_64-redhat-linux/12.2.0/:/opt/apps/gcc/12.2.0/libexec/gcc/x86_64-redhat-linux/12.2.0/:/opt/apps/gcc/12.2.0/libexec/gcc/x86_64-redhat-linux/:/opt/apps/gcc/12.2.0/lib/gcc/x86_64-redhat-linux/12.2.0/:/opt/apps/gcc/12.2.0/lib/gcc/x86_64-redhat-linux/]
  ignore line: [LIBRARY_PATH=/opt/apps/gcc/12.2.0/lib/gcc/x86_64-redhat-linux/12.2.0/:/opt/apps/gcc/12.2.0/lib/gcc/x86_64-redhat-linux/12.2.0/../../../../lib64/:/lib/../lib64/:/usr/lib/../lib64/:/opt/apps/gcc/12.2.0/lib/gcc/x86_64-redhat-linux/12.2.0/../../../:/lib/:/usr/lib/]
  ignore line: [COLLECT_GCC_OPTIONS='-v' '-o' 'CMakeFiles/cmTC_8cd49.dir/CMakeCXXCompilerABI.cpp.o' '-c' '-shared-libgcc' '-mtune=generic' '-march=x86-64' '-dumpdir' 'CMakeFiles/cmTC_8cd49.dir/CMakeCXXCompilerABI.cpp.']
  ignore line: [Linking CXX executable cmTC_8cd49]
  ignore line: [/usr/bin/cmake -E cmake_link_script CMakeFiles/cmTC_8cd49.dir/link.txt --verbose=1]
  ignore line: [/opt/apps/gcc/12.2.0/bin/g++  -v CMakeFiles/cmTC_8cd49.dir/CMakeCXXCompilerABI.cpp.o -o cmTC_8cd49 ]
  ignore line: [Using built-in specs.]
  ignore line: [COLLECT_GCC=/opt/apps/gcc/12.2.0/bin/g++]
  ignore line: [COLLECT_LTO_WRAPPER=/opt/apps/gcc/12.2.0/libexec/gcc/x86_64-redhat-linux/12.2.0/lto-wrapper]
  ignore line: [OFFLOAD_TARGET_NAMES=nvptx-none]
  ignore line: [Target: x86_64-redhat-linux]
  ignore line: [Configured with: ./configure --prefix=/opt/apps/gcc/12.2.0 --with-pkgversion=20220829 --enable-bootstrap --enable-shared --enable-threads=posix --enable-checking=release --with-system-zlib --disable-multilib --enable-languages=c,c++,fortran,lto --enable-plugin --with-linker-hash-style=gnu --disable-libunwind-exceptions --enable-gnu-unique-object --enable-__cxa_atexit --enable-initfini-array --disable-libgcj --enable-linker-build-id --enable-gnu-indirect-function --enable-cet --disable-libmpx --with-isl --with-tune=generic --with-arch_32=x86-64 --build=x86_64-redhat-linux --enable-offload-targets=nvptx-none --enable-libssp --enable-gold=yes --enable-ld=default]
  ignore line: [Thread model: posix]
  ignore line: [Supported LTO compression algorithms: zlib zstd]
  ignore line: [gcc version 12.2.0 (20220829) ]
  ignore line: [COMPILER_PATH=/opt/apps/gcc/12.2.0/libexec/gcc/x86_64-redhat-linux/12.2.0/:/opt/apps/gcc/12.2.0/libexec/gcc/x86_64-redhat-linux/12.2.0/:/opt/apps/gcc/12.2.0/libexec/gcc/x86_64-redhat-linux/:/opt/apps/gcc/12.2.0/lib/gcc/x86_64-redhat-linux/12.2.0/:/opt/apps/gcc/12.2.0/lib/gcc/x86_64-redhat-linux/]
  ignore line: [LIBRARY_PATH=/opt/apps/gcc/12.2.0/lib/gcc/x86_64-redhat-linux/12.2.0/:/opt/apps/gcc/12.2.0/lib/gcc/x86_64-redhat-linux/12.2.0/../../../../lib64/:/lib/../lib64/:/usr/lib/../lib64/:/opt/apps/gcc/12.2.0/lib/gcc/x86_64-redhat-linux/12.2.0/../../../:/lib/:/usr/lib/]
  ignore line: [COLLECT_GCC_OPTIONS='-v' '-o' 'cmTC_8cd49' '-shared-libgcc' '-mtune=generic' '-march=x86-64' '-dumpdir' 'cmTC_8cd49.']
  link line: [ /opt/apps/gcc/12.2.0/libexec/gcc/x86_64-redhat-linux/12.2.0/collect2 -plugin /opt/apps/gcc/12.2.0/libexec/gcc/x86_64-redhat-linux/12.2.0/liblto_plugin.so -plugin-opt=/opt/apps/gcc/12.2.0/libexec/gcc/x86_64-redhat-linux/12.2.0/lto-wrapper -plugin-opt=-fresolution=/tmp/cc1BBz4G.res -plugin-opt=-pass-through=-lgcc_s -plugin-opt=-pass-through=-lgcc -plugin-opt=-pass-through=-lc -plugin-opt=-pass-through=-lgcc_s -plugin-opt=-pass-through=-lgcc --build-id --eh-frame-hdr --hash-style=gnu -m elf_x86_64 -dynamic-linker /lib64/ld-linux-x86-64.so.2 -o cmTC_8cd49 /lib/../lib64/crt1.o /lib/../lib64/crti.o /opt/apps/gcc/12.2.0/lib/gcc/x86_64-redhat-linux/12.2.0/crtbegin.o -L/opt/apps/gcc/12.2.0/lib/gcc/x86_64-redhat-linux/12.2.0 -L/opt/apps/gcc/12.2.0/lib/gcc/x86_64-redhat-linux/12.2.0/../../../../lib64 -L/lib/../lib64 -L/usr/lib/../lib64 -L/opt/apps/gcc/12.2.0/lib/gcc/x86_64-redhat-linux/12.2.0/../../.. CMakeFiles/cmTC_8cd49.dir/CMakeCXXCompilerABI.cpp.o -lstdc++ -lm -lgcc_s -lgcc -lc -lgcc_s -lgcc /opt/apps/gcc/12.2.0/lib/gcc/x86_64-redhat-linux/12.2.0/crtend.o /lib/../lib64/crtn.o]
    arg [/opt/apps/gcc/12.2.0/libexec/gcc/x86_64-redhat-linux/12.2.0/collect2] ==> ignore
    arg [-plugin] ==> ignore
    arg [/opt/apps/gcc/12.2.0/libexec/gcc/x86_64-redhat-linux/12.2.0/liblto_plugin.so] ==> ignore
    arg [-plugin-opt=/opt/apps/gcc/12.2.0/libexec/gcc/x86_64-redhat-linux/12.2.0/lto-wrapper] ==> ignore
    arg [-plugin-opt=-fresolution=/tmp/cc1BBz4G.res] ==> ignore
    arg [-plugin-opt=-pass-through=-lgcc_s] ==> ignore
    arg [-plugin-opt=-pass-through=-lgcc] ==> ignore
    arg [-plugin-opt=-pass-through=-lc] ==> ignore
    arg [-plugin-opt=-pass-through=-lgcc_s] ==> ignore
    arg [-plugin-opt=-pass-through=-lgcc] ==> ignore
    arg [--build-id] ==> ignore
    arg [--eh-frame-hdr] ==> ignore
    arg [--hash-style=gnu] ==> ignore
    arg [-m] ==> ignore
    arg [elf_x86_64] ==> ignore
    arg [-dynamic-linker] ==> ignore
    arg [/lib64/ld-linux-x86-64.so.2] ==> ignore
    arg [-o] ==> ignore
    arg [cmTC_8cd49] ==> ignore
    arg [/lib/../lib64/crt1.o] ==> obj [/lib/../lib64/crt1.o]
    arg [/lib/../lib64/crti.o] ==> obj [/lib/../lib64/crti.o]
    arg [/opt/apps/gcc/12.2.0/lib/gcc/x86_64-redhat-linux/12.2.0/crtbegin.o] ==> obj [/opt/apps/gcc/12.2.0/lib/gcc/x86_64-redhat-linux/12.2.0/crtbegin.o]
    arg [-L/opt/apps/gcc/12.2.0/lib/gcc/x86_64-redhat-linux/12.2.0] ==> dir [/opt/apps/gcc/12.2.0/lib/gcc/x86_64-redhat-linux/12.2.0]
    arg [-L/opt/apps/gcc/12.2.0/lib/gcc/x86_64-redhat-linux/12.2.0/../../../../lib64] ==> dir [/opt/apps/gcc/12.2.0/lib/gcc/x86_64-redhat-linux/12.2.0/../../../../lib64]
    arg [-L/lib/../lib64] ==> dir [/lib/../lib64]
    arg [-L/usr/lib/../lib64] ==> dir [/usr/lib/../lib64]
    arg [-L/opt/apps/gcc/12.2.0/lib/gcc/x86_64-redhat-linux/12.2.0/../../..] ==> dir [/opt/apps/gcc/12.2.0/lib/gcc/x86_64-redhat-linux/12.2.0/../../..]
    arg [CMakeFiles/cmTC_8cd49.dir/CMakeCXXCompilerABI.cpp.o] ==> ignore
    arg [-lstdc++] ==> lib [stdc++]
    arg [-lm] ==> lib [m]
    arg [-lgcc_s] ==> lib [gcc_s]
    arg [-lgcc] ==> lib [gcc]
    arg [-lc] ==> lib [c]
    arg [-lgcc_s] ==> lib [gcc_s]
    arg [-lgcc] ==> lib [gcc]
    arg [/opt/apps/gcc/12.2.0/lib/gcc/x86_64-redhat-linux/12.2.0/crtend.o] ==> obj [/opt/apps/gcc/12.2.0/lib/gcc/x86_64-redhat-linux/12.2.0/crtend.o]
    arg [/lib/../lib64/crtn.o] ==> obj [/lib/../lib64/crtn.o]
  collapse obj [/lib/../lib64/crt1.o] ==> [/lib64/crt1.o]
  collapse obj [/lib/../lib64/crti.o] ==> [/lib64/crti.o]
  collapse obj [/lib/../lib64/crtn.o] ==> [/lib64/crtn.o]
  collapse library dir [/opt/apps/gcc/12.2.0/lib/gcc/x86_64-redhat-linux/12.2.0] ==> [/opt/apps/gcc/12.2.0/lib/gcc/x86_64-redhat-linux/12.2.0]
  collapse library dir [/opt/apps/gcc/12.2.0/lib/gcc/x86_64-redhat-linux/12.2.0/../../../../lib64] ==> [/opt/apps/gcc/12.2.0/lib64]
  collapse library dir [/lib/../lib64] ==> [/lib64]
  collapse library dir [/usr/lib/../lib64] ==> [/usr/lib64]
  collapse library dir [/opt/apps/gcc/12.2.0/lib/gcc/x86_64-redhat-linux/12.2.0/../../..] ==> [/opt/apps/gcc/12.2.0/lib]
  implicit libs: [stdc++;m;gcc_s;gcc;c;gcc_s;gcc]
  implicit objs: [/lib64/crt1.o;/lib64/crti.o;/opt/apps/gcc/12.2.0/lib/gcc/x86_64-redhat-linux/12.2.0/crtbegin.o;/opt/apps/gcc/12.2.0/lib/gcc/x86_64-redhat-linux/12.2.0/crtend.o;/lib64/crtn.o]
  implicit dirs: [/opt/apps/gcc/12.2.0/lib/gcc/x86_64-redhat-linux/12.2.0;/opt/apps/gcc/12.2.0/lib64;/lib64;/usr/lib64;/opt/apps/gcc/12.2.0/lib]
  implicit fwks: []


The system is: Linux - 4.18.0-425.3.1.el8.x86_64 - x86_64
Compiling the C compiler identification source file "CMakeCCompilerId.c" succeeded.
Compiler: /opt/apps/gcc/12.2.0/bin/gcc 
Build flags: 
Id flags:  

The output was:
0


Compilation of the C compiler identification source "CMakeCCompilerId.c" produced "a.out"

The C compiler identification is GNU, found in "/work/maxwell/vascpp/build/CMakeFiles/3.25.1/CompilerIdC/a.out"

Compiling the CXX compiler identification source file "CMakeCXXCompilerId.cpp" succeeded.
Compiler: /opt/apps/gcc/12.2.0/bin/g++ 
Build flags: 
Id flags:  

The output was:
0


Compilation of the CXX compiler identification source "CMakeCXXCompilerId.cpp" produced "a.out"

The CXX compiler identification is GNU, found in "/work/maxwell/vascpp/build/CMakeFiles/3.25.1/CompilerIdCXX/a.out"

Detecting C compiler ABI info compiled with the following output:
Change Dir: /work/maxwell/vascpp/build/CMakeFiles/CMakeScratch/TryCompile-gqUwKQ

Run Build Command(s):/usr/bin/gmake -f Makefile cmTC_c62fb/fast && /usr/bin/gmake  -f CMakeFiles/cmTC_c62fb.dir/build.make CMakeFiles/cmTC_c62fb.dir/build
gmake[1]: Entering directory '/work/maxwell/vascpp/build/CMakeFiles/CMakeScratch/TryCompile-gqUwKQ'
Building C object CMakeFiles/cmTC_c62fb.dir/CMakeCCompilerABI.c.o
/opt/apps/gcc/12.2.0/bin/gcc   -v -o CMakeFiles/cmTC_c62fb.dir/CMakeCCompilerABI.c.o -c /work/maxwell/spack/opt/spack/linux-rhel8-skylake_avx512/gcc-8.5.0/cmake-3.25.1-xpn7zpwm47iwkcvb5aj42lcric732l3z/share/cmake-3.25/Modules/CMakeCCompilerABI.c
Using built-in specs.
COLLECT_GCC=/opt/apps/gcc/12.2.0/bin/gcc
OFFLOAD_TARGET_NAMES=nvptx-none
Target: x86_64-redhat-linux
Configured with: ./configure --prefix=/opt/apps/gcc/12.2.0 --with-pkgversion=20220829 --enable-bootstrap --enable-shared --enable-threads=posix --enable-checking=release --with-system-zlib --disable-multilib --enable-languages=c,c++,fortran,lto --enable-plugin --with-linker-hash-style=gnu --disable-libunwind-exceptions --enable-gnu-unique-object --enable-__cxa_atexit --enable-initfini-array --disable-libgcj --enable-linker-build-id --enable-gnu-indirect-function --enable-cet --disable-libmpx --with-isl --with-tune=generic --with-arch_32=x86-64 --build=x86_64-redhat-linux --enable-offload-targets=nvptx-none --enable-libssp --enable-gold=yes --enable-ld=default
Thread model: posix
Supported LTO compression algorithms: zlib zstd
gcc version 12.2.0 (20220829) 
COLLECT_GCC_OPTIONS='-v' '-o' 'CMakeFiles/cmTC_c62fb.dir/CMakeCCompilerABI.c.o' '-c' '-mtune=generic' '-march=x86-64' '-dumpdir' 'CMakeFiles/cmTC_c62fb.dir/'
 /opt/apps/gcc/12.2.0/libexec/gcc/x86_64-redhat-linux/12.2.0/cc1 -quiet -v /work/maxwell/spack/opt/spack/linux-rhel8-skylake_avx512/gcc-8.5.0/cmake-3.25.1-xpn7zpwm47iwkcvb5aj42lcric732l3z/share/cmake-3.25/Modules/CMakeCCompilerABI.c -quiet -dumpdir CMakeFiles/cmTC_c62fb.dir/ -dumpbase CMakeCCompilerABI.c.c -dumpbase-ext .c -mtune=generic -march=x86-64 -version -o /tmp/ccQny1Xb.s
GNU C17 (20220829) version 12.2.0 (x86_64-redhat-linux)
	compiled by GNU C version 12.2.0, GMP version 6.2.1, MPFR version 4.1.0, MPC version 1.2.1, isl version isl-0.24-GMP

GGC heuristics: --param ggc-min-expand=100 --param ggc-min-heapsize=131072
ignoring nonexistent directory "/opt/apps/gcc/12.2.0/lib/gcc/x86_64-redhat-linux/12.2.0/../../../../x86_64-redhat-linux/include"
ignoring duplicate directory "/opt/apps/gcc/12.2.0/include"
  as it is a non-system directory that duplicates a system directory
#include "..." search starts here:
#include <...> search starts here:
 /opt/apps/hwloc/2.7.1/include
 /opt/apps/openmpi/4.1.4/include
 /opt/apps/szip/2.1.1/include
 /opt/apps/zlib/1.2.12/include
 /opt/apps/hdf5/1.13.1/include
 /opt/apps/gcc/12.2.0/lib/gcc/x86_64-redhat-linux/12.2.0/include
 /usr/local/include
 /opt/apps/gcc/12.2.0/include
 /opt/apps/gcc/12.2.0/lib/gcc/x86_64-redhat-linux/12.2.0/include-fixed
 /usr/include
End of search list.
GNU C17 (20220829) version 12.2.0 (x86_64-redhat-linux)
	compiled by GNU C version 12.2.0, GMP version 6.2.1, MPFR version 4.1.0, MPC version 1.2.1, isl version isl-0.24-GMP

GGC heuristics: --param ggc-min-expand=100 --param ggc-min-heapsize=131072
Compiler executable checksum: 1f4a563fc021d0f33e6b9cf81d5abffb
COLLECT_GCC_OPTIONS='-v' '-o' 'CMakeFiles/cmTC_c62fb.dir/CMakeCCompilerABI.c.o' '-c' '-mtune=generic' '-march=x86-64' '-dumpdir' 'CMakeFiles/cmTC_c62fb.dir/'
 as -v --64 -o CMakeFiles/cmTC_c62fb.dir/CMakeCCompilerABI.c.o /tmp/ccQny1Xb.s
GNU assembler version 2.30 (x86_64-redhat-linux) using BFD version version 2.30-117.el8
COMPILER_PATH=/opt/apps/gcc/12.2.0/libexec/gcc/x86_64-redhat-linux/12.2.0/:/opt/apps/gcc/12.2.0/libexec/gcc/x86_64-redhat-linux/12.2.0/:/opt/apps/gcc/12.2.0/libexec/gcc/x86_64-redhat-linux/:/opt/apps/gcc/12.2.0/lib/gcc/x86_64-redhat-linux/12.2.0/:/opt/apps/gcc/12.2.0/lib/gcc/x86_64-redhat-linux/
LIBRARY_PATH=/opt/apps/gcc/12.2.0/lib/gcc/x86_64-redhat-linux/12.2.0/:/opt/apps/gcc/12.2.0/lib/gcc/x86_64-redhat-linux/12.2.0/../../../../lib64/:/lib/../lib64/:/usr/lib/../lib64/:/opt/apps/gcc/12.2.0/lib/gcc/x86_64-redhat-linux/12.2.0/../../../:/lib/:/usr/lib/
COLLECT_GCC_OPTIONS='-v' '-o' 'CMakeFiles/cmTC_c62fb.dir/CMakeCCompilerABI.c.o' '-c' '-mtune=generic' '-march=x86-64' '-dumpdir' 'CMakeFiles/cmTC_c62fb.dir/CMakeCCompilerABI.c.'
Linking C executable cmTC_c62fb
/work/maxwell/spack/opt/spack/linux-rhel8-skylake_avx512/gcc-8.5.0/cmake-3.25.1-xpn7zpwm47iwkcvb5aj42lcric732l3z/bin/cmake -E cmake_link_script CMakeFiles/cmTC_c62fb.dir/link.txt --verbose=1
/opt/apps/gcc/12.2.0/bin/gcc  -v CMakeFiles/cmTC_c62fb.dir/CMakeCCompilerABI.c.o -o cmTC_c62fb 
Using built-in specs.
COLLECT_GCC=/opt/apps/gcc/12.2.0/bin/gcc
COLLECT_LTO_WRAPPER=/opt/apps/gcc/12.2.0/libexec/gcc/x86_64-redhat-linux/12.2.0/lto-wrapper
OFFLOAD_TARGET_NAMES=nvptx-none
Target: x86_64-redhat-linux
Configured with: ./configure --prefix=/opt/apps/gcc/12.2.0 --with-pkgversion=20220829 --enable-bootstrap --enable-shared --enable-threads=posix --enable-checking=release --with-system-zlib --disable-multilib --enable-languages=c,c++,fortran,lto --enable-plugin --with-linker-hash-style=gnu --disable-libunwind-exceptions --enable-gnu-unique-object --enable-__cxa_atexit --enable-initfini-array --disable-libgcj --enable-linker-build-id --enable-gnu-indirect-function --enable-cet --disable-libmpx --with-isl --with-tune=generic --with-arch_32=x86-64 --build=x86_64-redhat-linux --enable-offload-targets=nvptx-none --enable-libssp --enable-gold=yes --enable-ld=default
Thread model: posix
Supported LTO compression algorithms: zlib zstd
gcc version 12.2.0 (20220829) 
COMPILER_PATH=/opt/apps/gcc/12.2.0/libexec/gcc/x86_64-redhat-linux/12.2.0/:/opt/apps/gcc/12.2.0/libexec/gcc/x86_64-redhat-linux/12.2.0/:/opt/apps/gcc/12.2.0/libexec/gcc/x86_64-redhat-linux/:/opt/apps/gcc/12.2.0/lib/gcc/x86_64-redhat-linux/12.2.0/:/opt/apps/gcc/12.2.0/lib/gcc/x86_64-redhat-linux/
LIBRARY_PATH=/opt/apps/gcc/12.2.0/lib/gcc/x86_64-redhat-linux/12.2.0/:/opt/apps/gcc/12.2.0/lib/gcc/x86_64-redhat-linux/12.2.0/../../../../lib64/:/lib/../lib64/:/usr/lib/../lib64/:/opt/apps/gcc/12.2.0/lib/gcc/x86_64-redhat-linux/12.2.0/../../../:/lib/:/usr/lib/
COLLECT_GCC_OPTIONS='-v' '-o' 'cmTC_c62fb' '-mtune=generic' '-march=x86-64' '-dumpdir' 'cmTC_c62fb.'
 /opt/apps/gcc/12.2.0/libexec/gcc/x86_64-redhat-linux/12.2.0/collect2 -plugin /opt/apps/gcc/12.2.0/libexec/gcc/x86_64-redhat-linux/12.2.0/liblto_plugin.so -plugin-opt=/opt/apps/gcc/12.2.0/libexec/gcc/x86_64-redhat-linux/12.2.0/lto-wrapper -plugin-opt=-fresolution=/tmp/ccWaUwI8.res -plugin-opt=-pass-through=-lgcc -plugin-opt=-pass-through=-lgcc_s -plugin-opt=-pass-through=-lc -plugin-opt=-pass-through=-lgcc -plugin-opt=-pass-through=-lgcc_s --build-id --eh-frame-hdr --hash-style=gnu -m elf_x86_64 -dynamic-linker /lib64/ld-linux-x86-64.so.2 -o cmTC_c62fb /lib/../lib64/crt1.o /lib/../lib64/crti.o /opt/apps/gcc/12.2.0/lib/gcc/x86_64-redhat-linux/12.2.0/crtbegin.o -L/opt/apps/gcc/12.2.0/lib/gcc/x86_64-redhat-linux/12.2.0 -L/opt/apps/gcc/12.2.0/lib/gcc/x86_64-redhat-linux/12.2.0/../../../../lib64 -L/lib/../lib64 -L/usr/lib/../lib64 -L/opt/apps/gcc/12.2.0/lib/gcc/x86_64-redhat-linux/12.2.0/../../.. CMakeFiles/cmTC_c62fb.dir/CMakeCCompilerABI.c.o -lgcc --push-state --as-needed -lgcc_s --pop-state -lc -lgcc --push-state --as-needed -lgcc_s --pop-state /opt/apps/gcc/12.2.0/lib/gcc/x86_64-redhat-linux/12.2.0/crtend.o /lib/../lib64/crtn.o
COLLECT_GCC_OPTIONS='-v' '-o' 'cmTC_c62fb' '-mtune=generic' '-march=x86-64' '-dumpdir' 'cmTC_c62fb.'
gmake[1]: Leaving directory '/work/maxwell/vascpp/build/CMakeFiles/CMakeScratch/TryCompile-gqUwKQ'



Parsed C implicit include dir info from above output: rv=done
  found start of include info
  found start of implicit include info
    add: [/opt/apps/hwloc/2.7.1/include]
    add: [/opt/apps/openmpi/4.1.4/include]
    add: [/opt/apps/szip/2.1.1/include]
    add: [/opt/apps/zlib/1.2.12/include]
    add: [/opt/apps/hdf5/1.13.1/include]
    add: [/opt/apps/gcc/12.2.0/lib/gcc/x86_64-redhat-linux/12.2.0/include]
    add: [/usr/local/include]
    add: [/opt/apps/gcc/12.2.0/include]
    add: [/opt/apps/gcc/12.2.0/lib/gcc/x86_64-redhat-linux/12.2.0/include-fixed]
    add: [/usr/include]
  end of search list found
  collapse include dir [/opt/apps/hwloc/2.7.1/include] ==> [/opt/apps/hwloc/2.7.1/include]
  collapse include dir [/opt/apps/openmpi/4.1.4/include] ==> [/opt/apps/openmpi/4.1.4/include]
  collapse include dir [/opt/apps/szip/2.1.1/include] ==> [/opt/apps/szip/2.1.1/include]
  collapse include dir [/opt/apps/zlib/1.2.12/include] ==> [/opt/apps/zlib/1.2.12/include]
  collapse include dir [/opt/apps/hdf5/1.13.1/include] ==> [/opt/apps/hdf5/1.13.1/include]
  collapse include dir [/opt/apps/gcc/12.2.0/lib/gcc/x86_64-redhat-linux/12.2.0/include] ==> [/opt/apps/gcc/12.2.0/lib/gcc/x86_64-redhat-linux/12.2.0/include]
  collapse include dir [/usr/local/include] ==> [/usr/local/include]
  collapse include dir [/opt/apps/gcc/12.2.0/include] ==> [/opt/apps/gcc/12.2.0/include]
  collapse include dir [/opt/apps/gcc/12.2.0/lib/gcc/x86_64-redhat-linux/12.2.0/include-fixed] ==> [/opt/apps/gcc/12.2.0/lib/gcc/x86_64-redhat-linux/12.2.0/include-fixed]
  collapse include dir [/usr/include] ==> [/usr/include]
  implicit include dirs: [/opt/apps/hwloc/2.7.1/include;/opt/apps/openmpi/4.1.4/include;/opt/apps/szip/2.1.1/include;/opt/apps/zlib/1.2.12/include;/opt/apps/hdf5/1.13.1/include;/opt/apps/gcc/12.2.0/lib/gcc/x86_64-redhat-linux/12.2.0/include;/usr/local/include;/opt/apps/gcc/12.2.0/include;/opt/apps/gcc/12.2.0/lib/gcc/x86_64-redhat-linux/12.2.0/include-fixed;/usr/include]


Parsed C implicit link information from above output:
  link line regex: [^( *|.*[/\])(ld|CMAKE_LINK_STARTFILE-NOTFOUND|([^/\]+-)?ld|collect2)[^/\]*( |$)]
  ignore line: [Change Dir: /work/maxwell/vascpp/build/CMakeFiles/CMakeScratch/TryCompile-gqUwKQ]
  ignore line: []
  ignore line: [Run Build Command(s):/usr/bin/gmake -f Makefile cmTC_c62fb/fast && /usr/bin/gmake  -f CMakeFiles/cmTC_c62fb.dir/build.make CMakeFiles/cmTC_c62fb.dir/build]
  ignore line: [gmake[1]: Entering directory '/work/maxwell/vascpp/build/CMakeFiles/CMakeScratch/TryCompile-gqUwKQ']
  ignore line: [Building C object CMakeFiles/cmTC_c62fb.dir/CMakeCCompilerABI.c.o]
  ignore line: [/opt/apps/gcc/12.2.0/bin/gcc   -v -o CMakeFiles/cmTC_c62fb.dir/CMakeCCompilerABI.c.o -c /work/maxwell/spack/opt/spack/linux-rhel8-skylake_avx512/gcc-8.5.0/cmake-3.25.1-xpn7zpwm47iwkcvb5aj42lcric732l3z/share/cmake-3.25/Modules/CMakeCCompilerABI.c]
  ignore line: [Using built-in specs.]
  ignore line: [COLLECT_GCC=/opt/apps/gcc/12.2.0/bin/gcc]
  ignore line: [OFFLOAD_TARGET_NAMES=nvptx-none]
  ignore line: [Target: x86_64-redhat-linux]
  ignore line: [Configured with: ./configure --prefix=/opt/apps/gcc/12.2.0 --with-pkgversion=20220829 --enable-bootstrap --enable-shared --enable-threads=posix --enable-checking=release --with-system-zlib --disable-multilib --enable-languages=c,c++,fortran,lto --enable-plugin --with-linker-hash-style=gnu --disable-libunwind-exceptions --enable-gnu-unique-object --enable-__cxa_atexit --enable-initfini-array --disable-libgcj --enable-linker-build-id --enable-gnu-indirect-function --enable-cet --disable-libmpx --with-isl --with-tune=generic --with-arch_32=x86-64 --build=x86_64-redhat-linux --enable-offload-targets=nvptx-none --enable-libssp --enable-gold=yes --enable-ld=default]
  ignore line: [Thread model: posix]
  ignore line: [Supported LTO compression algorithms: zlib zstd]
  ignore line: [gcc version 12.2.0 (20220829) ]
  ignore line: [COLLECT_GCC_OPTIONS='-v' '-o' 'CMakeFiles/cmTC_c62fb.dir/CMakeCCompilerABI.c.o' '-c' '-mtune=generic' '-march=x86-64' '-dumpdir' 'CMakeFiles/cmTC_c62fb.dir/']
  ignore line: [ /opt/apps/gcc/12.2.0/libexec/gcc/x86_64-redhat-linux/12.2.0/cc1 -quiet -v /work/maxwell/spack/opt/spack/linux-rhel8-skylake_avx512/gcc-8.5.0/cmake-3.25.1-xpn7zpwm47iwkcvb5aj42lcric732l3z/share/cmake-3.25/Modules/CMakeCCompilerABI.c -quiet -dumpdir CMakeFiles/cmTC_c62fb.dir/ -dumpbase CMakeCCompilerABI.c.c -dumpbase-ext .c -mtune=generic -march=x86-64 -version -o /tmp/ccQny1Xb.s]
  ignore line: [GNU C17 (20220829) version 12.2.0 (x86_64-redhat-linux)]
  ignore line: [	compiled by GNU C version 12.2.0  GMP version 6.2.1  MPFR version 4.1.0  MPC version 1.2.1  isl version isl-0.24-GMP]
  ignore line: []
  ignore line: [GGC heuristics: --param ggc-min-expand=100 --param ggc-min-heapsize=131072]
  ignore line: [ignoring nonexistent directory "/opt/apps/gcc/12.2.0/lib/gcc/x86_64-redhat-linux/12.2.0/../../../../x86_64-redhat-linux/include"]
  ignore line: [ignoring duplicate directory "/opt/apps/gcc/12.2.0/include"]
  ignore line: [  as it is a non-system directory that duplicates a system directory]
  ignore line: [#include "..." search starts here:]
  ignore line: [#include <...> search starts here:]
  ignore line: [ /opt/apps/hwloc/2.7.1/include]
  ignore line: [ /opt/apps/openmpi/4.1.4/include]
  ignore line: [ /opt/apps/szip/2.1.1/include]
  ignore line: [ /opt/apps/zlib/1.2.12/include]
  ignore line: [ /opt/apps/hdf5/1.13.1/include]
  ignore line: [ /opt/apps/gcc/12.2.0/lib/gcc/x86_64-redhat-linux/12.2.0/include]
  ignore line: [ /usr/local/include]
  ignore line: [ /opt/apps/gcc/12.2.0/include]
  ignore line: [ /opt/apps/gcc/12.2.0/lib/gcc/x86_64-redhat-linux/12.2.0/include-fixed]
  ignore line: [ /usr/include]
  ignore line: [End of search list.]
  ignore line: [GNU C17 (20220829) version 12.2.0 (x86_64-redhat-linux)]
  ignore line: [	compiled by GNU C version 12.2.0  GMP version 6.2.1  MPFR version 4.1.0  MPC version 1.2.1  isl version isl-0.24-GMP]
  ignore line: []
  ignore line: [GGC heuristics: --param ggc-min-expand=100 --param ggc-min-heapsize=131072]
  ignore line: [Compiler executable checksum: 1f4a563fc021d0f33e6b9cf81d5abffb]
  ignore line: [COLLECT_GCC_OPTIONS='-v' '-o' 'CMakeFiles/cmTC_c62fb.dir/CMakeCCompilerABI.c.o' '-c' '-mtune=generic' '-march=x86-64' '-dumpdir' 'CMakeFiles/cmTC_c62fb.dir/']
  ignore line: [ as -v --64 -o CMakeFiles/cmTC_c62fb.dir/CMakeCCompilerABI.c.o /tmp/ccQny1Xb.s]
  ignore line: [GNU assembler version 2.30 (x86_64-redhat-linux) using BFD version version 2.30-117.el8]
  ignore line: [COMPILER_PATH=/opt/apps/gcc/12.2.0/libexec/gcc/x86_64-redhat-linux/12.2.0/:/opt/apps/gcc/12.2.0/libexec/gcc/x86_64-redhat-linux/12.2.0/:/opt/apps/gcc/12.2.0/libexec/gcc/x86_64-redhat-linux/:/opt/apps/gcc/12.2.0/lib/gcc/x86_64-redhat-linux/12.2.0/:/opt/apps/gcc/12.2.0/lib/gcc/x86_64-redhat-linux/]
  ignore line: [LIBRARY_PATH=/opt/apps/gcc/12.2.0/lib/gcc/x86_64-redhat-linux/12.2.0/:/opt/apps/gcc/12.2.0/lib/gcc/x86_64-redhat-linux/12.2.0/../../../../lib64/:/lib/../lib64/:/usr/lib/../lib64/:/opt/apps/gcc/12.2.0/lib/gcc/x86_64-redhat-linux/12.2.0/../../../:/lib/:/usr/lib/]
  ignore line: [COLLECT_GCC_OPTIONS='-v' '-o' 'CMakeFiles/cmTC_c62fb.dir/CMakeCCompilerABI.c.o' '-c' '-mtune=generic' '-march=x86-64' '-dumpdir' 'CMakeFiles/cmTC_c62fb.dir/CMakeCCompilerABI.c.']
  ignore line: [Linking C executable cmTC_c62fb]
  ignore line: [/work/maxwell/spack/opt/spack/linux-rhel8-skylake_avx512/gcc-8.5.0/cmake-3.25.1-xpn7zpwm47iwkcvb5aj42lcric732l3z/bin/cmake -E cmake_link_script CMakeFiles/cmTC_c62fb.dir/link.txt --verbose=1]
  ignore line: [/opt/apps/gcc/12.2.0/bin/gcc  -v CMakeFiles/cmTC_c62fb.dir/CMakeCCompilerABI.c.o -o cmTC_c62fb ]
  ignore line: [Using built-in specs.]
  ignore line: [COLLECT_GCC=/opt/apps/gcc/12.2.0/bin/gcc]
  ignore line: [COLLECT_LTO_WRAPPER=/opt/apps/gcc/12.2.0/libexec/gcc/x86_64-redhat-linux/12.2.0/lto-wrapper]
  ignore line: [OFFLOAD_TARGET_NAMES=nvptx-none]
  ignore line: [Target: x86_64-redhat-linux]
  ignore line: [Configured with: ./configure --prefix=/opt/apps/gcc/12.2.0 --with-pkgversion=20220829 --enable-bootstrap --enable-shared --enable-threads=posix --enable-checking=release --with-system-zlib --disable-multilib --enable-languages=c,c++,fortran,lto --enable-plugin --with-linker-hash-style=gnu --disable-libunwind-exceptions --enable-gnu-unique-object --enable-__cxa_atexit --enable-initfini-array --disable-libgcj --enable-linker-build-id --enable-gnu-indirect-function --enable-cet --disable-libmpx --with-isl --with-tune=generic --with-arch_32=x86-64 --build=x86_64-redhat-linux --enable-offload-targets=nvptx-none --enable-libssp --enable-gold=yes --enable-ld=default]
  ignore line: [Thread model: posix]
  ignore line: [Supported LTO compression algorithms: zlib zstd]
  ignore line: [gcc version 12.2.0 (20220829) ]
  ignore line: [COMPILER_PATH=/opt/apps/gcc/12.2.0/libexec/gcc/x86_64-redhat-linux/12.2.0/:/opt/apps/gcc/12.2.0/libexec/gcc/x86_64-redhat-linux/12.2.0/:/opt/apps/gcc/12.2.0/libexec/gcc/x86_64-redhat-linux/:/opt/apps/gcc/12.2.0/lib/gcc/x86_64-redhat-linux/12.2.0/:/opt/apps/gcc/12.2.0/lib/gcc/x86_64-redhat-linux/]
  ignore line: [LIBRARY_PATH=/opt/apps/gcc/12.2.0/lib/gcc/x86_64-redhat-linux/12.2.0/:/opt/apps/gcc/12.2.0/lib/gcc/x86_64-redhat-linux/12.2.0/../../../../lib64/:/lib/../lib64/:/usr/lib/../lib64/:/opt/apps/gcc/12.2.0/lib/gcc/x86_64-redhat-linux/12.2.0/../../../:/lib/:/usr/lib/]
  ignore line: [COLLECT_GCC_OPTIONS='-v' '-o' 'cmTC_c62fb' '-mtune=generic' '-march=x86-64' '-dumpdir' 'cmTC_c62fb.']
  link line: [ /opt/apps/gcc/12.2.0/libexec/gcc/x86_64-redhat-linux/12.2.0/collect2 -plugin /opt/apps/gcc/12.2.0/libexec/gcc/x86_64-redhat-linux/12.2.0/liblto_plugin.so -plugin-opt=/opt/apps/gcc/12.2.0/libexec/gcc/x86_64-redhat-linux/12.2.0/lto-wrapper -plugin-opt=-fresolution=/tmp/ccWaUwI8.res -plugin-opt=-pass-through=-lgcc -plugin-opt=-pass-through=-lgcc_s -plugin-opt=-pass-through=-lc -plugin-opt=-pass-through=-lgcc -plugin-opt=-pass-through=-lgcc_s --build-id --eh-frame-hdr --hash-style=gnu -m elf_x86_64 -dynamic-linker /lib64/ld-linux-x86-64.so.2 -o cmTC_c62fb /lib/../lib64/crt1.o /lib/../lib64/crti.o /opt/apps/gcc/12.2.0/lib/gcc/x86_64-redhat-linux/12.2.0/crtbegin.o -L/opt/apps/gcc/12.2.0/lib/gcc/x86_64-redhat-linux/12.2.0 -L/opt/apps/gcc/12.2.0/lib/gcc/x86_64-redhat-linux/12.2.0/../../../../lib64 -L/lib/../lib64 -L/usr/lib/../lib64 -L/opt/apps/gcc/12.2.0/lib/gcc/x86_64-redhat-linux/12.2.0/../../.. CMakeFiles/cmTC_c62fb.dir/CMakeCCompilerABI.c.o -lgcc --push-state --as-needed -lgcc_s --pop-state -lc -lgcc --push-state --as-needed -lgcc_s --pop-state /opt/apps/gcc/12.2.0/lib/gcc/x86_64-redhat-linux/12.2.0/crtend.o /lib/../lib64/crtn.o]
    arg [/opt/apps/gcc/12.2.0/libexec/gcc/x86_64-redhat-linux/12.2.0/collect2] ==> ignore
    arg [-plugin] ==> ignore
    arg [/opt/apps/gcc/12.2.0/libexec/gcc/x86_64-redhat-linux/12.2.0/liblto_plugin.so] ==> ignore
    arg [-plugin-opt=/opt/apps/gcc/12.2.0/libexec/gcc/x86_64-redhat-linux/12.2.0/lto-wrapper] ==> ignore
    arg [-plugin-opt=-fresolution=/tmp/ccWaUwI8.res] ==> ignore
    arg [-plugin-opt=-pass-through=-lgcc] ==> ignore
    arg [-plugin-opt=-pass-through=-lgcc_s] ==> ignore
    arg [-plugin-opt=-pass-through=-lc] ==> ignore
    arg [-plugin-opt=-pass-through=-lgcc] ==> ignore
    arg [-plugin-opt=-pass-through=-lgcc_s] ==> ignore
    arg [--build-id] ==> ignore
    arg [--eh-frame-hdr] ==> ignore
    arg [--hash-style=gnu] ==> ignore
    arg [-m] ==> ignore
    arg [elf_x86_64] ==> ignore
    arg [-dynamic-linker] ==> ignore
    arg [/lib64/ld-linux-x86-64.so.2] ==> ignore
    arg [-o] ==> ignore
    arg [cmTC_c62fb] ==> ignore
    arg [/lib/../lib64/crt1.o] ==> obj [/lib/../lib64/crt1.o]
    arg [/lib/../lib64/crti.o] ==> obj [/lib/../lib64/crti.o]
    arg [/opt/apps/gcc/12.2.0/lib/gcc/x86_64-redhat-linux/12.2.0/crtbegin.o] ==> obj [/opt/apps/gcc/12.2.0/lib/gcc/x86_64-redhat-linux/12.2.0/crtbegin.o]
    arg [-L/opt/apps/gcc/12.2.0/lib/gcc/x86_64-redhat-linux/12.2.0] ==> dir [/opt/apps/gcc/12.2.0/lib/gcc/x86_64-redhat-linux/12.2.0]
    arg [-L/opt/apps/gcc/12.2.0/lib/gcc/x86_64-redhat-linux/12.2.0/../../../../lib64] ==> dir [/opt/apps/gcc/12.2.0/lib/gcc/x86_64-redhat-linux/12.2.0/../../../../lib64]
    arg [-L/lib/../lib64] ==> dir [/lib/../lib64]
    arg [-L/usr/lib/../lib64] ==> dir [/usr/lib/../lib64]
    arg [-L/opt/apps/gcc/12.2.0/lib/gcc/x86_64-redhat-linux/12.2.0/../../..] ==> dir [/opt/apps/gcc/12.2.0/lib/gcc/x86_64-redhat-linux/12.2.0/../../..]
    arg [CMakeFiles/cmTC_c62fb.dir/CMakeCCompilerABI.c.o] ==> ignore
    arg [-lgcc] ==> lib [gcc]
    arg [--push-state] ==> ignore
    arg [--as-needed] ==> ignore
    arg [-lgcc_s] ==> lib [gcc_s]
    arg [--pop-state] ==> ignore
    arg [-lc] ==> lib [c]
    arg [-lgcc] ==> lib [gcc]
    arg [--push-state] ==> ignore
    arg [--as-needed] ==> ignore
    arg [-lgcc_s] ==> lib [gcc_s]
    arg [--pop-state] ==> ignore
    arg [/opt/apps/gcc/12.2.0/lib/gcc/x86_64-redhat-linux/12.2.0/crtend.o] ==> obj [/opt/apps/gcc/12.2.0/lib/gcc/x86_64-redhat-linux/12.2.0/crtend.o]
    arg [/lib/../lib64/crtn.o] ==> obj [/lib/../lib64/crtn.o]
  collapse obj [/lib/../lib64/crt1.o] ==> [/lib64/crt1.o]
  collapse obj [/lib/../lib64/crti.o] ==> [/lib64/crti.o]
  collapse obj [/lib/../lib64/crtn.o] ==> [/lib64/crtn.o]
  collapse library dir [/opt/apps/gcc/12.2.0/lib/gcc/x86_64-redhat-linux/12.2.0] ==> [/opt/apps/gcc/12.2.0/lib/gcc/x86_64-redhat-linux/12.2.0]
  collapse library dir [/opt/apps/gcc/12.2.0/lib/gcc/x86_64-redhat-linux/12.2.0/../../../../lib64] ==> [/opt/apps/gcc/12.2.0/lib64]
  collapse library dir [/lib/../lib64] ==> [/lib64]
  collapse library dir [/usr/lib/../lib64] ==> [/usr/lib64]
  collapse library dir [/opt/apps/gcc/12.2.0/lib/gcc/x86_64-redhat-linux/12.2.0/../../..] ==> [/opt/apps/gcc/12.2.0/lib]
  implicit libs: [gcc;gcc_s;c;gcc;gcc_s]
  implicit objs: [/lib64/crt1.o;/lib64/crti.o;/opt/apps/gcc/12.2.0/lib/gcc/x86_64-redhat-linux/12.2.0/crtbegin.o;/opt/apps/gcc/12.2.0/lib/gcc/x86_64-redhat-linux/12.2.0/crtend.o;/lib64/crtn.o]
  implicit dirs: [/opt/apps/gcc/12.2.0/lib/gcc/x86_64-redhat-linux/12.2.0;/opt/apps/gcc/12.2.0/lib64;/lib64;/usr/lib64;/opt/apps/gcc/12.2.0/lib]
  implicit fwks: []


Detecting CXX compiler ABI info compiled with the following output:
Change Dir: /work/maxwell/vascpp/build/CMakeFiles/CMakeScratch/TryCompile-qOI1GN

Run Build Command(s):/usr/bin/gmake -f Makefile cmTC_4e9a6/fast && /usr/bin/gmake  -f CMakeFiles/cmTC_4e9a6.dir/build.make CMakeFiles/cmTC_4e9a6.dir/build
gmake[1]: Entering directory '/work/maxwell/vascpp/build/CMakeFiles/CMakeScratch/TryCompile-qOI1GN'
Building CXX object CMakeFiles/cmTC_4e9a6.dir/CMakeCXXCompilerABI.cpp.o
/opt/apps/gcc/12.2.0/bin/g++   -v -o CMakeFiles/cmTC_4e9a6.dir/CMakeCXXCompilerABI.cpp.o -c /work/maxwell/spack/opt/spack/linux-rhel8-skylake_avx512/gcc-8.5.0/cmake-3.25.1-xpn7zpwm47iwkcvb5aj42lcric732l3z/share/cmake-3.25/Modules/CMakeCXXCompilerABI.cpp
Using built-in specs.
COLLECT_GCC=/opt/apps/gcc/12.2.0/bin/g++
OFFLOAD_TARGET_NAMES=nvptx-none
Target: x86_64-redhat-linux
Configured with: ./configure --prefix=/opt/apps/gcc/12.2.0 --with-pkgversion=20220829 --enable-bootstrap --enable-shared --enable-threads=posix --enable-checking=release --with-system-zlib --disable-multilib --enable-languages=c,c++,fortran,lto --enable-plugin --with-linker-hash-style=gnu --disable-libunwind-exceptions --enable-gnu-unique-object --enable-__cxa_atexit --enable-initfini-array --disable-libgcj --enable-linker-build-id --enable-gnu-indirect-function --enable-cet --disable-libmpx --with-isl --with-tune=generic --with-arch_32=x86-64 --build=x86_64-redhat-linux --enable-offload-targets=nvptx-none --enable-libssp --enable-gold=yes --enable-ld=default
Thread model: posix
Supported LTO compression algorithms: zlib zstd
gcc version 12.2.0 (20220829) 
COLLECT_GCC_OPTIONS='-v' '-o' 'CMakeFiles/cmTC_4e9a6.dir/CMakeCXXCompilerABI.cpp.o' '-c' '-shared-libgcc' '-mtune=generic' '-march=x86-64' '-dumpdir' 'CMakeFiles/cmTC_4e9a6.dir/'
 /opt/apps/gcc/12.2.0/libexec/gcc/x86_64-redhat-linux/12.2.0/cc1plus -quiet -v -D_GNU_SOURCE /work/maxwell/spack/opt/spack/linux-rhel8-skylake_avx512/gcc-8.5.0/cmake-3.25.1-xpn7zpwm47iwkcvb5aj42lcric732l3z/share/cmake-3.25/Modules/CMakeCXXCompilerABI.cpp -quiet -dumpdir CMakeFiles/cmTC_4e9a6.dir/ -dumpbase CMakeCXXCompilerABI.cpp.cpp -dumpbase-ext .cpp -mtune=generic -march=x86-64 -version -o /tmp/ccgHCGu6.s
GNU C++17 (20220829) version 12.2.0 (x86_64-redhat-linux)
	compiled by GNU C version 12.2.0, GMP version 6.2.1, MPFR version 4.1.0, MPC version 1.2.1, isl version isl-0.24-GMP

GGC heuristics: --param ggc-min-expand=100 --param ggc-min-heapsize=131072
ignoring nonexistent directory "/opt/apps/gcc/12.2.0/lib/gcc/x86_64-redhat-linux/12.2.0/../../../../x86_64-redhat-linux/include"
ignoring duplicate directory "/opt/apps/gcc/12.2.0/include"
  as it is a non-system directory that duplicates a system directory
#include "..." search starts here:
#include <...> search starts here:
 /opt/apps/hwloc/2.7.1/include
 /opt/apps/openmpi/4.1.4/include
 /opt/apps/szip/2.1.1/include
 /opt/apps/zlib/1.2.12/include
 /opt/apps/hdf5/1.13.1/include
 /opt/apps/gcc/12.2.0/lib/gcc/x86_64-redhat-linux/12.2.0/../../../../include/c++/12.2.0
 /opt/apps/gcc/12.2.0/lib/gcc/x86_64-redhat-linux/12.2.0/../../../../include/c++/12.2.0/x86_64-redhat-linux
 /opt/apps/gcc/12.2.0/lib/gcc/x86_64-redhat-linux/12.2.0/../../../../include/c++/12.2.0/backward
 /opt/apps/gcc/12.2.0/lib/gcc/x86_64-redhat-linux/12.2.0/include
 /usr/local/include
 /opt/apps/gcc/12.2.0/include
 /opt/apps/gcc/12.2.0/lib/gcc/x86_64-redhat-linux/12.2.0/include-fixed
 /usr/include
End of search list.
GNU C++17 (20220829) version 12.2.0 (x86_64-redhat-linux)
	compiled by GNU C version 12.2.0, GMP version 6.2.1, MPFR version 4.1.0, MPC version 1.2.1, isl version isl-0.24-GMP

GGC heuristics: --param ggc-min-expand=100 --param ggc-min-heapsize=131072
Compiler executable checksum: 85f3c329135555c27a1ea9aa558e4cbb
COLLECT_GCC_OPTIONS='-v' '-o' 'CMakeFiles/cmTC_4e9a6.dir/CMakeCXXCompilerABI.cpp.o' '-c' '-shared-libgcc' '-mtune=generic' '-march=x86-64' '-dumpdir' 'CMakeFiles/cmTC_4e9a6.dir/'
 as -v --64 -o CMakeFiles/cmTC_4e9a6.dir/CMakeCXXCompilerABI.cpp.o /tmp/ccgHCGu6.s
GNU assembler version 2.30 (x86_64-redhat-linux) using BFD version version 2.30-117.el8
COMPILER_PATH=/opt/apps/gcc/12.2.0/libexec/gcc/x86_64-redhat-linux/12.2.0/:/opt/apps/gcc/12.2.0/libexec/gcc/x86_64-redhat-linux/12.2.0/:/opt/apps/gcc/12.2.0/libexec/gcc/x86_64-redhat-linux/:/opt/apps/gcc/12.2.0/lib/gcc/x86_64-redhat-linux/12.2.0/:/opt/apps/gcc/12.2.0/lib/gcc/x86_64-redhat-linux/
LIBRARY_PATH=/opt/apps/gcc/12.2.0/lib/gcc/x86_64-redhat-linux/12.2.0/:/opt/apps/gcc/12.2.0/lib/gcc/x86_64-redhat-linux/12.2.0/../../../../lib64/:/lib/../lib64/:/usr/lib/../lib64/:/opt/apps/gcc/12.2.0/lib/gcc/x86_64-redhat-linux/12.2.0/../../../:/lib/:/usr/lib/
COLLECT_GCC_OPTIONS='-v' '-o' 'CMakeFiles/cmTC_4e9a6.dir/CMakeCXXCompilerABI.cpp.o' '-c' '-shared-libgcc' '-mtune=generic' '-march=x86-64' '-dumpdir' 'CMakeFiles/cmTC_4e9a6.dir/CMakeCXXCompilerABI.cpp.'
Linking CXX executable cmTC_4e9a6
/work/maxwell/spack/opt/spack/linux-rhel8-skylake_avx512/gcc-8.5.0/cmake-3.25.1-xpn7zpwm47iwkcvb5aj42lcric732l3z/bin/cmake -E cmake_link_script CMakeFiles/cmTC_4e9a6.dir/link.txt --verbose=1
/opt/apps/gcc/12.2.0/bin/g++  -v CMakeFiles/cmTC_4e9a6.dir/CMakeCXXCompilerABI.cpp.o -o cmTC_4e9a6 
Using built-in specs.
COLLECT_GCC=/opt/apps/gcc/12.2.0/bin/g++
COLLECT_LTO_WRAPPER=/opt/apps/gcc/12.2.0/libexec/gcc/x86_64-redhat-linux/12.2.0/lto-wrapper
OFFLOAD_TARGET_NAMES=nvptx-none
Target: x86_64-redhat-linux
Configured with: ./configure --prefix=/opt/apps/gcc/12.2.0 --with-pkgversion=20220829 --enable-bootstrap --enable-shared --enable-threads=posix --enable-checking=release --with-system-zlib --disable-multilib --enable-languages=c,c++,fortran,lto --enable-plugin --with-linker-hash-style=gnu --disable-libunwind-exceptions --enable-gnu-unique-object --enable-__cxa_atexit --enable-initfini-array --disable-libgcj --enable-linker-build-id --enable-gnu-indirect-function --enable-cet --disable-libmpx --with-isl --with-tune=generic --with-arch_32=x86-64 --build=x86_64-redhat-linux --enable-offload-targets=nvptx-none --enable-libssp --enable-gold=yes --enable-ld=default
Thread model: posix
Supported LTO compression algorithms: zlib zstd
gcc version 12.2.0 (20220829) 
COMPILER_PATH=/opt/apps/gcc/12.2.0/libexec/gcc/x86_64-redhat-linux/12.2.0/:/opt/apps/gcc/12.2.0/libexec/gcc/x86_64-redhat-linux/12.2.0/:/opt/apps/gcc/12.2.0/libexec/gcc/x86_64-redhat-linux/:/opt/apps/gcc/12.2.0/lib/gcc/x86_64-redhat-linux/12.2.0/:/opt/apps/gcc/12.2.0/lib/gcc/x86_64-redhat-linux/
LIBRARY_PATH=/opt/apps/gcc/12.2.0/lib/gcc/x86_64-redhat-linux/12.2.0/:/opt/apps/gcc/12.2.0/lib/gcc/x86_64-redhat-linux/12.2.0/../../../../lib64/:/lib/../lib64/:/usr/lib/../lib64/:/opt/apps/gcc/12.2.0/lib/gcc/x86_64-redhat-linux/12.2.0/../../../:/lib/:/usr/lib/
COLLECT_GCC_OPTIONS='-v' '-o' 'cmTC_4e9a6' '-shared-libgcc' '-mtune=generic' '-march=x86-64' '-dumpdir' 'cmTC_4e9a6.'
 /opt/apps/gcc/12.2.0/libexec/gcc/x86_64-redhat-linux/12.2.0/collect2 -plugin /opt/apps/gcc/12.2.0/libexec/gcc/x86_64-redhat-linux/12.2.0/liblto_plugin.so -plugin-opt=/opt/apps/gcc/12.2.0/libexec/gcc/x86_64-redhat-linux/12.2.0/lto-wrapper -plugin-opt=-fresolution=/tmp/ccvoNH6d.res -plugin-opt=-pass-through=-lgcc_s -plugin-opt=-pass-through=-lgcc -plugin-opt=-pass-through=-lc -plugin-opt=-pass-through=-lgcc_s -plugin-opt=-pass-through=-lgcc --build-id --eh-frame-hdr --hash-style=gnu -m elf_x86_64 -dynamic-linker /lib64/ld-linux-x86-64.so.2 -o cmTC_4e9a6 /lib/../lib64/crt1.o /lib/../lib64/crti.o /opt/apps/gcc/12.2.0/lib/gcc/x86_64-redhat-linux/12.2.0/crtbegin.o -L/opt/apps/gcc/12.2.0/lib/gcc/x86_64-redhat-linux/12.2.0 -L/opt/apps/gcc/12.2.0/lib/gcc/x86_64-redhat-linux/12.2.0/../../../../lib64 -L/lib/../lib64 -L/usr/lib/../lib64 -L/opt/apps/gcc/12.2.0/lib/gcc/x86_64-redhat-linux/12.2.0/../../.. CMakeFiles/cmTC_4e9a6.dir/CMakeCXXCompilerABI.cpp.o -lstdc++ -lm -lgcc_s -lgcc -lc -lgcc_s -lgcc /opt/apps/gcc/12.2.0/lib/gcc/x86_64-redhat-linux/12.2.0/crtend.o /lib/../lib64/crtn.o
COLLECT_GCC_OPTIONS='-v' '-o' 'cmTC_4e9a6' '-shared-libgcc' '-mtune=generic' '-march=x86-64' '-dumpdir' 'cmTC_4e9a6.'
gmake[1]: Leaving directory '/work/maxwell/vascpp/build/CMakeFiles/CMakeScratch/TryCompile-qOI1GN'



Parsed CXX implicit include dir info from above output: rv=done
  found start of include info
  found start of implicit include info
    add: [/opt/apps/hwloc/2.7.1/include]
    add: [/opt/apps/openmpi/4.1.4/include]
    add: [/opt/apps/szip/2.1.1/include]
    add: [/opt/apps/zlib/1.2.12/include]
    add: [/opt/apps/hdf5/1.13.1/include]
    add: [/opt/apps/gcc/12.2.0/lib/gcc/x86_64-redhat-linux/12.2.0/../../../../include/c++/12.2.0]
    add: [/opt/apps/gcc/12.2.0/lib/gcc/x86_64-redhat-linux/12.2.0/../../../../include/c++/12.2.0/x86_64-redhat-linux]
    add: [/opt/apps/gcc/12.2.0/lib/gcc/x86_64-redhat-linux/12.2.0/../../../../include/c++/12.2.0/backward]
    add: [/opt/apps/gcc/12.2.0/lib/gcc/x86_64-redhat-linux/12.2.0/include]
    add: [/usr/local/include]
    add: [/opt/apps/gcc/12.2.0/include]
    add: [/opt/apps/gcc/12.2.0/lib/gcc/x86_64-redhat-linux/12.2.0/include-fixed]
    add: [/usr/include]
  end of search list found
  collapse include dir [/opt/apps/hwloc/2.7.1/include] ==> [/opt/apps/hwloc/2.7.1/include]
  collapse include dir [/opt/apps/openmpi/4.1.4/include] ==> [/opt/apps/openmpi/4.1.4/include]
  collapse include dir [/opt/apps/szip/2.1.1/include] ==> [/opt/apps/szip/2.1.1/include]
  collapse include dir [/opt/apps/zlib/1.2.12/include] ==> [/opt/apps/zlib/1.2.12/include]
  collapse include dir [/opt/apps/hdf5/1.13.1/include] ==> [/opt/apps/hdf5/1.13.1/include]
  collapse include dir [/opt/apps/gcc/12.2.0/lib/gcc/x86_64-redhat-linux/12.2.0/../../../../include/c++/12.2.0] ==> [/opt/apps/gcc/12.2.0/include/c++/12.2.0]
  collapse include dir [/opt/apps/gcc/12.2.0/lib/gcc/x86_64-redhat-linux/12.2.0/../../../../include/c++/12.2.0/x86_64-redhat-linux] ==> [/opt/apps/gcc/12.2.0/include/c++/12.2.0/x86_64-redhat-linux]
  collapse include dir [/opt/apps/gcc/12.2.0/lib/gcc/x86_64-redhat-linux/12.2.0/../../../../include/c++/12.2.0/backward] ==> [/opt/apps/gcc/12.2.0/include/c++/12.2.0/backward]
  collapse include dir [/opt/apps/gcc/12.2.0/lib/gcc/x86_64-redhat-linux/12.2.0/include] ==> [/opt/apps/gcc/12.2.0/lib/gcc/x86_64-redhat-linux/12.2.0/include]
  collapse include dir [/usr/local/include] ==> [/usr/local/include]
  collapse include dir [/opt/apps/gcc/12.2.0/include] ==> [/opt/apps/gcc/12.2.0/include]
  collapse include dir [/opt/apps/gcc/12.2.0/lib/gcc/x86_64-redhat-linux/12.2.0/include-fixed] ==> [/opt/apps/gcc/12.2.0/lib/gcc/x86_64-redhat-linux/12.2.0/include-fixed]
  collapse include dir [/usr/include] ==> [/usr/include]
  implicit include dirs: [/opt/apps/hwloc/2.7.1/include;/opt/apps/openmpi/4.1.4/include;/opt/apps/szip/2.1.1/include;/opt/apps/zlib/1.2.12/include;/opt/apps/hdf5/1.13.1/include;/opt/apps/gcc/12.2.0/include/c++/12.2.0;/opt/apps/gcc/12.2.0/include/c++/12.2.0/x86_64-redhat-linux;/opt/apps/gcc/12.2.0/include/c++/12.2.0/backward;/opt/apps/gcc/12.2.0/lib/gcc/x86_64-redhat-linux/12.2.0/include;/usr/local/include;/opt/apps/gcc/12.2.0/include;/opt/apps/gcc/12.2.0/lib/gcc/x86_64-redhat-linux/12.2.0/include-fixed;/usr/include]


Parsed CXX implicit link information from above output:
  link line regex: [^( *|.*[/\])(ld|CMAKE_LINK_STARTFILE-NOTFOUND|([^/\]+-)?ld|collect2)[^/\]*( |$)]
  ignore line: [Change Dir: /work/maxwell/vascpp/build/CMakeFiles/CMakeScratch/TryCompile-qOI1GN]
  ignore line: []
  ignore line: [Run Build Command(s):/usr/bin/gmake -f Makefile cmTC_4e9a6/fast && /usr/bin/gmake  -f CMakeFiles/cmTC_4e9a6.dir/build.make CMakeFiles/cmTC_4e9a6.dir/build]
  ignore line: [gmake[1]: Entering directory '/work/maxwell/vascpp/build/CMakeFiles/CMakeScratch/TryCompile-qOI1GN']
  ignore line: [Building CXX object CMakeFiles/cmTC_4e9a6.dir/CMakeCXXCompilerABI.cpp.o]
  ignore line: [/opt/apps/gcc/12.2.0/bin/g++   -v -o CMakeFiles/cmTC_4e9a6.dir/CMakeCXXCompilerABI.cpp.o -c /work/maxwell/spack/opt/spack/linux-rhel8-skylake_avx512/gcc-8.5.0/cmake-3.25.1-xpn7zpwm47iwkcvb5aj42lcric732l3z/share/cmake-3.25/Modules/CMakeCXXCompilerABI.cpp]
  ignore line: [Using built-in specs.]
  ignore line: [COLLECT_GCC=/opt/apps/gcc/12.2.0/bin/g++]
  ignore line: [OFFLOAD_TARGET_NAMES=nvptx-none]
  ignore line: [Target: x86_64-redhat-linux]
  ignore line: [Configured with: ./configure --prefix=/opt/apps/gcc/12.2.0 --with-pkgversion=20220829 --enable-bootstrap --enable-shared --enable-threads=posix --enable-checking=release --with-system-zlib --disable-multilib --enable-languages=c,c++,fortran,lto --enable-plugin --with-linker-hash-style=gnu --disable-libunwind-exceptions --enable-gnu-unique-object --enable-__cxa_atexit --enable-initfini-array --disable-libgcj --enable-linker-build-id --enable-gnu-indirect-function --enable-cet --disable-libmpx --with-isl --with-tune=generic --with-arch_32=x86-64 --build=x86_64-redhat-linux --enable-offload-targets=nvptx-none --enable-libssp --enable-gold=yes --enable-ld=default]
  ignore line: [Thread model: posix]
  ignore line: [Supported LTO compression algorithms: zlib zstd]
  ignore line: [gcc version 12.2.0 (20220829) ]
  ignore line: [COLLECT_GCC_OPTIONS='-v' '-o' 'CMakeFiles/cmTC_4e9a6.dir/CMakeCXXCompilerABI.cpp.o' '-c' '-shared-libgcc' '-mtune=generic' '-march=x86-64' '-dumpdir' 'CMakeFiles/cmTC_4e9a6.dir/']
  ignore line: [ /opt/apps/gcc/12.2.0/libexec/gcc/x86_64-redhat-linux/12.2.0/cc1plus -quiet -v -D_GNU_SOURCE /work/maxwell/spack/opt/spack/linux-rhel8-skylake_avx512/gcc-8.5.0/cmake-3.25.1-xpn7zpwm47iwkcvb5aj42lcric732l3z/share/cmake-3.25/Modules/CMakeCXXCompilerABI.cpp -quiet -dumpdir CMakeFiles/cmTC_4e9a6.dir/ -dumpbase CMakeCXXCompilerABI.cpp.cpp -dumpbase-ext .cpp -mtune=generic -march=x86-64 -version -o /tmp/ccgHCGu6.s]
  ignore line: [GNU C++17 (20220829) version 12.2.0 (x86_64-redhat-linux)]
  ignore line: [	compiled by GNU C version 12.2.0  GMP version 6.2.1  MPFR version 4.1.0  MPC version 1.2.1  isl version isl-0.24-GMP]
  ignore line: []
  ignore line: [GGC heuristics: --param ggc-min-expand=100 --param ggc-min-heapsize=131072]
  ignore line: [ignoring nonexistent directory "/opt/apps/gcc/12.2.0/lib/gcc/x86_64-redhat-linux/12.2.0/../../../../x86_64-redhat-linux/include"]
  ignore line: [ignoring duplicate directory "/opt/apps/gcc/12.2.0/include"]
  ignore line: [  as it is a non-system directory that duplicates a system directory]
  ignore line: [#include "..." search starts here:]
  ignore line: [#include <...> search starts here:]
  ignore line: [ /opt/apps/hwloc/2.7.1/include]
  ignore line: [ /opt/apps/openmpi/4.1.4/include]
  ignore line: [ /opt/apps/szip/2.1.1/include]
  ignore line: [ /opt/apps/zlib/1.2.12/include]
  ignore line: [ /opt/apps/hdf5/1.13.1/include]
  ignore line: [ /opt/apps/gcc/12.2.0/lib/gcc/x86_64-redhat-linux/12.2.0/../../../../include/c++/12.2.0]
  ignore line: [ /opt/apps/gcc/12.2.0/lib/gcc/x86_64-redhat-linux/12.2.0/../../../../include/c++/12.2.0/x86_64-redhat-linux]
  ignore line: [ /opt/apps/gcc/12.2.0/lib/gcc/x86_64-redhat-linux/12.2.0/../../../../include/c++/12.2.0/backward]
  ignore line: [ /opt/apps/gcc/12.2.0/lib/gcc/x86_64-redhat-linux/12.2.0/include]
  ignore line: [ /usr/local/include]
  ignore line: [ /opt/apps/gcc/12.2.0/include]
  ignore line: [ /opt/apps/gcc/12.2.0/lib/gcc/x86_64-redhat-linux/12.2.0/include-fixed]
  ignore line: [ /usr/include]
  ignore line: [End of search list.]
  ignore line: [GNU C++17 (20220829) version 12.2.0 (x86_64-redhat-linux)]
  ignore line: [	compiled by GNU C version 12.2.0  GMP version 6.2.1  MPFR version 4.1.0  MPC version 1.2.1  isl version isl-0.24-GMP]
  ignore line: []
  ignore line: [GGC heuristics: --param ggc-min-expand=100 --param ggc-min-heapsize=131072]
  ignore line: [Compiler executable checksum: 85f3c329135555c27a1ea9aa558e4cbb]
  ignore line: [COLLECT_GCC_OPTIONS='-v' '-o' 'CMakeFiles/cmTC_4e9a6.dir/CMakeCXXCompilerABI.cpp.o' '-c' '-shared-libgcc' '-mtune=generic' '-march=x86-64' '-dumpdir' 'CMakeFiles/cmTC_4e9a6.dir/']
  ignore line: [ as -v --64 -o CMakeFiles/cmTC_4e9a6.dir/CMakeCXXCompilerABI.cpp.o /tmp/ccgHCGu6.s]
  ignore line: [GNU assembler version 2.30 (x86_64-redhat-linux) using BFD version version 2.30-117.el8]
  ignore line: [COMPILER_PATH=/opt/apps/gcc/12.2.0/libexec/gcc/x86_64-redhat-linux/12.2.0/:/opt/apps/gcc/12.2.0/libexec/gcc/x86_64-redhat-linux/12.2.0/:/opt/apps/gcc/12.2.0/libexec/gcc/x86_64-redhat-linux/:/opt/apps/gcc/12.2.0/lib/gcc/x86_64-redhat-linux/12.2.0/:/opt/apps/gcc/12.2.0/lib/gcc/x86_64-redhat-linux/]
  ignore line: [LIBRARY_PATH=/opt/apps/gcc/12.2.0/lib/gcc/x86_64-redhat-linux/12.2.0/:/opt/apps/gcc/12.2.0/lib/gcc/x86_64-redhat-linux/12.2.0/../../../../lib64/:/lib/../lib64/:/usr/lib/../lib64/:/opt/apps/gcc/12.2.0/lib/gcc/x86_64-redhat-linux/12.2.0/../../../:/lib/:/usr/lib/]
  ignore line: [COLLECT_GCC_OPTIONS='-v' '-o' 'CMakeFiles/cmTC_4e9a6.dir/CMakeCXXCompilerABI.cpp.o' '-c' '-shared-libgcc' '-mtune=generic' '-march=x86-64' '-dumpdir' 'CMakeFiles/cmTC_4e9a6.dir/CMakeCXXCompilerABI.cpp.']
  ignore line: [Linking CXX executable cmTC_4e9a6]
  ignore line: [/work/maxwell/spack/opt/spack/linux-rhel8-skylake_avx512/gcc-8.5.0/cmake-3.25.1-xpn7zpwm47iwkcvb5aj42lcric732l3z/bin/cmake -E cmake_link_script CMakeFiles/cmTC_4e9a6.dir/link.txt --verbose=1]
  ignore line: [/opt/apps/gcc/12.2.0/bin/g++  -v CMakeFiles/cmTC_4e9a6.dir/CMakeCXXCompilerABI.cpp.o -o cmTC_4e9a6 ]
  ignore line: [Using built-in specs.]
  ignore line: [COLLECT_GCC=/opt/apps/gcc/12.2.0/bin/g++]
  ignore line: [COLLECT_LTO_WRAPPER=/opt/apps/gcc/12.2.0/libexec/gcc/x86_64-redhat-linux/12.2.0/lto-wrapper]
  ignore line: [OFFLOAD_TARGET_NAMES=nvptx-none]
  ignore line: [Target: x86_64-redhat-linux]
  ignore line: [Configured with: ./configure --prefix=/opt/apps/gcc/12.2.0 --with-pkgversion=20220829 --enable-bootstrap --enable-shared --enable-threads=posix --enable-checking=release --with-system-zlib --disable-multilib --enable-languages=c,c++,fortran,lto --enable-plugin --with-linker-hash-style=gnu --disable-libunwind-exceptions --enable-gnu-unique-object --enable-__cxa_atexit --enable-initfini-array --disable-libgcj --enable-linker-build-id --enable-gnu-indirect-function --enable-cet --disable-libmpx --with-isl --with-tune=generic --with-arch_32=x86-64 --build=x86_64-redhat-linux --enable-offload-targets=nvptx-none --enable-libssp --enable-gold=yes --enable-ld=default]
  ignore line: [Thread model: posix]
  ignore line: [Supported LTO compression algorithms: zlib zstd]
  ignore line: [gcc version 12.2.0 (20220829) ]
  ignore line: [COMPILER_PATH=/opt/apps/gcc/12.2.0/libexec/gcc/x86_64-redhat-linux/12.2.0/:/opt/apps/gcc/12.2.0/libexec/gcc/x86_64-redhat-linux/12.2.0/:/opt/apps/gcc/12.2.0/libexec/gcc/x86_64-redhat-linux/:/opt/apps/gcc/12.2.0/lib/gcc/x86_64-redhat-linux/12.2.0/:/opt/apps/gcc/12.2.0/lib/gcc/x86_64-redhat-linux/]
  ignore line: [LIBRARY_PATH=/opt/apps/gcc/12.2.0/lib/gcc/x86_64-redhat-linux/12.2.0/:/opt/apps/gcc/12.2.0/lib/gcc/x86_64-redhat-linux/12.2.0/../../../../lib64/:/lib/../lib64/:/usr/lib/../lib64/:/opt/apps/gcc/12.2.0/lib/gcc/x86_64-redhat-linux/12.2.0/../../../:/lib/:/usr/lib/]
  ignore line: [COLLECT_GCC_OPTIONS='-v' '-o' 'cmTC_4e9a6' '-shared-libgcc' '-mtune=generic' '-march=x86-64' '-dumpdir' 'cmTC_4e9a6.']
  link line: [ /opt/apps/gcc/12.2.0/libexec/gcc/x86_64-redhat-linux/12.2.0/collect2 -plugin /opt/apps/gcc/12.2.0/libexec/gcc/x86_64-redhat-linux/12.2.0/liblto_plugin.so -plugin-opt=/opt/apps/gcc/12.2.0/libexec/gcc/x86_64-redhat-linux/12.2.0/lto-wrapper -plugin-opt=-fresolution=/tmp/ccvoNH6d.res -plugin-opt=-pass-through=-lgcc_s -plugin-opt=-pass-through=-lgcc -plugin-opt=-pass-through=-lc -plugin-opt=-pass-through=-lgcc_s -plugin-opt=-pass-through=-lgcc --build-id --eh-frame-hdr --hash-style=gnu -m elf_x86_64 -dynamic-linker /lib64/ld-linux-x86-64.so.2 -o cmTC_4e9a6 /lib/../lib64/crt1.o /lib/../lib64/crti.o /opt/apps/gcc/12.2.0/lib/gcc/x86_64-redhat-linux/12.2.0/crtbegin.o -L/opt/apps/gcc/12.2.0/lib/gcc/x86_64-redhat-linux/12.2.0 -L/opt/apps/gcc/12.2.0/lib/gcc/x86_64-redhat-linux/12.2.0/../../../../lib64 -L/lib/../lib64 -L/usr/lib/../lib64 -L/opt/apps/gcc/12.2.0/lib/gcc/x86_64-redhat-linux/12.2.0/../../.. CMakeFiles/cmTC_4e9a6.dir/CMakeCXXCompilerABI.cpp.o -lstdc++ -lm -lgcc_s -lgcc -lc -lgcc_s -lgcc /opt/apps/gcc/12.2.0/lib/gcc/x86_64-redhat-linux/12.2.0/crtend.o /lib/../lib64/crtn.o]
    arg [/opt/apps/gcc/12.2.0/libexec/gcc/x86_64-redhat-linux/12.2.0/collect2] ==> ignore
    arg [-plugin] ==> ignore
    arg [/opt/apps/gcc/12.2.0/libexec/gcc/x86_64-redhat-linux/12.2.0/liblto_plugin.so] ==> ignore
    arg [-plugin-opt=/opt/apps/gcc/12.2.0/libexec/gcc/x86_64-redhat-linux/12.2.0/lto-wrapper] ==> ignore
    arg [-plugin-opt=-fresolution=/tmp/ccvoNH6d.res] ==> ignore
    arg [-plugin-opt=-pass-through=-lgcc_s] ==> ignore
    arg [-plugin-opt=-pass-through=-lgcc] ==> ignore
    arg [-plugin-opt=-pass-through=-lc] ==> ignore
    arg [-plugin-opt=-pass-through=-lgcc_s] ==> ignore
    arg [-plugin-opt=-pass-through=-lgcc] ==> ignore
    arg [--build-id] ==> ignore
    arg [--eh-frame-hdr] ==> ignore
    arg [--hash-style=gnu] ==> ignore
    arg [-m] ==> ignore
    arg [elf_x86_64] ==> ignore
    arg [-dynamic-linker] ==> ignore
    arg [/lib64/ld-linux-x86-64.so.2] ==> ignore
    arg [-o] ==> ignore
    arg [cmTC_4e9a6] ==> ignore
    arg [/lib/../lib64/crt1.o] ==> obj [/lib/../lib64/crt1.o]
    arg [/lib/../lib64/crti.o] ==> obj [/lib/../lib64/crti.o]
    arg [/opt/apps/gcc/12.2.0/lib/gcc/x86_64-redhat-linux/12.2.0/crtbegin.o] ==> obj [/opt/apps/gcc/12.2.0/lib/gcc/x86_64-redhat-linux/12.2.0/crtbegin.o]
    arg [-L/opt/apps/gcc/12.2.0/lib/gcc/x86_64-redhat-linux/12.2.0] ==> dir [/opt/apps/gcc/12.2.0/lib/gcc/x86_64-redhat-linux/12.2.0]
    arg [-L/opt/apps/gcc/12.2.0/lib/gcc/x86_64-redhat-linux/12.2.0/../../../../lib64] ==> dir [/opt/apps/gcc/12.2.0/lib/gcc/x86_64-redhat-linux/12.2.0/../../../../lib64]
    arg [-L/lib/../lib64] ==> dir [/lib/../lib64]
    arg [-L/usr/lib/../lib64] ==> dir [/usr/lib/../lib64]
    arg [-L/opt/apps/gcc/12.2.0/lib/gcc/x86_64-redhat-linux/12.2.0/../../..] ==> dir [/opt/apps/gcc/12.2.0/lib/gcc/x86_64-redhat-linux/12.2.0/../../..]
    arg [CMakeFiles/cmTC_4e9a6.dir/CMakeCXXCompilerABI.cpp.o] ==> ignore
    arg [-lstdc++] ==> lib [stdc++]
    arg [-lm] ==> lib [m]
    arg [-lgcc_s] ==> lib [gcc_s]
    arg [-lgcc] ==> lib [gcc]
    arg [-lc] ==> lib [c]
    arg [-lgcc_s] ==> lib [gcc_s]
    arg [-lgcc] ==> lib [gcc]
    arg [/opt/apps/gcc/12.2.0/lib/gcc/x86_64-redhat-linux/12.2.0/crtend.o] ==> obj [/opt/apps/gcc/12.2.0/lib/gcc/x86_64-redhat-linux/12.2.0/crtend.o]
    arg [/lib/../lib64/crtn.o] ==> obj [/lib/../lib64/crtn.o]
  collapse obj [/lib/../lib64/crt1.o] ==> [/lib64/crt1.o]
  collapse obj [/lib/../lib64/crti.o] ==> [/lib64/crti.o]
  collapse obj [/lib/../lib64/crtn.o] ==> [/lib64/crtn.o]
  collapse library dir [/opt/apps/gcc/12.2.0/lib/gcc/x86_64-redhat-linux/12.2.0] ==> [/opt/apps/gcc/12.2.0/lib/gcc/x86_64-redhat-linux/12.2.0]
  collapse library dir [/opt/apps/gcc/12.2.0/lib/gcc/x86_64-redhat-linux/12.2.0/../../../../lib64] ==> [/opt/apps/gcc/12.2.0/lib64]
  collapse library dir [/lib/../lib64] ==> [/lib64]
  collapse library dir [/usr/lib/../lib64] ==> [/usr/lib64]
  collapse library dir [/opt/apps/gcc/12.2.0/lib/gcc/x86_64-redhat-linux/12.2.0/../../..] ==> [/opt/apps/gcc/12.2.0/lib]
  implicit libs: [stdc++;m;gcc_s;gcc;c;gcc_s;gcc]
  implicit objs: [/lib64/crt1.o;/lib64/crti.o;/opt/apps/gcc/12.2.0/lib/gcc/x86_64-redhat-linux/12.2.0/crtbegin.o;/opt/apps/gcc/12.2.0/lib/gcc/x86_64-redhat-linux/12.2.0/crtend.o;/lib64/crtn.o]
  implicit dirs: [/opt/apps/gcc/12.2.0/lib/gcc/x86_64-redhat-linux/12.2.0;/opt/apps/gcc/12.2.0/lib64;/lib64;/usr/lib64;/opt/apps/gcc/12.2.0/lib]
  implicit fwks: []


