
SCALING RUN 1

--------------------------------------------------------------------------
WARNING: There was an error initializing an OpenFabrics device.

  Local host:   medusa00
  Local device: mlx4_0
--------------------------------------------------------------------------
--------------------------------------------------------------------------
WARNING: There was an error initializing an OpenFabrics device.

  Local host:   medusa11
  Local device: mlx4_0
--------------------------------------------------------------------------
--------------------------------------------------------------------------
WARNING: There was an error initializing an OpenFabrics device.

  Local host:   medusa03
  Local device: mlx4_0
--------------------------------------------------------------------------
--------------------------------------------------------------------------
WARNING: There was an error initializing an OpenFabrics device.

  Local host:   medusa12
  Local device: mlx4_0
--------------------------------------------------------------------------
--------------------------------------------------------------------------
WARNING: There was an error initializing an OpenFabrics device.

  Local host:   medusa04
  Local device: mlx4_0
--------------------------------------------------------------------------
--------------------------------------------------------------------------
WARNING: There was an error initializing an OpenFabrics device.

  Local host:   medusa15
  Local device: mlx4_0
--------------------------------------------------------------------------
--------------------------------------------------------------------------
WARNING: There was an error initializing an OpenFabrics device.

  Local host:   medusa01
  Local device: mlx4_0
--------------------------------------------------------------------------
--------------------------------------------------------------------------
WARNING: There was an error initializing an OpenFabrics device.

  Local host:   medusa08
  Local device: mlx4_0
--------------------------------------------------------------------------
--------------------------------------------------------------------------
WARNING: There was an error initializing an OpenFabrics device.

  Local host:   medusa06
  Local device: mlx4_0
--------------------------------------------------------------------------
--------------------------------------------------------------------------
WARNING: There was an error initializing an OpenFabrics device.

  Local host:   medusa02
  Local device: mlx4_0
--------------------------------------------------------------------------
--------------------------------------------------------------------------
WARNING: There was an error initializing an OpenFabrics device.

  Local host:   medusa09
  Local device: mlx4_0
--------------------------------------------------------------------------
--------------------------------------------------------------------------
WARNING: There was an error initializing an OpenFabrics device.

  Local host:   medusa10
  Local device: mlx4_0
--------------------------------------------------------------------------
--------------------------------------------------------------------------
WARNING: There was an error initializing an OpenFabrics device.

  Local host:   medusa07
  Local device: mlx4_0
--------------------------------------------------------------------------
--------------------------------------------------------------------------
WARNING: There was an error initializing an OpenFabrics device.

  Local host:   medusa13
  Local device: mlx4_0
--------------------------------------------------------------------------
--------------------------------------------------------------------------
WARNING: There was an error initializing an OpenFabrics device.

  Local host:   medusa05
  Local device: mlx4_0
--------------------------------------------------------------------------
--------------------------------------------------------------------------
WARNING: There was an error initializing an OpenFabrics device.

  Local host:   medusa14
  Local device: mlx4_0
--------------------------------------------------------------------------
Generations: 31
Total Number of Vessels: 4.29497e+09
Root Num Levels = 5
Sub Num Levels = 26
-- Root Network Generation Time: 2.6937e-05 seconds
-- Root Network Export Time: 0.154584 seconds
-- Sub Network Generation Time: 42.1658 seconds
[1674768061.623359] [medusa08:515122:0]          ib_log.c:254  UCX  ERROR ibv_reg_mr(address=0x2030e1be0, length=33554464, access=0xf) failed: Bad address
[1674768061.623380] [medusa08:515122:0]          ucp_mm.c:165  UCX  ERROR failed to register address 0x2030e1be0 mem_type bit 0x1 length 33554464 on md[4]=mlx4_0: Input/output error (md reg_mem_types 0x1)
[1674768061.623384] [medusa08:515122:0]     ucp_request.c:525  UCX  ERROR failed to register user buffer datatype 0x8 address 0x2030e1be0 len 33554464: Input/output error
[medusa08:515122:0:515122]        rndv.c:504  Assertion `status == UCS_OK' failed
==== backtrace (tid: 515122) ====
 0  /lib64/libucs.so.0(ucs_handle_error+0x2dc) [0x7fdc81198edc]
 1  /lib64/libucs.so.0(ucs_fatal_error_message+0xb1) [0x7fdc81195d41]
 2  /lib64/libucs.so.0(ucs_fatal_error_format+0x10f) [0x7fdc81195e5f]
 3  /lib64/libucp.so.0(+0x64c90) [0x7fdc81881c90]
 4  /lib64/libucp.so.0(+0x65874) [0x7fdc81882874]
 5  /lib64/libucp.so.0(ucp_rndv_receive+0x151) [0x7fdc81884a31]
 6  /lib64/libucp.so.0(ucp_tag_rndv_process_rts+0x20a) [0x7fdc818985fa]
 7  /lib64/ucx/libuct_ib.so.0(+0x31ec8) [0x7fdc894bbec8]
 8  /lib64/libucp.so.0(ucp_worker_progress+0x2a) [0x7fdc8185fada]
 9  /opt/apps/openmpi/4.1.4/lib/libopen-pal.so.40(opal_progress+0x2c) [0x7fdc8d6ccf3c]
10  /opt/apps/openmpi/4.1.4/lib/libmpi.so.40(ompi_request_default_wait_all+0xd5) [0x7fdc8ebfe7b5]
11  /opt/apps/openmpi/4.1.4/lib/openmpi/mca_fcoll_vulcan.so(mca_fcoll_vulcan_file_write_all+0x116e) [0x7fdc73a46c0e]
12  /opt/apps/openmpi/4.1.4/lib/libmca_common_ompio.so.41(mca_common_ompio_file_write_at_all+0x49) [0x7fdc81d04819]
13  /opt/apps/openmpi/4.1.4/lib/openmpi/mca_io_ompio.so(mca_io_ompio_file_write_at_all+0x26) [0x7fdc88b3fc16]
14  /opt/apps/openmpi/4.1.4/lib/libmpi.so.40(PMPI_File_write_at_all+0xc8) [0x7fdc8ec27358]
15  /opt/apps/hdf5/1.13.1/lib/libhdf5.so.300(+0x33b67c) [0x7fdc8f86767c]
16  /opt/apps/hdf5/1.13.1/lib/libhdf5.so.300(H5FD_write+0x70) [0x7fdc8f654c40]
17  /opt/apps/hdf5/1.13.1/lib/libhdf5.so.300(H5F__accum_write+0x19c) [0x7fdc8f6341cc]
18  /opt/apps/hdf5/1.13.1/lib/libhdf5.so.300(H5PB_write+0x642) [0x7fdc8f72e182]
19  /opt/apps/hdf5/1.13.1/lib/libhdf5.so.300(H5F_shared_block_write+0x30) [0x7fdc8f63ef40]
20  /opt/apps/hdf5/1.13.1/lib/libhdf5.so.300(H5D__mpio_select_write+0x26) [0x7fdc8f865a46]
21  /opt/apps/hdf5/1.13.1/lib/libhdf5.so.300(+0x32dde6) [0x7fdc8f859de6]
22  /opt/apps/hdf5/1.13.1/lib/libhdf5.so.300(+0x32dee4) [0x7fdc8f859ee4]
23  /opt/apps/hdf5/1.13.1/lib/libhdf5.so.300(H5D__contig_collective_write+0xf) [0x7fdc8f865b1f]
24  /opt/apps/hdf5/1.13.1/lib/libhdf5.so.300(H5D__write+0x5f1) [0x7fdc8f603ba1]
25  /opt/apps/hdf5/1.13.1/lib/libhdf5.so.300(H5VL__native_dataset_write+0x7e) [0x7fdc8f828e4e]
26  /opt/apps/hdf5/1.13.1/lib/libhdf5.so.300(H5VL_dataset_write+0x5c) [0x7fdc8f81584c]
27  /opt/apps/hdf5/1.13.1/lib/libhdf5.so.300(H5Dwrite+0xab) [0x7fdc8f5d66bb]
28  build/vascpp() [0x40b9b6]
29  build/vascpp() [0x40bebf]
30  build/vascpp() [0x40bfcb]
31  build/vascpp() [0x408395]
32  build/vascpp() [0x4087cc]
33  build/vascpp() [0x403188]
34  /lib64/libc.so.6(__libc_start_main+0xe5) [0x7fdc8dc41d85]
35  build/vascpp() [0x404c5e]
=================================
[medusa08:515122] *** Process received signal ***
[medusa08:515122] Signal: Aborted (6)
[medusa08:515122] Signal code:  (-6)
[medusa08:515122] [ 0] /lib64/libpthread.so.0(+0x12cf0)[0x7fdc8dfdfcf0]
[medusa08:515122] [ 1] /lib64/libc.so.6(gsignal+0x10f)[0x7fdc8dc55aff]
[medusa08:515122] [ 2] /lib64/libc.so.6(abort+0x127)[0x7fdc8dc28ea5]
[medusa08:515122] [ 3] /lib64/libucs.so.0(+0x27d46)[0x7fdc81195d46]
[medusa08:515122] [ 4] /lib64/libucs.so.0(ucs_fatal_error_format+0x10f)[0x7fdc81195e5f]
[medusa08:515122] [ 5] /lib64/libucp.so.0(+0x64c90)[0x7fdc81881c90]
[medusa08:515122] [ 6] /lib64/libucp.so.0(+0x65874)[0x7fdc81882874]
[medusa08:515122] [ 7] /lib64/libucp.so.0(ucp_rndv_receive+0x151)[0x7fdc81884a31]
[medusa08:515122] [ 8] /lib64/libucp.so.0(ucp_tag_rndv_process_rts+0x20a)[0x7fdc818985fa]
[medusa08:515122] [ 9] /lib64/ucx/libuct_ib.so.0(+0x31ec8)[0x7fdc894bbec8]
[medusa08:515122] [10] /lib64/libucp.so.0(ucp_worker_progress+0x2a)[0x7fdc8185fada]
[medusa08:515122] [11] /opt/apps/openmpi/4.1.4/lib/libopen-pal.so.40(opal_progress+0x2c)[0x7fdc8d6ccf3c]
[medusa08:515122] [12] /opt/apps/openmpi/4.1.4/lib/libmpi.so.40(ompi_request_default_wait_all+0xd5)[0x7fdc8ebfe7b5]
[medusa08:515122] [13] /opt/apps/openmpi/4.1.4/lib/openmpi/mca_fcoll_vulcan.so(mca_fcoll_vulcan_file_write_all+0x116e)[0x7fdc73a46c0e]
[medusa08:515122] [14] /opt/apps/openmpi/4.1.4/lib/libmca_common_ompio.so.41(mca_common_ompio_file_write_at_all+0x49)[0x7fdc81d04819]
[medusa08:515122] [15] /opt/apps/openmpi/4.1.4/lib/openmpi/mca_io_ompio.so(mca_io_ompio_file_write_at_all+0x26)[0x7fdc88b3fc16]
[medusa08:515122] [16] /opt/apps/openmpi/4.1.4/lib/libmpi.so.40(PMPI_File_write_at_all+0xc8)[0x7fdc8ec27358]
[medusa08:515122] [17] /opt/apps/hdf5/1.13.1/lib/libhdf5.so.300(+0x33b67c)[0x7fdc8f86767c]
[medusa08:515122] [18] /opt/apps/hdf5/1.13.1/lib/libhdf5.so.300(H5FD_write+0x70)[0x7fdc8f654c40]
[medusa08:515122] [19] /opt/apps/hdf5/1.13.1/lib/libhdf5.so.300(H5F__accum_write+0x19c)[0x7fdc8f6341cc]
[medusa08:515122] [20] /opt/apps/hdf5/1.13.1/lib/libhdf5.so.300(H5PB_write+0x642)[0x7fdc8f72e182]
[medusa08:515122] [21] /opt/apps/hdf5/1.13.1/lib/libhdf5.so.300(H5F_shared_block_write+0x30)[0x7fdc8f63ef40]
[medusa08:515122] [22] /opt/apps/hdf5/1.13.1/lib/libhdf5.so.300(H5D__mpio_select_write+0x26)[0x7fdc8f865a46]
[medusa08:515122] [23] /opt/apps/hdf5/1.13.1/lib/libhdf5.so.300(+0x32dde6)[0x7fdc8f859de6]
[medusa08:515122] [24] /opt/apps/hdf5/1.13.1/lib/libhdf5.so.300(+0x32dee4)[0x7fdc8f859ee4]
[medusa08:515122] [25] /opt/apps/hdf5/1.13.1/lib/libhdf5.so.300(H5D__contig_collective_write+0xf)[0x7fdc8f865b1f]
[medusa08:515122] [26] /opt/apps/hdf5/1.13.1/lib/libhdf5.so.300(H5D__write+0x5f1)[0x7fdc8f603ba1]
[medusa08:515122] [27] /opt/apps/hdf5/1.13.1/lib/libhdf5.so.300(H5VL__native_dataset_write+0x7e)[0x7fdc8f828e4e]
[medusa08:515122] [28] /opt/apps/hdf5/1.13.1/lib/libhdf5.so.300(H5VL_dataset_write+0x5c)[0x7fdc8f81584c]
[medusa08:515122] [29] /opt/apps/hdf5/1.13.1/lib/libhdf5.so.300(H5Dwrite+0xab)[0x7fdc8f5d66bb]
[medusa08:515122] *** End of error message ***
[medusa00:398120:0:398120] Caught signal 11 (Segmentation fault: address not mapped to object at address 0x7fbd3e376fd0)
==== backtrace (tid: 398120) ====
 0  /lib64/libucs.so.0(ucs_handle_error+0x2dc) [0x7fc88c49fedc]
 1  /lib64/libucs.so.0(+0x2b0bc) [0x7fc88c4a00bc]
 2  /lib64/libucs.so.0(+0x2b28a) [0x7fc88c4a028a]
 3  /lib64/libc.so.6(+0xd01f8) [0x7fc898f6a1f8]
 4  /usr/lib64/libibverbs/libmlx4-rdmav34.so(+0x4d28) [0x7fc88e04fd28]
 5  /lib64/ucx/libuct_ib.so.0(uct_rc_verbs_ep_am_short+0x112) [0x7fc89474d472]
 6  /lib64/libucp.so.0(+0x76730) [0x7fc88cb9a730]
 7  /lib64/libucp.so.0(ucp_tag_send_nbx+0x627) [0x7fc88cba4957]
 8  /opt/apps/openmpi/4.1.4/lib/openmpi/mca_pml_ucx.so(mca_pml_ucx_isend+0xa1) [0x7fc88ecec771]
 9  /opt/apps/openmpi/4.1.4/lib/openmpi/mca_fcoll_vulcan.so(+0x444d) [0x7fc87f79744d]
10  /opt/apps/openmpi/4.1.4/lib/openmpi/mca_fcoll_vulcan.so(mca_fcoll_vulcan_file_write_all+0x114d) [0x7fc87f799bed]
11  /opt/apps/openmpi/4.1.4/lib/libmca_common_ompio.so.41(mca_common_ompio_file_write_at_all+0x49) [0x7fc88d00b819]
12  /opt/apps/openmpi/4.1.4/lib/openmpi/mca_io_ompio.so(mca_io_ompio_file_write_at_all+0x26) [0x7fc88fd79c16]
13  /opt/apps/openmpi/4.1.4/lib/libmpi.so.40(PMPI_File_write_at_all+0xc8) [0x7fc899eba358]
14  /opt/apps/hdf5/1.13.1/lib/libhdf5.so.300(+0x33b67c) [0x7fc89aafa67c]
15  /opt/apps/hdf5/1.13.1/lib/libhdf5.so.300(H5FD_write+0x70) [0x7fc89a8e7c40]
16  /opt/apps/hdf5/1.13.1/lib/libhdf5.so.300(H5F__accum_write+0x19c) [0x7fc89a8c71cc]
17  /opt/apps/hdf5/1.13.1/lib/libhdf5.so.300(H5PB_write+0x642) [0x7fc89a9c1182]
18  /opt/apps/hdf5/1.13.1/lib/libhdf5.so.300(H5F_shared_block_write+0x30) [0x7fc89a8d1f40]
19  /opt/apps/hdf5/1.13.1/lib/libhdf5.so.300(H5D__mpio_select_write+0x26) [0x7fc89aaf8a46]
20  /opt/apps/hdf5/1.13.1/lib/libhdf5.so.300(+0x32dde6) [0x7fc89aaecde6]
21  /opt/apps/hdf5/1.13.1/lib/libhdf5.so.300(+0x32dee4) [0x7fc89aaecee4]
22  /opt/apps/hdf5/1.13.1/lib/libhdf5.so.300(H5D__contig_collective_write+0xf) [0x7fc89aaf8b1f]
23  /opt/apps/hdf5/1.13.1/lib/libhdf5.so.300(H5D__write+0x5f1) [0x7fc89a896ba1]
24  /opt/apps/hdf5/1.13.1/lib/libhdf5.so.300(H5VL__native_dataset_write+0x7e) [0x7fc89aabbe4e]
25  /opt/apps/hdf5/1.13.1/lib/libhdf5.so.300(H5VL_dataset_write+0x5c) [0x7fc89aaa884c]
26  /opt/apps/hdf5/1.13.1/lib/libhdf5.so.300(H5Dwrite+0xab) [0x7fc89a8696bb]
27  build/vascpp() [0x40b9b6]
28  build/vascpp() [0x40bebf]
29  build/vascpp() [0x40bfcb]
30  build/vascpp() [0x408395]
31  build/vascpp() [0x4087cc]
32  build/vascpp() [0x403188]
33  /lib64/libc.so.6(__libc_start_main+0xe5) [0x7fc898ed4d85]
34  build/vascpp() [0x404c5e]
=================================
[medusa00:398120] *** Process received signal ***
[medusa00:398120] Signal: Segmentation fault (11)
[medusa00:398120] Signal code:  (-6)
[medusa00:398120] Failing at address: 0x33c8d63000061328
[medusa00:398120] [ 0] /lib64/libpthread.so.0(+0x12cf0)[0x7fc899272cf0]
[medusa00:398120] [ 1] /lib64/libc.so.6(+0xd01f8)[0x7fc898f6a1f8]
[medusa00:398120] [ 2] /usr/lib64/libibverbs/libmlx4-rdmav34.so(+0x4d28)[0x7fc88e04fd28]
[medusa00:398120] [ 3] /lib64/ucx/libuct_ib.so.0(uct_rc_verbs_ep_am_short+0x112)[0x7fc89474d472]
[medusa00:398120] [ 4] /lib64/libucp.so.0(+0x76730)[0x7fc88cb9a730]
[medusa00:398120] [ 5] /lib64/libucp.so.0(ucp_tag_send_nbx+0x627)[0x7fc88cba4957]
[medusa00:398120] [ 6] /opt/apps/openmpi/4.1.4/lib/openmpi/mca_pml_ucx.so(mca_pml_ucx_isend+0xa1)[0x7fc88ecec771]
[medusa00:398120] [ 7] /opt/apps/openmpi/4.1.4/lib/openmpi/mca_fcoll_vulcan.so(+0x444d)[0x7fc87f79744d]
[medusa00:398120] [ 8] /opt/apps/openmpi/4.1.4/lib/openmpi/mca_fcoll_vulcan.so(mca_fcoll_vulcan_file_write_all+0x114d)[0x7fc87f799bed]
[medusa00:398120] [ 9] /opt/apps/openmpi/4.1.4/lib/libmca_common_ompio.so.41(mca_common_ompio_file_write_at_all+0x49)[0x7fc88d00b819]
[medusa00:398120] [10] /opt/apps/openmpi/4.1.4/lib/openmpi/mca_io_ompio.so(mca_io_ompio_file_write_at_all+0x26)[0x7fc88fd79c16]
[medusa00:398120] [11] /opt/apps/openmpi/4.1.4/lib/libmpi.so.40(PMPI_File_write_at_all+0xc8)[0x7fc899eba358]
[medusa00:398120] [12] /opt/apps/hdf5/1.13.1/lib/libhdf5.so.300(+0x33b67c)[0x7fc89aafa67c]
[medusa00:398120] [13] /opt/apps/hdf5/1.13.1/lib/libhdf5.so.300(H5FD_write+0x70)[0x7fc89a8e7c40]
[medusa00:398120] [14] /opt/apps/hdf5/1.13.1/lib/libhdf5.so.300(H5F__accum_write+0x19c)[0x7fc89a8c71cc]
[medusa00:398120] [15] /opt/apps/hdf5/1.13.1/lib/libhdf5.so.300(H5PB_write+0x642)[0x7fc89a9c1182]
[medusa00:398120] [16] /opt/apps/hdf5/1.13.1/lib/libhdf5.so.300(H5F_shared_block_write+0x30)[0x7fc89a8d1f40]
[medusa00:398120] [17] /opt/apps/hdf5/1.13.1/lib/libhdf5.so.300(H5D__mpio_select_write+0x26)[0x7fc89aaf8a46]
[medusa00:398120] [18] /opt/apps/hdf5/1.13.1/lib/libhdf5.so.300(+0x32dde6)[0x7fc89aaecde6]
[medusa00:398120] [19] /opt/apps/hdf5/1.13.1/lib/libhdf5.so.300(+0x32dee4)[0x7fc89aaecee4]
[medusa00:398120] [20] /opt/apps/hdf5/1.13.1/lib/libhdf5.so.300(H5D__contig_collective_write+0xf)[0x7fc89aaf8b1f]
[medusa00:398120] [21] /opt/apps/hdf5/1.13.1/lib/libhdf5.so.300(H5D__write+0x5f1)[0x7fc89a896ba1]
[medusa00:398120] [22] /opt/apps/hdf5/1.13.1/lib/libhdf5.so.300(H5VL__native_dataset_write+0x7e)[0x7fc89aabbe4e]
[medusa00:398120] [23] /opt/apps/hdf5/1.13.1/lib/libhdf5.so.300(H5VL_dataset_write+0x5c)[0x7fc89aaa884c]
[medusa00:398120] [24] /opt/apps/hdf5/1.13.1/lib/libhdf5.so.300(H5Dwrite+0xab)[0x7fc89a8696bb]
[medusa00:398120] [25] build/vascpp[0x40b9b6]
[medusa00:398120] [26] build/vascpp[0x40bebf]
[medusa00:398120] [27] build/vascpp[0x40bfcb]
[medusa00:398120] [28] build/vascpp[0x408395]
[medusa00:398120] [29] build/vascpp[0x4087cc]
[medusa00:398120] *** End of error message ***
srun: error: medusa08: task 8: Aborted (core dumped)
srun: error: medusa00: task 0: Segmentation fault (core dumped)
[medusa02:592501:0:592501]       ud_ep.c:278  Fatal: UD endpoint 0x201005050 to <no debug data>: unhandled timeout error
==== backtrace (tid: 592501) ====
 0  /lib64/libucs.so.0(ucs_handle_error+0x2dc) [0x7f8769fd7edc]
 1  /lib64/libucs.so.0(ucs_fatal_error_message+0xb1) [0x7f8769fd4d41]
 2  /lib64/libucs.so.0(ucs_fatal_error_format+0x10f) [0x7f8769fd4e5f]
 3  /lib64/ucx/libuct_ib.so.0(+0x59c50) [0x7f8772429c50]
 4  /lib64/libucs.so.0(+0x2103b) [0x7f8769fce03b]
 5  /lib64/libucp.so.0(ucp_worker_progress+0x2a) [0x7f876a69eada]
 6  /opt/apps/openmpi/4.1.4/lib/libopen-pal.so.40(opal_progress+0x2c) [0x7f8776612f3c]
 7  /opt/apps/openmpi/4.1.4/lib/libmpi.so.40(ompi_request_default_wait_all+0xd5) [0x7f8777b447b5]
 8  /opt/apps/openmpi/4.1.4/lib/openmpi/mca_fcoll_vulcan.so(mca_fcoll_vulcan_file_write_all+0x116e) [0x7f875c8c0c0e]
 9  /opt/apps/openmpi/4.1.4/lib/libmca_common_ompio.so.41(mca_common_ompio_file_write_at_all+0x49) [0x7f876ab43819]
10  /opt/apps/openmpi/4.1.4/lib/openmpi/mca_io_ompio.so(mca_io_ompio_file_write_at_all+0x26) [0x7f8771a85c16]
11  /opt/apps/openmpi/4.1.4/lib/libmpi.so.40(PMPI_File_write_at_all+0xc8) [0x7f8777b6d358]
12  /opt/apps/hdf5/1.13.1/lib/libhdf5.so.300(+0x33b67c) [0x7f87787ad67c]
13  /opt/apps/hdf5/1.13.1/lib/libhdf5.so.300(H5FD_write+0x70) [0x7f877859ac40]
14  /opt/apps/hdf5/1.13.1/lib/libhdf5.so.300(H5F__accum_write+0x19c) [0x7f877857a1cc]
15  /opt/apps/hdf5/1.13.1/lib/libhdf5.so.300(H5PB_write+0x642) [0x7f8778674182]
16  /opt/apps/hdf5/1.13.1/lib/libhdf5.so.300(H5F_shared_block_write+0x30) [0x7f8778584f40]
17  /opt/apps/hdf5/1.13.1/lib/libhdf5.so.300(H5D__mpio_select_write+0x26) [0x7f87787aba46]
18  /opt/apps/hdf5/1.13.1/lib/libhdf5.so.300(+0x32dde6) [0x7f877879fde6]
19  /opt/apps/hdf5/1.13.1/lib/libhdf5.so.300(+0x32dee4) [0x7f877879fee4]
20  /opt/apps/hdf5/1.13.1/lib/libhdf5.so.300(H5D__contig_collective_write+0xf) [0x7f87787abb1f]
21  /opt/apps/hdf5/1.13.1/lib/libhdf5.so.300(H5D__write+0x5f1) [0x7f8778549ba1]
22  /opt/apps/hdf5/1.13.1/lib/libhdf5.so.300(H5VL__native_dataset_write+0x7e) [0x7f877876ee4e]
23  /opt/apps/hdf5/1.13.1/lib/libhdf5.so.300(H5VL_dataset_write+0x5c) [0x7f877875b84c]
24  /opt/apps/hdf5/1.13.1/lib/libhdf5.so.300(H5Dwrite+0xab) [0x7f877851c6bb]
25  build/vascpp() [0x40b9b6]
26  build/vascpp() [0x40bebf]
27  build/vascpp() [0x40bfcb]
28  build/vascpp() [0x408395]
29  build/vascpp() [0x4087cc]
30  build/vascpp() [0x403188]
31  /lib64/libc.so.6(__libc_start_main+0xe5) [0x7f8776b87d85]
32  build/vascpp() [0x404c5e]
=================================
[medusa02:592501] *** Process received signal ***
[medusa02:592501] Signal: Aborted (6)
[medusa02:592501] Signal code:  (-6)
[medusa02:592501] [ 0] /lib64/libpthread.so.0(+0x12cf0)[0x7f8776f25cf0]
[medusa02:592501] [ 1] /lib64/libc.so.6(gsignal+0x10f)[0x7f8776b9baff]
[medusa02:592501] [ 2] /lib64/libc.so.6(abort+0x127)[0x7f8776b6eea5]
[medusa02:592501] [ 3] /lib64/libucs.so.0(+0x27d46)[0x7f8769fd4d46]
[medusa02:592501] [ 4] /lib64/libucs.so.0(ucs_fatal_error_format+0x10f)[0x7f8769fd4e5f]
[medusa02:592501] [ 5] /lib64/ucx/libuct_ib.so.0(+0x59c50)[0x7f8772429c50]
[medusa02:592501] [ 6] /lib64/libucs.so.0(+0x2103b)[0x7f8769fce03b]
[medusa02:592501] [ 7] /lib64/libucp.so.0(ucp_worker_progress+0x2a)[0x7f876a69eada]
[medusa02:592501] [ 8] /opt/apps/openmpi/4.1.4/lib/libopen-pal.so.40(opal_progress+0x2c)[0x7f8776612f3c]
[medusa02:592501] [ 9] /opt/apps/openmpi/4.1.4/lib/libmpi.so.40(ompi_request_default_wait_all+0xd5)[0x7f8777b447b5]
[medusa02:592501] [10] /opt/apps/openmpi/4.1.4/lib/openmpi/mca_fcoll_vulcan.so(mca_fcoll_vulcan_file_write_all+0x116e)[0x7f875c8c0c0e]
[medusa02:592501] [11] /opt/apps/openmpi/4.1.4/lib/libmca_common_ompio.so.41(mca_common_ompio_file_write_at_all+0x49)[0x7f876ab43819]
[medusa02:592501] [12] /opt/apps/openmpi/4.1.4/lib/openmpi/mca_io_ompio.so(mca_io_ompio_file_write_at_all+0x26)[0x7f8771a85c16]
[medusa02:592501] [13] /opt/apps/openmpi/4.1.4/lib/libmpi.so.40(PMPI_File_write_at_all+0xc8)[0x7f8777b6d358]
[medusa02:592501] [14] /opt/apps/hdf5/1.13.1/lib/libhdf5.so.300(+0x33b67c)[0x7f87787ad67c]
[medusa02:592501] [15] /opt/apps/hdf5/1.13.1/lib/libhdf5.so.300(H5FD_write+0x70)[0x7f877859ac40]
[medusa02:592501] [16] /opt/apps/hdf5/1.13.1/lib/libhdf5.so.300(H5F__accum_write+0x19c)[0x7f877857a1cc]
[medusa02:592501] [17] /opt/apps/hdf5/1.13.1/lib/libhdf5.so.300(H5PB_write+0x642)[0x7f8778674182]
[medusa02:592501] [18] /opt/apps/hdf5/1.13.1/lib/libhdf5.so.300(H5F_shared_block_write+0x30)[0x7f8778584f40]
[medusa02:592501] [19] /opt/apps/hdf5/1.13.1/lib/libhdf5.so.300(H5D__mpio_select_write+0x26)[0x7f87787aba46]
[medusa02:592501] [20] /opt/apps/hdf5/1.13.1/lib/libhdf5.so.300(+0x32dde6)[0x7f877879fde6]
[medusa02:592501] [21] /opt/apps/hdf5/1.13.1/lib/libhdf5.so.300(+0x32dee4)[0x7f877879fee4]
[medusa02:592501] [22] /opt/apps/hdf5/1.13.1/lib/libhdf5.so.300(H5D__contig_collective_write+0xf)[0x7f87787abb1f]
[medusa02:592501] [23] /opt/apps/hdf5/1.13.1/lib/libhdf5.so.300(H5D__write+0x5f1)[0x7f8778549ba1]
[medusa02:592501] [24] /opt/apps/hdf5/1.13.1/lib/libhdf5.so.300(H5VL__native_dataset_write+0x7e)[0x7f877876ee4e]
[medusa02:592501] [25] /opt/apps/hdf5/1.13.1/lib/libhdf5.so.300(H5VL_dataset_write+0x5c)[0x7f877875b84c]
[medusa02:592501] [26] /opt/apps/hdf5/1.13.1/lib/libhdf5.so.300(H5Dwrite+0xab)[0x7f877851c6bb]
[medusa02:592501] [27] build/vascpp[0x40b9b6]
[medusa02:592501] [28] build/vascpp[0x40bebf]
[medusa02:592501] [29] build/vascpp[0x40bfcb]
[medusa02:592501] *** End of error message ***
srun: error: medusa02: task 2: Aborted (core dumped)
srun: got SIGCONT
srun: Job step aborted: Waiting up to 32 seconds for job step to finish.
slurmstepd: error: *** JOB 46846 ON medusa00 CANCELLED AT 2023-01-26T15:24:03 ***
srun: forcing job termination
