\SCALING RUN 1

--------------------------------------------------------------------------
WARNING: There was an error initializing an OpenFabrics device.

  Local host:   medusa04
  Local device: mlx4_0
--------------------------------------------------------------------------
--------------------------------------------------------------------------
WARNING: There was an error initializing an OpenFabrics device.

  Local host:   medusa06
  Local device: mlx4_0
--------------------------------------------------------------------------
--------------------------------------------------------------------------
WARNING: There was an error initializing an OpenFabrics device.

  Local host:   medusa07
  Local device: mlx4_0
--------------------------------------------------------------------------
--------------------------------------------------------------------------
WARNING: There was an error initializing an OpenFabrics device.

  Local host:   medusa05
  Local device: mlx4_0
--------------------------------------------------------------------------
Generations: 25
Total Number of Vessels: 6.71089e+07
Root Num Levels = 3
Sub Num Levels = 22
-- Root Network Generation Time: 2.5862e-05 seconds
-- Root Network Export Time: 0.111164 seconds
-- Sub Network Generation Time: 2.84452 seconds
-- Sub Network Export Time: 10.0049 seconds
-- Total Network Generation Time: 13.4662 seconds
