\SCALING RUN 1

--------------------------------------------------------------------------
WARNING: There was an error initializing an OpenFabrics device.

  Local host:   medusa04
  Local device: mlx4_0
--------------------------------------------------------------------------
--------------------------------------------------------------------------
WARNING: There was an error initializing an OpenFabrics device.

  Local host:   medusa06
  Local device: mlx4_0
--------------------------------------------------------------------------
--------------------------------------------------------------------------
WARNING: There was an error initializing an OpenFabrics device.

  Local host:   medusa05
  Local device: mlx4_0
--------------------------------------------------------------------------
--------------------------------------------------------------------------
WARNING: There was an error initializing an OpenFabrics device.

  Local host:   medusa07
  Local device: mlx4_0
--------------------------------------------------------------------------
Generations: 25
Total Number of Vessels: 6.71089e+07
Root Num Levels = 3
Sub Num Levels = 22
-- Root Network Generation Time: 2.3229e-05 seconds
-- Root Network Export Time: 0.039957 seconds
-- Sub Network Generation Time: 2.63373 seconds
-- Sub Network Export Time: 9.76672 seconds
-- Total Network Generation Time: 12.9491 seconds
