
SCALING RUN 1

--------------------------------------------------------------------------
WARNING: There was an error initializing an OpenFabrics device.

  Local host:   medusa01
  Local device: mlx4_0
--------------------------------------------------------------------------
--------------------------------------------------------------------------
WARNING: There was an error initializing an OpenFabrics device.

  Local host:   medusa08
  Local device: mlx4_0
--------------------------------------------------------------------------
--------------------------------------------------------------------------
WARNING: There was an error initializing an OpenFabrics device.

  Local host:   medusa05
  Local device: mlx4_0
--------------------------------------------------------------------------
--------------------------------------------------------------------------
WARNING: There was an error initializing an OpenFabrics device.

  Local host:   medusa07
  Local device: mlx4_0
--------------------------------------------------------------------------
--------------------------------------------------------------------------
WARNING: There was an error initializing an OpenFabrics device.

  Local host:   medusa03
  Local device: mlx4_0
--------------------------------------------------------------------------
--------------------------------------------------------------------------
WARNING: There was an error initializing an OpenFabrics device.

  Local host:   medusa06
  Local device: mlx4_0
--------------------------------------------------------------------------
--------------------------------------------------------------------------
WARNING: There was an error initializing an OpenFabrics device.

  Local host:   medusa04
  Local device: mlx4_0
--------------------------------------------------------------------------
--------------------------------------------------------------------------
WARNING: There was an error initializing an OpenFabrics device.

  Local host:   medusa02
  Local device: mlx4_0
--------------------------------------------------------------------------
Generations: 27
Total Number of Vessels: 2.68435e+08
Root Num Levels = 4
Sub Num Levels = 23
-- Root Network Generation Time: 2.8576e-05 seconds
-- Root Network Export Time: 0.213765 seconds
-- Sub Network Generation Time: 5.21383 seconds
-- Sub Network Export Time: 32.7909 seconds
-- Total Network Generation Time: 39.2282 seconds

SCALING RUN 2

--------------------------------------------------------------------------
WARNING: There was an error initializing an OpenFabrics device.

  Local host:   medusa07
  Local device: mlx4_0
--------------------------------------------------------------------------
--------------------------------------------------------------------------
WARNING: There was an error initializing an OpenFabrics device.

  Local host:   medusa01
  Local device: mlx4_0
--------------------------------------------------------------------------
--------------------------------------------------------------------------
WARNING: There was an error initializing an OpenFabrics device.

  Local host:   medusa08
  Local device: mlx4_0
--------------------------------------------------------------------------
--------------------------------------------------------------------------
WARNING: There was an error initializing an OpenFabrics device.

  Local host:   medusa05
  Local device: mlx4_0
--------------------------------------------------------------------------
--------------------------------------------------------------------------
WARNING: There was an error initializing an OpenFabrics device.

  Local host:   medusa04
  Local device: mlx4_0
--------------------------------------------------------------------------
--------------------------------------------------------------------------
WARNING: There was an error initializing an OpenFabrics device.

  Local host:   medusa02
  Local device: mlx4_0
--------------------------------------------------------------------------
--------------------------------------------------------------------------
WARNING: There was an error initializing an OpenFabrics device.

  Local host:   medusa03
  Local device: mlx4_0
--------------------------------------------------------------------------
--------------------------------------------------------------------------
WARNING: There was an error initializing an OpenFabrics device.

  Local host:   medusa06
  Local device: mlx4_0
--------------------------------------------------------------------------
Generations: 27
Total Number of Vessels: 2.68435e+08
Root Num Levels = 4
Sub Num Levels = 23
-- Root Network Generation Time: 3.3463e-05 seconds
-- Root Network Export Time: 0.140445 seconds
-- Sub Network Generation Time: 5.21448 seconds
-- Sub Network Export Time: 33.7608 seconds
-- Total Network Generation Time: 40.1372 seconds
